[0.016s] Invoking command in '/home/epriauto/ros2_ws/unilidar_l1/unitree_lidar_pointlio/build/unitree_lidar_pointlio': CMAKE_PREFIX_PATH=/opt/ros/humble /usr/bin/cmake /home/epriauto/ros2_ws/unilidar_l1/unitree_lidar_pointlio/src/unitree_lidar_pointlio -DAMENT_CMAKE_SYMLINK_INSTALL=1 -DCMAKE_INSTALL_PREFIX=/home/epriauto/ros2_ws/unilidar_l1/unitree_lidar_pointlio/install/unitree_lidar_pointlio
[0.159s] -- The C compiler identification is GNU 11.4.0
[0.270s] -- The CXX compiler identification is GNU 11.4.0
[0.290s] -- Detecting C compiler ABI info
[0.427s] -- Detecting C compiler ABI info - done
[0.443s] -- Check for working C compiler: /usr/bin/cc - skipped
[0.444s] -- Detecting C compile features
[0.446s] -- Detecting C compile features - done
[0.455s] -- Detecting CXX compiler ABI info
[0.601s] -- Detecting CXX compiler ABI info - done
[0.620s] -- Check for working CXX compiler: /usr/bin/c++ - skipped
[0.621s] -- Detecting CXX compile features
[0.623s] -- Detecting CXX compile features - done
[0.625s] -- Current CPU architecture: aarch64
[0.633s] -- Found ament_cmake: 1.3.11 (/opt/ros/humble/share/ament_cmake/cmake)
[0.931s] -- Found Python3: /usr/bin/python3 (found version "3.10.12") found components: Interpreter 
[1.061s] -- Override CMake install command with custom implementation using symlinks instead of copying resources
[1.133s] -- Found rclcpp: 16.0.11 (/opt/ros/humble/share/rclcpp/cmake)
[1.213s] -- Found rosidl_generator_c: 3.1.6 (/opt/ros/humble/share/rosidl_generator_c/cmake)
[1.221s] -- Found rosidl_adapter: 3.1.6 (/opt/ros/humble/share/rosidl_adapter/cmake)
[1.235s] -- Found rosidl_generator_cpp: 3.1.6 (/opt/ros/humble/share/rosidl_generator_cpp/cmake)
[1.256s] -- Using all available rosidl_typesupport_c: rosidl_typesupport_fastrtps_c;rosidl_typesupport_introspection_c
[1.283s] -- Using all available rosidl_typesupport_cpp: rosidl_typesupport_fastrtps_cpp;rosidl_typesupport_introspection_cpp
[1.355s] -- Found rmw_implementation_cmake: 6.1.2 (/opt/ros/humble/share/rmw_implementation_cmake/cmake)
[1.359s] -- Found rmw_fastrtps_cpp: 6.2.7 (/opt/ros/humble/share/rmw_fastrtps_cpp/cmake)
[1.488s] -- Found OpenSSL: /usr/lib/aarch64-linux-gnu/libcrypto.so (found version "3.0.2")  
[1.536s] -- Found FastRTPS: /opt/ros/humble/include  
[1.596s] -- Using RMW implementation 'rmw_fastrtps_cpp' as default
[1.609s] -- Looking for pthread.h
[1.750s] -- Looking for pthread.h - found
[1.751s] -- Performing Test CMAKE_HAVE_LIBC_PTHREAD
[1.893s] -- Performing Test CMAKE_HAVE_LIBC_PTHREAD - Success
[1.895s] -- Found Threads: TRUE  
[2.011s] -- Found rclpy: 3.3.15 (/opt/ros/humble/share/rclpy/cmake)
[2.012s] -- Found geometry_msgs: 4.2.4 (/opt/ros/humble/share/geometry_msgs/cmake)
[2.038s] -- Found nav_msgs: 4.2.4 (/opt/ros/humble/share/nav_msgs/cmake)
[2.068s] -- Found sensor_msgs: 4.2.4 (/opt/ros/humble/share/sensor_msgs/cmake)
[2.097s] -- Found pcl_ros: 2.4.5 (/opt/ros/humble/share/pcl_ros/cmake)
[2.168s] -- Checking for module 'eigen3'
[2.183s] --   Found eigen3, version 3.4.0
[2.231s] -- Found Eigen: /usr/include/eigen3 (Required is at least version "3.1") 
[2.232s] -- Eigen found (include: /usr/include/eigen3, version: 3.4.0)
[2.290s] -- Checking for module 'flann'
[2.308s] --   Found flann, version 1.9.1
[2.379s] -- Found FLANN: /usr/lib/aarch64-linux-gnu/libflann_cpp.so  
[2.379s] -- FLANN found (include: /usr/include, lib: /usr/lib/aarch64-linux-gnu/libflann_cpp.so)
[4.241s] -- Checking for module 'libusb-1.0'
[4.268s] --   Found libusb-1.0, version 1.0.25
[4.336s] -- Found libusb: /usr/lib/aarch64-linux-gnu/libusb-1.0.so  
[4.339s] -- OpenNI found (version: 1.5.4.0, include: /usr/include/ni, lib: /usr/lib/libOpenNI.so;libusb::libusb)
[4.455s] -- OpenNI2 found (version: 2.2.0.33, include: /usr/include/openni2, lib: /usr/lib/aarch64-linux-gnu/libOpenNI2.so;libusb::libusb)
[4.713s] -- Eigen found (include: /usr/include/eigen3, version: 3.4.0)
[4.722s] -- OpenNI found (version: 1.5.4.0, include: /usr/include/ni, lib: /usr/lib/libOpenNI.so;libusb::libusb)
[4.732s] -- OpenNI2 found (version: 2.2.0.33, include: /usr/include/openni2, lib: /usr/lib/aarch64-linux-gnu/libOpenNI2.so;libusb::libusb)
[4.965s] -- Found Qhull version 8.0.2
[5.200s] -- OpenNI found (version: 1.5.4.0, include: /usr/include/ni, lib: /usr/lib/libOpenNI.so;libusb::libusb)
[5.427s] -- Found PCL_COMMON: /usr/lib/aarch64-linux-gnu/libpcl_common.so  
[5.429s] -- Found PCL_KDTREE: /usr/lib/aarch64-linux-gnu/libpcl_kdtree.so  
[5.430s] -- Found PCL_OCTREE: /usr/lib/aarch64-linux-gnu/libpcl_octree.so  
[5.432s] -- Found PCL_SEARCH: /usr/lib/aarch64-linux-gnu/libpcl_search.so  
[5.433s] -- Found PCL_SAMPLE_CONSENSUS: /usr/lib/aarch64-linux-gnu/libpcl_sample_consensus.so  
[5.435s] -- Found PCL_FILTERS: /usr/lib/aarch64-linux-gnu/libpcl_filters.so  
[5.435s] -- Found PCL_2D: /usr/include/pcl-1.12  
[5.436s] -- Found PCL_GEOMETRY: /usr/include/pcl-1.12  
[5.437s] -- Found PCL_IO: /usr/lib/aarch64-linux-gnu/libpcl_io.so  
[5.439s] -- Found PCL_FEATURES: /usr/lib/aarch64-linux-gnu/libpcl_features.so  
[5.440s] -- Found PCL_ML: /usr/lib/aarch64-linux-gnu/libpcl_ml.so  
[5.441s] -- Found PCL_SEGMENTATION: /usr/lib/aarch64-linux-gnu/libpcl_segmentation.so  
[5.443s] -- Found PCL_VISUALIZATION: /usr/lib/aarch64-linux-gnu/libpcl_visualization.so  
[5.445s] -- Found PCL_SURFACE: /usr/lib/aarch64-linux-gnu/libpcl_surface.so  
[5.446s] -- Found PCL_REGISTRATION: /usr/lib/aarch64-linux-gnu/libpcl_registration.so  
[5.448s] -- Found PCL_KEYPOINTS: /usr/lib/aarch64-linux-gnu/libpcl_keypoints.so  
[5.450s] -- Found PCL_TRACKING: /usr/lib/aarch64-linux-gnu/libpcl_tracking.so  
[5.451s] -- Found PCL_RECOGNITION: /usr/lib/aarch64-linux-gnu/libpcl_recognition.so  
[5.453s] -- Found PCL_STEREO: /usr/lib/aarch64-linux-gnu/libpcl_stereo.so  
[5.454s] -- Found PCL_APPS: /usr/lib/aarch64-linux-gnu/libpcl_apps.so  
[5.456s] -- Found PCL_IN_HAND_SCANNER: /usr/include/pcl-1.12  
[5.456s] -- Found PCL_MODELER: /usr/include/pcl-1.12  
[5.457s] -- Found PCL_POINT_CLOUD_EDITOR: /usr/include/pcl-1.12  
[5.459s] -- Found PCL_OUTOFCORE: /usr/lib/aarch64-linux-gnu/libpcl_outofcore.so  
[5.460s] -- Found PCL_PEOPLE: /usr/lib/aarch64-linux-gnu/libpcl_people.so  
[5.511s] -- Found eigen3_cmake_module: 0.1.1 (/opt/ros/humble/share/eigen3_cmake_module/cmake)
[5.513s] -- Found Eigen3: TRUE (found version "3.4.0") 
[5.514s] -- Ensuring Eigen3 include directory is part of orocos-kdl CMake target
[5.670s] -- Found visualization_msgs: 4.2.4 (/opt/ros/humble/share/visualization_msgs/cmake)
[6.373s] -- Found PythonLibs: /usr/lib/aarch64-linux-gnu/libpython3.10.so (found version "3.10.12") 
[6.521s] [31mCMake Error at /opt/ros/humble/share/ament_cmake_core/cmake/core/ament_package_xml.cmake:53 (message):
[6.522s]   ament_package_xml() package name 'unitree_lidar_pointlio' in '/package.xml'
[6.522s]   does not match current PROJECT_NAME 'point_lio'.  You must call project()
[6.522s]   with the same package name before.
[6.522s] Call Stack (most recent call first):
[6.523s]   /opt/ros/humble/share/ament_cmake_core/cmake/core/ament_package.cmake:63 (ament_package_xml)
[6.523s]   CMakeLists.txt:112 (ament_package)
[6.523s] 
[6.523s] [0m
[6.523s] -- Configuring incomplete, errors occurred!
[6.524s] See also "/home/epriauto/ros2_ws/unilidar_l1/unitree_lidar_pointlio/build/unitree_lidar_pointlio/CMakeFiles/CMakeOutput.log".
[6.582s] Invoked command in '/home/epriauto/ros2_ws/unilidar_l1/unitree_lidar_pointlio/build/unitree_lidar_pointlio' returned '1': CMAKE_PREFIX_PATH=/opt/ros/humble /usr/bin/cmake /home/epriauto/ros2_ws/unilidar_l1/unitree_lidar_pointlio/src/unitree_lidar_pointlio -DAMENT_CMAKE_SYMLINK_INSTALL=1 -DCMAKE_INSTALL_PREFIX=/home/epriauto/ros2_ws/unilidar_l1/unitree_lidar_pointlio/install/unitree_lidar_pointlio
