running egg_info
writing ../../build/motor_control/motor_control.egg-info/PKG-INFO
writing dependency_links to ../../build/motor_control/motor_control.egg-info/dependency_links.txt
writing entry points to ../../build/motor_control/motor_control.egg-info/entry_points.txt
writing requirements to ../../build/motor_control/motor_control.egg-info/requires.txt
writing top-level names to ../../build/motor_control/motor_control.egg-info/top_level.txt
reading manifest file '../../build/motor_control/motor_control.egg-info/SOURCES.txt'
adding license file 'LICENSE'
writing manifest file '../../build/motor_control/motor_control.egg-info/SOURCES.txt'
running build
running build_py
copying robotcontrol/robotcontrol.py -> /home/epriauto/ros2_ws/dunker_motor/dunker_motor_ros2/build/motor_control/build/lib/robotcontrol
running install
running install_lib
copying /home/epriauto/ros2_ws/dunker_motor/dunker_motor_ros2/build/motor_control/build/lib/robotcontrol/robotcontrol.py -> /home/epriauto/ros2_ws/dunker_motor/dunker_motor_ros2/install/motor_control/lib/python3.10/site-packages/robotcontrol
byte-compiling /home/epriauto/ros2_ws/dunker_motor/dunker_motor_ros2/install/motor_control/lib/python3.10/site-packages/robotcontrol/robotcontrol.py to robotcontrol.cpython-310.pyc
running install_data
running install_egg_info
removing '/home/epriauto/ros2_ws/dunker_motor/dunker_motor_ros2/install/motor_control/lib/python3.10/site-packages/motor_control-0.0.0-py3.10.egg-info' (and everything under it)
Copying ../../build/motor_control/motor_control.egg-info to /home/epriauto/ros2_ws/dunker_motor/dunker_motor_ros2/install/motor_control/lib/python3.10/site-packages/motor_control-0.0.0-py3.10.egg-info
running install_scripts
Installing controller script to /home/epriauto/ros2_ws/dunker_motor/dunker_motor_ros2/install/motor_control/lib/motor_control
writing list of installed files to '/home/epriauto/ros2_ws/dunker_motor/dunker_motor_ros2/build/motor_control/install.log'
