[1.458s] Invoking command in '/home/epriauto/ros2_ws/dunker_motor/dunker_motor_ros2/src/motor_control': PYTHONPATH=/home/epriauto/ros2_ws/dunker_motor/dunker_motor_ros2/build/motor_control/prefix_override:/usr/lib/python3/dist-packages/colcon_core/task/python/colcon_distutils_commands:/home/epriauto/ros2_ws/dunker_motor/dunker_motor_ros2/install/motor_control/lib/python3.10/site-packages:${PYTHONPATH} /usr/bin/python3 -W ignore:setup.py install is deprecated -W ignore:easy_install command is deprecated setup.py egg_info --egg-base ../../build/motor_control build --build-base /home/epriauto/ros2_ws/dunker_motor/dunker_motor_ros2/build/motor_control/build install --record /home/epriauto/ros2_ws/dunker_motor/dunker_motor_ros2/build/motor_control/install.log --single-version-externally-managed install_data
[1.957s] running egg_info
[1.959s] writing ../../build/motor_control/motor_control.egg-info/PKG-INFO
[1.961s] writing dependency_links to ../../build/motor_control/motor_control.egg-info/dependency_links.txt
[1.961s] writing entry points to ../../build/motor_control/motor_control.egg-info/entry_points.txt
[1.962s] writing requirements to ../../build/motor_control/motor_control.egg-info/requires.txt
[1.962s] writing top-level names to ../../build/motor_control/motor_control.egg-info/top_level.txt
[1.967s] reading manifest file '../../build/motor_control/motor_control.egg-info/SOURCES.txt'
[1.968s] adding license file 'LICENSE'
[1.969s] writing manifest file '../../build/motor_control/motor_control.egg-info/SOURCES.txt'
[1.969s] running build
[1.970s] running build_py
[1.970s] copying robotcontrol/robotcontrol.py -> /home/epriauto/ros2_ws/dunker_motor/dunker_motor_ros2/build/motor_control/build/lib/robotcontrol
[1.972s] running install
[1.974s] running install_lib
[1.980s] copying /home/epriauto/ros2_ws/dunker_motor/dunker_motor_ros2/build/motor_control/build/lib/robotcontrol/robotcontrol.py -> /home/epriauto/ros2_ws/dunker_motor/dunker_motor_ros2/install/motor_control/lib/python3.10/site-packages/robotcontrol
[1.980s] byte-compiling /home/epriauto/ros2_ws/dunker_motor/dunker_motor_ros2/install/motor_control/lib/python3.10/site-packages/robotcontrol/robotcontrol.py to robotcontrol.cpython-310.pyc
[1.981s] running install_data
[1.982s] running install_egg_info
[1.986s] removing '/home/epriauto/ros2_ws/dunker_motor/dunker_motor_ros2/install/motor_control/lib/python3.10/site-packages/motor_control-0.0.0-py3.10.egg-info' (and everything under it)
[1.987s] Copying ../../build/motor_control/motor_control.egg-info to /home/epriauto/ros2_ws/dunker_motor/dunker_motor_ros2/install/motor_control/lib/python3.10/site-packages/motor_control-0.0.0-py3.10.egg-info
[1.989s] running install_scripts
[2.033s] Installing controller script to /home/epriauto/ros2_ws/dunker_motor/dunker_motor_ros2/install/motor_control/lib/motor_control
[2.034s] writing list of installed files to '/home/epriauto/ros2_ws/dunker_motor/dunker_motor_ros2/build/motor_control/install.log'
[2.103s] Invoked command in '/home/epriauto/ros2_ws/dunker_motor/dunker_motor_ros2/src/motor_control' returned '0': PYTHONPATH=/home/epriauto/ros2_ws/dunker_motor/dunker_motor_ros2/build/motor_control/prefix_override:/usr/lib/python3/dist-packages/colcon_core/task/python/colcon_distutils_commands:/home/epriauto/ros2_ws/dunker_motor/dunker_motor_ros2/install/motor_control/lib/python3.10/site-packages:${PYTHONPATH} /usr/bin/python3 -W ignore:setup.py install is deprecated -W ignore:easy_install command is deprecated setup.py egg_info --egg-base ../../build/motor_control build --build-base /home/epriauto/ros2_ws/dunker_motor/dunker_motor_ros2/build/motor_control/build install --record /home/epriauto/ros2_ws/dunker_motor/dunker_motor_ros2/build/motor_control/install.log --single-version-externally-managed install_data
