[0.022s] Invoking command in '/home/epriauto/ros2_ws/camera/build/zed_wrapper': AMENT_PREFIX_PATH=/home/epriauto/ros2_ws/camera/install/zed_components:${AMENT_PREFIX_PATH} CMAKE_PREFIX_PATH=/home/epriauto/ros2_ws/camera/install/zed_components:/opt/ros/humble LD_LIBRARY_PATH=/home/epriauto/ros2_ws/camera/install/zed_components/lib:${LD_LIBRARY_PATH} /usr/bin/cmake /home/epriauto/ros2_ws/camera/src/zed-ros2-wrapper/zed_wrapper -DCMAKE_BUILD_TYPE=Release -DAMENT_CMAKE_SYMLINK_INSTALL=1 -DCMAKE_INSTALL_PREFIX=/home/epriauto/ros2_ws/camera/install/zed_wrapper
[0.133s] -- The C compiler identification is GNU 11.4.0
[0.246s] -- The CXX compiler identification is GNU 11.4.0
[0.266s] -- Detecting C compiler ABI info
[0.409s] -- Detecting C compiler ABI info - done
[0.434s] -- Check for working C compiler: /usr/bin/cc - skipped
[0.435s] -- Detecting C compile features
[0.436s] -- Detecting C compile features - done
[0.446s] -- Detecting CXX compiler ABI info
[0.601s] -- Detecting CXX compiler ABI info - done
[0.627s] -- Check for working CXX compiler: /usr/bin/c++ - skipped
[0.628s] -- Detecting CXX compile features
[0.629s] -- Detecting CXX compile features - done
[0.637s] -- Found ament_cmake_auto: 1.3.11 (/opt/ros/humble/share/ament_cmake_auto/cmake)
[0.971s] -- Found Python3: /usr/bin/python3 (found version "3.10.12") found components: Interpreter 
[1.102s] -- Override CMake install command with custom implementation using symlinks instead of copying resources
[1.412s] -- Found rosidl_generator_c: 3.1.6 (/opt/ros/humble/share/rosidl_generator_c/cmake)
[1.421s] -- Found rosidl_adapter: 3.1.6 (/opt/ros/humble/share/rosidl_adapter/cmake)
[1.435s] -- Found rosidl_generator_cpp: 3.1.6 (/opt/ros/humble/share/rosidl_generator_cpp/cmake)
[1.458s] -- Using all available rosidl_typesupport_c: rosidl_typesupport_fastrtps_c;rosidl_typesupport_introspection_c
[1.483s] -- Using all available rosidl_typesupport_cpp: rosidl_typesupport_fastrtps_cpp;rosidl_typesupport_introspection_cpp
[1.554s] -- Found rmw_implementation_cmake: 6.1.2 (/opt/ros/humble/share/rmw_implementation_cmake/cmake)
[1.557s] -- Found rmw_fastrtps_cpp: 6.2.7 (/opt/ros/humble/share/rmw_fastrtps_cpp/cmake)
[1.684s] -- Found OpenSSL: /usr/lib/aarch64-linux-gnu/libcrypto.so (found version "3.0.2")  
[1.738s] -- Found FastRTPS: /opt/ros/humble/include  
[1.804s] -- Using RMW implementation 'rmw_fastrtps_cpp' as default
[1.817s] -- Looking for pthread.h
[1.945s] -- Looking for pthread.h - found
[1.946s] -- Performing Test CMAKE_HAVE_LIBC_PTHREAD
[2.088s] -- Performing Test CMAKE_HAVE_LIBC_PTHREAD - Success
[2.092s] -- Found Threads: TRUE  
[2.478s] -- Found eigen3_cmake_module: 0.1.1 (/opt/ros/humble/share/eigen3_cmake_module/cmake)
[2.480s] -- Found Eigen3: TRUE (found version "3.4.0") 
[2.481s] -- Ensuring Eigen3 include directory is part of orocos-kdl CMake target
[2.826s] -- Configuring done
[2.839s] -- Generating done
[2.844s] -- Build files have been written to: /home/epriauto/ros2_ws/camera/build/zed_wrapper
[2.873s] Invoked command in '/home/epriauto/ros2_ws/camera/build/zed_wrapper' returned '0': AMENT_PREFIX_PATH=/home/epriauto/ros2_ws/camera/install/zed_components:${AMENT_PREFIX_PATH} CMAKE_PREFIX_PATH=/home/epriauto/ros2_ws/camera/install/zed_components:/opt/ros/humble LD_LIBRARY_PATH=/home/epriauto/ros2_ws/camera/install/zed_components/lib:${LD_LIBRARY_PATH} /usr/bin/cmake /home/epriauto/ros2_ws/camera/src/zed-ros2-wrapper/zed_wrapper -DCMAKE_BUILD_TYPE=Release -DAMENT_CMAKE_SYMLINK_INSTALL=1 -DCMAKE_INSTALL_PREFIX=/home/epriauto/ros2_ws/camera/install/zed_wrapper
[2.878s] Invoking command in '/home/epriauto/ros2_ws/camera/build/zed_wrapper': AMENT_PREFIX_PATH=/home/epriauto/ros2_ws/camera/install/zed_components:${AMENT_PREFIX_PATH} CMAKE_PREFIX_PATH=/home/epriauto/ros2_ws/camera/install/zed_components:/opt/ros/humble LD_LIBRARY_PATH=/home/epriauto/ros2_ws/camera/install/zed_components/lib:${LD_LIBRARY_PATH} /usr/bin/cmake --build /home/epriauto/ros2_ws/camera/build/zed_wrapper -- -j6 -l6
[2.964s] Invoked command in '/home/epriauto/ros2_ws/camera/build/zed_wrapper' returned '0': AMENT_PREFIX_PATH=/home/epriauto/ros2_ws/camera/install/zed_components:${AMENT_PREFIX_PATH} CMAKE_PREFIX_PATH=/home/epriauto/ros2_ws/camera/install/zed_components:/opt/ros/humble LD_LIBRARY_PATH=/home/epriauto/ros2_ws/camera/install/zed_components/lib:${LD_LIBRARY_PATH} /usr/bin/cmake --build /home/epriauto/ros2_ws/camera/build/zed_wrapper -- -j6 -l6
[2.968s] Invoking command in '/home/epriauto/ros2_ws/camera/build/zed_wrapper': AMENT_PREFIX_PATH=/home/epriauto/ros2_ws/camera/install/zed_components:${AMENT_PREFIX_PATH} CMAKE_PREFIX_PATH=/home/epriauto/ros2_ws/camera/install/zed_components:/opt/ros/humble LD_LIBRARY_PATH=/home/epriauto/ros2_ws/camera/install/zed_components/lib:${LD_LIBRARY_PATH} /usr/bin/cmake --install /home/epriauto/ros2_ws/camera/build/zed_wrapper
[2.984s] -- Install configuration: "Release"
[2.985s] -- Execute custom install script
[2.986s] -- Symlinking: /home/epriauto/ros2_ws/camera/install/zed_wrapper/share/zed_wrapper/config/common_mono.yaml
[3.004s] -- Symlinking: /home/epriauto/ros2_ws/camera/install/zed_wrapper/share/zed_wrapper/config/common_stereo.yaml
[3.022s] -- Symlinking: /home/epriauto/ros2_ws/camera/install/zed_wrapper/share/zed_wrapper/config/ffmpeg.yaml
[3.040s] -- Symlinking: /home/epriauto/ros2_ws/camera/install/zed_wrapper/share/zed_wrapper/config/virtual.yaml
[3.059s] -- Symlinking: /home/epriauto/ros2_ws/camera/install/zed_wrapper/share/zed_wrapper/config/zed.yaml
[3.076s] -- Symlinking: /home/epriauto/ros2_ws/camera/install/zed_wrapper/share/zed_wrapper/config/zed2.yaml
[3.095s] -- Symlinking: /home/epriauto/ros2_ws/camera/install/zed_wrapper/share/zed_wrapper/config/zed2i.yaml
[3.113s] -- Symlinking: /home/epriauto/ros2_ws/camera/install/zed_wrapper/share/zed_wrapper/config/zedm.yaml
[3.131s] -- Symlinking: /home/epriauto/ros2_ws/camera/install/zed_wrapper/share/zed_wrapper/config/zedx.yaml
[3.151s] -- Symlinking: /home/epriauto/ros2_ws/camera/install/zed_wrapper/share/zed_wrapper/config/zedxm.yaml
[3.169s] -- Symlinking: /home/epriauto/ros2_ws/camera/install/zed_wrapper/share/zed_wrapper/config/zedxone4k.yaml
[3.188s] -- Symlinking: /home/epriauto/ros2_ws/camera/install/zed_wrapper/share/zed_wrapper/config/zedxonegs.yaml
[3.207s] -- Symlinking: /home/epriauto/ros2_ws/camera/install/zed_wrapper/share/zed_wrapper/urdf/include/materials.urdf.xacro
[3.226s] -- Symlinking: /home/epriauto/ros2_ws/camera/install/zed_wrapper/share/zed_wrapper/urdf/zed_descr.urdf.xacro
[3.245s] -- Symlinking: /home/epriauto/ros2_ws/camera/install/zed_wrapper/share/zed_wrapper/urdf/zed_macro.urdf.xacro
[3.262s] -- Symlinking: /home/epriauto/ros2_ws/camera/install/zed_wrapper/share/zed_wrapper/launch/zed_camera.launch.py
[3.281s] -- Symlinking: /home/epriauto/ros2_ws/camera/install/zed_wrapper/share/ament_index/resource_index/package_run_dependencies/zed_wrapper
[3.298s] -- Symlinking: /home/epriauto/ros2_ws/camera/install/zed_wrapper/share/ament_index/resource_index/parent_prefix_path/zed_wrapper
[3.317s] -- Symlinking: /home/epriauto/ros2_ws/camera/install/zed_wrapper/share/zed_wrapper/environment/ament_prefix_path.sh
[3.335s] -- Symlinking: /home/epriauto/ros2_ws/camera/install/zed_wrapper/share/zed_wrapper/environment/ament_prefix_path.dsv
[3.355s] -- Symlinking: /home/epriauto/ros2_ws/camera/install/zed_wrapper/share/zed_wrapper/environment/path.sh
[3.373s] -- Symlinking: /home/epriauto/ros2_ws/camera/install/zed_wrapper/share/zed_wrapper/environment/path.dsv
[3.389s] -- Symlinking: /home/epriauto/ros2_ws/camera/install/zed_wrapper/share/zed_wrapper/local_setup.bash
[3.407s] -- Symlinking: /home/epriauto/ros2_ws/camera/install/zed_wrapper/share/zed_wrapper/local_setup.sh
[3.426s] -- Symlinking: /home/epriauto/ros2_ws/camera/install/zed_wrapper/share/zed_wrapper/local_setup.zsh
[3.446s] -- Symlinking: /home/epriauto/ros2_ws/camera/install/zed_wrapper/share/zed_wrapper/local_setup.dsv
[3.464s] -- Symlinking: /home/epriauto/ros2_ws/camera/install/zed_wrapper/share/zed_wrapper/package.dsv
[3.482s] -- Symlinking: /home/epriauto/ros2_ws/camera/install/zed_wrapper/share/ament_index/resource_index/packages/zed_wrapper
[3.501s] -- Symlinking: /home/epriauto/ros2_ws/camera/install/zed_wrapper/share/zed_wrapper/cmake/zed_wrapperConfig.cmake
[3.519s] -- Symlinking: /home/epriauto/ros2_ws/camera/install/zed_wrapper/share/zed_wrapper/cmake/zed_wrapperConfig-version.cmake
[3.540s] -- Symlinking: /home/epriauto/ros2_ws/camera/install/zed_wrapper/share/zed_wrapper/package.xml
[3.567s] Invoked command in '/home/epriauto/ros2_ws/camera/build/zed_wrapper' returned '0': AMENT_PREFIX_PATH=/home/epriauto/ros2_ws/camera/install/zed_components:${AMENT_PREFIX_PATH} CMAKE_PREFIX_PATH=/home/epriauto/ros2_ws/camera/install/zed_components:/opt/ros/humble LD_LIBRARY_PATH=/home/epriauto/ros2_ws/camera/install/zed_components/lib:${LD_LIBRARY_PATH} /usr/bin/cmake --install /home/epriauto/ros2_ws/camera/build/zed_wrapper
