[0.313s] DEBUG:colcon:Command line arguments: ['/usr/bin/colcon', 'build', '--symlink-install']
[0.313s] DEBUG:colcon:Parsed command line arguments: Namespace(log_base=None, log_level=None, verb_name='build', build_base='build', install_base='install', merge_install=False, symlink_install=True, test_result_base=None, continue_on_error=False, executor='parallel', parallel_workers=6, event_handlers=None, ignore_user_meta=False, metas=['./colcon.meta'], base_paths=['.'], packages_ignore=None, packages_ignore_regex=None, paths=None, packages_up_to=None, packages_up_to_regex=None, packages_above=None, packages_above_and_dependencies=None, packages_above_depth=None, packages_select_by_dep=None, packages_skip_by_dep=None, packages_skip_up_to=None, packages_select_build_failed=False, packages_skip_build_finished=False, packages_select_test_failures=False, packages_skip_test_passed=False, packages_select=None, packages_skip=None, packages_select_regex=None, packages_skip_regex=None, packages_start=None, packages_end=None, allow_overriding=[], cmake_args=None, cmake_target=None, cmake_target_skip_unavailable=False, cmake_clean_cache=False, cmake_clean_first=False, cmake_force_configure=False, ament_cmake_args=None, catkin_cmake_args=None, catkin_skip_building_tests=False, mixin_files=None, mixin=None, verb_parser=<colcon_mixin.mixin.mixin_argument.MixinArgumentDecorator object at 0xffff83bb5300>, verb_extension=<colcon_core.verb.build.BuildVerb object at 0xffff83bb4d30>, main=<bound method BuildVerb.main of <colcon_core.verb.build.BuildVerb object at 0xffff83bb4d30>>, mixin_verb=('build',))
[0.682s] Level 1:colcon.colcon_core.package_discovery:discover_packages(colcon_meta) check parameters
[0.683s] Level 1:colcon.colcon_core.package_discovery:discover_packages(recursive) check parameters
[0.683s] Level 1:colcon.colcon_core.package_discovery:discover_packages(ignore) check parameters
[0.683s] Level 1:colcon.colcon_core.package_discovery:discover_packages(path) check parameters
[0.683s] Level 1:colcon.colcon_core.package_discovery:discover_packages(colcon_meta) discover
[0.683s] Level 1:colcon.colcon_core.package_discovery:discover_packages(recursive) discover
[0.683s] INFO:colcon.colcon_core.package_discovery:Crawling recursively for packages in '/home/epriauto/ros2_ws/unilidar_l1/unitree_lidar_pointlio'
[0.683s] Level 1:colcon.colcon_core.package_identification:_identify(.) by extensions ['ignore', 'ignore_ament_install']
[0.684s] Level 1:colcon.colcon_core.package_identification:_identify(.) by extension 'ignore'
[0.684s] Level 1:colcon.colcon_core.package_identification:_identify(.) by extension 'ignore_ament_install'
[0.684s] Level 1:colcon.colcon_core.package_identification:_identify(.) by extensions ['colcon_pkg']
[0.684s] Level 1:colcon.colcon_core.package_identification:_identify(.) by extension 'colcon_pkg'
[0.684s] Level 1:colcon.colcon_core.package_identification:_identify(.) by extensions ['colcon_meta']
[0.684s] Level 1:colcon.colcon_core.package_identification:_identify(.) by extension 'colcon_meta'
[0.684s] Level 1:colcon.colcon_core.package_identification:_identify(.) by extensions ['ros']
[0.684s] Level 1:colcon.colcon_core.package_identification:_identify(.) by extension 'ros'
[0.706s] Level 1:colcon.colcon_core.package_identification:_identify(.) by extensions ['cmake', 'python']
[0.706s] Level 1:colcon.colcon_core.package_identification:_identify(.) by extension 'cmake'
[0.706s] Level 1:colcon.colcon_core.package_identification:_identify(.) by extension 'python'
[0.707s] Level 1:colcon.colcon_core.package_identification:_identify(.) by extensions ['python_setup_py']
[0.707s] Level 1:colcon.colcon_core.package_identification:_identify(.) by extension 'python_setup_py'
[0.707s] Level 1:colcon.colcon_core.package_identification:_identify(build) by extensions ['ignore', 'ignore_ament_install']
[0.707s] Level 1:colcon.colcon_core.package_identification:_identify(build) by extension 'ignore'
[0.707s] Level 1:colcon.colcon_core.package_identification:_identify(build) ignored
[0.708s] Level 1:colcon.colcon_core.package_identification:_identify(install) by extensions ['ignore', 'ignore_ament_install']
[0.708s] Level 1:colcon.colcon_core.package_identification:_identify(install) by extension 'ignore'
[0.708s] Level 1:colcon.colcon_core.package_identification:_identify(install) ignored
[0.708s] Level 1:colcon.colcon_core.package_identification:_identify(log) by extensions ['ignore', 'ignore_ament_install']
[0.708s] Level 1:colcon.colcon_core.package_identification:_identify(log) by extension 'ignore'
[0.708s] Level 1:colcon.colcon_core.package_identification:_identify(log) ignored
[0.708s] Level 1:colcon.colcon_core.package_identification:_identify(src) by extensions ['ignore', 'ignore_ament_install']
[0.709s] Level 1:colcon.colcon_core.package_identification:_identify(src) by extension 'ignore'
[0.709s] Level 1:colcon.colcon_core.package_identification:_identify(src) by extension 'ignore_ament_install'
[0.709s] Level 1:colcon.colcon_core.package_identification:_identify(src) by extensions ['colcon_pkg']
[0.709s] Level 1:colcon.colcon_core.package_identification:_identify(src) by extension 'colcon_pkg'
[0.709s] Level 1:colcon.colcon_core.package_identification:_identify(src) by extensions ['colcon_meta']
[0.709s] Level 1:colcon.colcon_core.package_identification:_identify(src) by extension 'colcon_meta'
[0.709s] Level 1:colcon.colcon_core.package_identification:_identify(src) by extensions ['ros']
[0.709s] Level 1:colcon.colcon_core.package_identification:_identify(src) by extension 'ros'
[0.709s] Level 1:colcon.colcon_core.package_identification:_identify(src) by extensions ['cmake', 'python']
[0.709s] Level 1:colcon.colcon_core.package_identification:_identify(src) by extension 'cmake'
[0.710s] Level 1:colcon.colcon_core.package_identification:_identify(src) by extension 'python'
[0.710s] Level 1:colcon.colcon_core.package_identification:_identify(src) by extensions ['python_setup_py']
[0.710s] Level 1:colcon.colcon_core.package_identification:_identify(src) by extension 'python_setup_py'
[0.710s] Level 1:colcon.colcon_core.package_identification:_identify(src/point_lio_ros2) by extensions ['ignore', 'ignore_ament_install']
[0.710s] Level 1:colcon.colcon_core.package_identification:_identify(src/point_lio_ros2) by extension 'ignore'
[0.710s] Level 1:colcon.colcon_core.package_identification:_identify(src/point_lio_ros2) by extension 'ignore_ament_install'
[0.710s] Level 1:colcon.colcon_core.package_identification:_identify(src/point_lio_ros2) by extensions ['colcon_pkg']
[0.710s] Level 1:colcon.colcon_core.package_identification:_identify(src/point_lio_ros2) by extension 'colcon_pkg'
[0.710s] Level 1:colcon.colcon_core.package_identification:_identify(src/point_lio_ros2) by extensions ['colcon_meta']
[0.711s] Level 1:colcon.colcon_core.package_identification:_identify(src/point_lio_ros2) by extension 'colcon_meta'
[0.711s] Level 1:colcon.colcon_core.package_identification:_identify(src/point_lio_ros2) by extensions ['ros']
[0.711s] Level 1:colcon.colcon_core.package_identification:_identify(src/point_lio_ros2) by extension 'ros'
[0.717s] DEBUG:colcon.colcon_core.package_identification:Package 'src/point_lio_ros2' with type 'ros.ament_cmake' and name 'point_lio'
[0.717s] Level 1:colcon.colcon_core.package_discovery:discover_packages(recursive) using defaults
[0.717s] Level 1:colcon.colcon_core.package_discovery:discover_packages(ignore) discover
[0.717s] Level 1:colcon.colcon_core.package_discovery:discover_packages(ignore) using defaults
[0.717s] Level 1:colcon.colcon_core.package_discovery:discover_packages(path) discover
[0.717s] Level 1:colcon.colcon_core.package_discovery:discover_packages(path) using defaults
[0.787s] Level 1:colcon.colcon_core.package_discovery:discover_packages(prefix_path) check parameters
[0.788s] Level 1:colcon.colcon_core.package_discovery:discover_packages(prefix_path) discover
[0.793s] DEBUG:colcon.colcon_installed_package_information.package_discovery:Found 272 installed packages in /opt/ros/humble
[0.796s] Level 1:colcon.colcon_core.package_discovery:discover_packages(prefix_path) using defaults
[0.885s] Level 5:colcon.colcon_core.verb:set package 'point_lio' build argument 'cmake_args' from command line to 'None'
[0.885s] Level 5:colcon.colcon_core.verb:set package 'point_lio' build argument 'cmake_target' from command line to 'None'
[0.885s] Level 5:colcon.colcon_core.verb:set package 'point_lio' build argument 'cmake_target_skip_unavailable' from command line to 'False'
[0.885s] Level 5:colcon.colcon_core.verb:set package 'point_lio' build argument 'cmake_clean_cache' from command line to 'False'
[0.885s] Level 5:colcon.colcon_core.verb:set package 'point_lio' build argument 'cmake_clean_first' from command line to 'False'
[0.885s] Level 5:colcon.colcon_core.verb:set package 'point_lio' build argument 'cmake_force_configure' from command line to 'False'
[0.885s] Level 5:colcon.colcon_core.verb:set package 'point_lio' build argument 'ament_cmake_args' from command line to 'None'
[0.885s] Level 5:colcon.colcon_core.verb:set package 'point_lio' build argument 'catkin_cmake_args' from command line to 'None'
[0.886s] Level 5:colcon.colcon_core.verb:set package 'point_lio' build argument 'catkin_skip_building_tests' from command line to 'False'
[0.886s] DEBUG:colcon.colcon_core.verb:Building package 'point_lio' with the following arguments: {'ament_cmake_args': None, 'build_base': '/home/epriauto/ros2_ws/unilidar_l1/unitree_lidar_pointlio/build/point_lio', 'catkin_cmake_args': None, 'catkin_skip_building_tests': False, 'cmake_args': None, 'cmake_clean_cache': False, 'cmake_clean_first': False, 'cmake_force_configure': False, 'cmake_target': None, 'cmake_target_skip_unavailable': False, 'install_base': '/home/epriauto/ros2_ws/unilidar_l1/unitree_lidar_pointlio/install/point_lio', 'merge_install': False, 'path': '/home/epriauto/ros2_ws/unilidar_l1/unitree_lidar_pointlio/src/point_lio_ros2', 'symlink_install': True, 'test_result_base': None}
[0.886s] INFO:colcon.colcon_core.executor:Executing jobs using 'parallel' executor
[0.888s] DEBUG:colcon.colcon_parallel_executor.executor.parallel:run_until_complete
[0.888s] INFO:colcon.colcon_ros.task.ament_cmake.build:Building ROS package in '/home/epriauto/ros2_ws/unilidar_l1/unitree_lidar_pointlio/src/point_lio_ros2' with build type 'ament_cmake'
[0.889s] INFO:colcon.colcon_cmake.task.cmake.build:Building CMake package in '/home/epriauto/ros2_ws/unilidar_l1/unitree_lidar_pointlio/src/point_lio_ros2'
[0.894s] INFO:colcon.colcon_core.plugin_system:Skipping extension 'colcon_core.shell.bat': Not used on non-Windows systems
[0.894s] INFO:colcon.colcon_core.shell:Skip shell extension 'powershell' for command environment: Not usable outside of PowerShell
[0.894s] DEBUG:colcon.colcon_core.shell:Skip shell extension 'dsv' for command environment
[0.909s] DEBUG:colcon.colcon_core.event_handler.log_command:Invoking command in '/home/epriauto/ros2_ws/unilidar_l1/unitree_lidar_pointlio/build/point_lio': CMAKE_PREFIX_PATH=/opt/ros/humble /usr/bin/cmake --build /home/epriauto/ros2_ws/unilidar_l1/unitree_lidar_pointlio/build/point_lio -- -j6 -l6
[1.123s] DEBUG:colcon.colcon_core.event_handler.log_command:Invoked command in '/home/epriauto/ros2_ws/unilidar_l1/unitree_lidar_pointlio/build/point_lio' returned '0': CMAKE_PREFIX_PATH=/opt/ros/humble /usr/bin/cmake --build /home/epriauto/ros2_ws/unilidar_l1/unitree_lidar_pointlio/build/point_lio -- -j6 -l6
[1.146s] DEBUG:colcon.colcon_core.event_handler.log_command:Invoking command in '/home/epriauto/ros2_ws/unilidar_l1/unitree_lidar_pointlio/build/point_lio': CMAKE_PREFIX_PATH=/opt/ros/humble /usr/bin/cmake --install /home/epriauto/ros2_ws/unilidar_l1/unitree_lidar_pointlio/build/point_lio
[1.187s] Level 1:colcon.colcon_core.environment:create_environment_scripts_only(point_lio)
[1.189s] DEBUG:colcon.colcon_core.event_handler.log_command:Invoked command in '/home/epriauto/ros2_ws/unilidar_l1/unitree_lidar_pointlio/build/point_lio' returned '0': CMAKE_PREFIX_PATH=/opt/ros/humble /usr/bin/cmake --install /home/epriauto/ros2_ws/unilidar_l1/unitree_lidar_pointlio/build/point_lio
[1.196s] Level 1:colcon.colcon_core.environment:checking '/home/epriauto/ros2_ws/unilidar_l1/unitree_lidar_pointlio/install/point_lio' for CMake module files
[1.197s] Level 1:colcon.colcon_core.environment:checking '/home/epriauto/ros2_ws/unilidar_l1/unitree_lidar_pointlio/install/point_lio' for CMake config files
[1.198s] Level 1:colcon.colcon_core.shell:create_environment_hook('point_lio', 'cmake_prefix_path')
[1.199s] INFO:colcon.colcon_core.shell:Creating environment hook '/home/epriauto/ros2_ws/unilidar_l1/unitree_lidar_pointlio/install/point_lio/share/point_lio/hook/cmake_prefix_path.ps1'
[1.201s] INFO:colcon.colcon_core.shell:Creating environment descriptor '/home/epriauto/ros2_ws/unilidar_l1/unitree_lidar_pointlio/install/point_lio/share/point_lio/hook/cmake_prefix_path.dsv'
[1.202s] INFO:colcon.colcon_core.shell:Creating environment hook '/home/epriauto/ros2_ws/unilidar_l1/unitree_lidar_pointlio/install/point_lio/share/point_lio/hook/cmake_prefix_path.sh'
[1.204s] Level 1:colcon.colcon_core.environment:checking '/home/epriauto/ros2_ws/unilidar_l1/unitree_lidar_pointlio/install/point_lio/lib'
[1.205s] Level 1:colcon.colcon_core.environment:checking '/home/epriauto/ros2_ws/unilidar_l1/unitree_lidar_pointlio/install/point_lio/bin'
[1.205s] Level 1:colcon.colcon_core.environment:checking '/home/epriauto/ros2_ws/unilidar_l1/unitree_lidar_pointlio/install/point_lio/lib/pkgconfig/point_lio.pc'
[1.206s] Level 1:colcon.colcon_core.environment:checking '/home/epriauto/ros2_ws/unilidar_l1/unitree_lidar_pointlio/install/point_lio/lib/python3.10/site-packages'
[1.207s] Level 1:colcon.colcon_core.environment:checking '/home/epriauto/ros2_ws/unilidar_l1/unitree_lidar_pointlio/install/point_lio/bin'
[1.208s] INFO:colcon.colcon_core.shell:Creating package script '/home/epriauto/ros2_ws/unilidar_l1/unitree_lidar_pointlio/install/point_lio/share/point_lio/package.ps1'
[1.211s] INFO:colcon.colcon_core.shell:Creating package descriptor '/home/epriauto/ros2_ws/unilidar_l1/unitree_lidar_pointlio/install/point_lio/share/point_lio/package.dsv'
[1.213s] INFO:colcon.colcon_core.shell:Creating package script '/home/epriauto/ros2_ws/unilidar_l1/unitree_lidar_pointlio/install/point_lio/share/point_lio/package.sh'
[1.215s] INFO:colcon.colcon_core.shell:Creating package script '/home/epriauto/ros2_ws/unilidar_l1/unitree_lidar_pointlio/install/point_lio/share/point_lio/package.bash'
[1.218s] INFO:colcon.colcon_core.shell:Creating package script '/home/epriauto/ros2_ws/unilidar_l1/unitree_lidar_pointlio/install/point_lio/share/point_lio/package.zsh'
[1.220s] Level 1:colcon.colcon_core.environment:create_file_with_runtime_dependencies(/home/epriauto/ros2_ws/unilidar_l1/unitree_lidar_pointlio/install/point_lio/share/colcon-core/packages/point_lio)
[1.223s] Level 1:colcon.colcon_core.environment:create_environment_scripts_only(point_lio)
[1.223s] Level 1:colcon.colcon_core.environment:checking '/home/epriauto/ros2_ws/unilidar_l1/unitree_lidar_pointlio/install/point_lio' for CMake module files
[1.224s] Level 1:colcon.colcon_core.environment:checking '/home/epriauto/ros2_ws/unilidar_l1/unitree_lidar_pointlio/install/point_lio' for CMake config files
[1.225s] Level 1:colcon.colcon_core.shell:create_environment_hook('point_lio', 'cmake_prefix_path')
[1.226s] INFO:colcon.colcon_core.shell:Creating environment hook '/home/epriauto/ros2_ws/unilidar_l1/unitree_lidar_pointlio/install/point_lio/share/point_lio/hook/cmake_prefix_path.ps1'
[1.227s] INFO:colcon.colcon_core.shell:Creating environment descriptor '/home/epriauto/ros2_ws/unilidar_l1/unitree_lidar_pointlio/install/point_lio/share/point_lio/hook/cmake_prefix_path.dsv'
[1.228s] INFO:colcon.colcon_core.shell:Creating environment hook '/home/epriauto/ros2_ws/unilidar_l1/unitree_lidar_pointlio/install/point_lio/share/point_lio/hook/cmake_prefix_path.sh'
[1.229s] Level 1:colcon.colcon_core.environment:checking '/home/epriauto/ros2_ws/unilidar_l1/unitree_lidar_pointlio/install/point_lio/lib'
[1.229s] Level 1:colcon.colcon_core.environment:checking '/home/epriauto/ros2_ws/unilidar_l1/unitree_lidar_pointlio/install/point_lio/bin'
[1.229s] Level 1:colcon.colcon_core.environment:checking '/home/epriauto/ros2_ws/unilidar_l1/unitree_lidar_pointlio/install/point_lio/lib/pkgconfig/point_lio.pc'
[1.230s] Level 1:colcon.colcon_core.environment:checking '/home/epriauto/ros2_ws/unilidar_l1/unitree_lidar_pointlio/install/point_lio/lib/python3.10/site-packages'
[1.230s] Level 1:colcon.colcon_core.environment:checking '/home/epriauto/ros2_ws/unilidar_l1/unitree_lidar_pointlio/install/point_lio/bin'
[1.231s] INFO:colcon.colcon_core.shell:Creating package script '/home/epriauto/ros2_ws/unilidar_l1/unitree_lidar_pointlio/install/point_lio/share/point_lio/package.ps1'
[1.233s] INFO:colcon.colcon_core.shell:Creating package descriptor '/home/epriauto/ros2_ws/unilidar_l1/unitree_lidar_pointlio/install/point_lio/share/point_lio/package.dsv'
[1.234s] INFO:colcon.colcon_core.shell:Creating package script '/home/epriauto/ros2_ws/unilidar_l1/unitree_lidar_pointlio/install/point_lio/share/point_lio/package.sh'
[1.235s] INFO:colcon.colcon_core.shell:Creating package script '/home/epriauto/ros2_ws/unilidar_l1/unitree_lidar_pointlio/install/point_lio/share/point_lio/package.bash'
[1.236s] INFO:colcon.colcon_core.shell:Creating package script '/home/epriauto/ros2_ws/unilidar_l1/unitree_lidar_pointlio/install/point_lio/share/point_lio/package.zsh'
[1.238s] Level 1:colcon.colcon_core.environment:create_file_with_runtime_dependencies(/home/epriauto/ros2_ws/unilidar_l1/unitree_lidar_pointlio/install/point_lio/share/colcon-core/packages/point_lio)
[1.238s] DEBUG:colcon.colcon_parallel_executor.executor.parallel:closing loop
[1.239s] DEBUG:colcon.colcon_parallel_executor.executor.parallel:loop closed
[1.239s] DEBUG:colcon.colcon_parallel_executor.executor.parallel:run_until_complete finished with '0'
[1.240s] DEBUG:colcon.colcon_core.event_reactor:joining thread
[1.251s] INFO:colcon.colcon_core.plugin_system:Skipping extension 'colcon_notification.desktop_notification.terminal_notifier': Not used on non-Darwin systems
[1.251s] INFO:colcon.colcon_core.plugin_system:Skipping extension 'colcon_notification.desktop_notification.win32': Not used on non-Windows systems
[1.252s] INFO:colcon.colcon_notification.desktop_notification:Sending desktop notification using 'notify2'
[1.286s] DEBUG:colcon.colcon_core.event_reactor:joined thread
[1.287s] INFO:colcon.colcon_core.shell:Creating prefix script '/home/epriauto/ros2_ws/unilidar_l1/unitree_lidar_pointlio/install/local_setup.ps1'
[1.290s] INFO:colcon.colcon_core.shell:Creating prefix util module '/home/epriauto/ros2_ws/unilidar_l1/unitree_lidar_pointlio/install/_local_setup_util_ps1.py'
[1.294s] INFO:colcon.colcon_core.shell:Creating prefix chain script '/home/epriauto/ros2_ws/unilidar_l1/unitree_lidar_pointlio/install/setup.ps1'
[1.297s] INFO:colcon.colcon_core.shell:Creating prefix script '/home/epriauto/ros2_ws/unilidar_l1/unitree_lidar_pointlio/install/local_setup.sh'
[1.299s] INFO:colcon.colcon_core.shell:Creating prefix util module '/home/epriauto/ros2_ws/unilidar_l1/unitree_lidar_pointlio/install/_local_setup_util_sh.py'
[1.300s] INFO:colcon.colcon_core.shell:Creating prefix chain script '/home/epriauto/ros2_ws/unilidar_l1/unitree_lidar_pointlio/install/setup.sh'
[1.303s] INFO:colcon.colcon_core.shell:Creating prefix script '/home/epriauto/ros2_ws/unilidar_l1/unitree_lidar_pointlio/install/local_setup.bash'
[1.305s] INFO:colcon.colcon_core.shell:Creating prefix chain script '/home/epriauto/ros2_ws/unilidar_l1/unitree_lidar_pointlio/install/setup.bash'
[1.307s] INFO:colcon.colcon_core.shell:Creating prefix script '/home/epriauto/ros2_ws/unilidar_l1/unitree_lidar_pointlio/install/local_setup.zsh'
[1.309s] INFO:colcon.colcon_core.shell:Creating prefix chain script '/home/epriauto/ros2_ws/unilidar_l1/unitree_lidar_pointlio/install/setup.zsh'
