[0.017s] Invoking command in '/home/epriauto/ros2_ws/unilidar_l1/unitree_lidar_pointlio/build/unitree_lidar_pointlio': CMAKE_PREFIX_PATH=/opt/ros/humble /usr/bin/cmake /home/epriauto/ros2_ws/unilidar_l1/unitree_lidar_pointlio/src/unitree_lidar_pointlio -DAMENT_CMAKE_SYMLINK_INSTALL=1 -DCMAKE_INSTALL_PREFIX=/home/epriauto/ros2_ws/unilidar_l1/unitree_lidar_pointlio/install/unitree_lidar_pointlio
[0.041s] -- Current CPU architecture: aarch64
[0.041s] -- Found ament_cmake: 1.3.11 (/opt/ros/humble/share/ament_cmake/cmake)
[0.281s] -- Override CMake install command with custom implementation using symlinks instead of copying resources
[0.299s] -- Found rclcpp: 16.0.11 (/opt/ros/humble/share/rclcpp/cmake)
[0.363s] -- Found rosidl_generator_c: 3.1.6 (/opt/ros/humble/share/rosidl_generator_c/cmake)
[0.367s] -- Found rosidl_adapter: 3.1.6 (/opt/ros/humble/share/rosidl_adapter/cmake)
[0.377s] -- Found rosidl_generator_cpp: 3.1.6 (/opt/ros/humble/share/rosidl_generator_cpp/cmake)
[0.392s] -- Using all available rosidl_typesupport_c: rosidl_typesupport_fastrtps_c;rosidl_typesupport_introspection_c
[0.411s] -- Using all available rosidl_typesupport_cpp: rosidl_typesupport_fastrtps_cpp;rosidl_typesupport_introspection_cpp
[0.463s] -- Found rmw_implementation_cmake: 6.1.2 (/opt/ros/humble/share/rmw_implementation_cmake/cmake)
[0.465s] -- Found rmw_fastrtps_cpp: 6.2.7 (/opt/ros/humble/share/rmw_fastrtps_cpp/cmake)
[0.620s] -- Using RMW implementation 'rmw_fastrtps_cpp' as default
[0.700s] -- Found rclpy: 3.3.15 (/opt/ros/humble/share/rclpy/cmake)
[0.700s] -- Found geometry_msgs: 4.2.4 (/opt/ros/humble/share/geometry_msgs/cmake)
[0.720s] -- Found nav_msgs: 4.2.4 (/opt/ros/humble/share/nav_msgs/cmake)
[0.745s] -- Found sensor_msgs: 4.2.4 (/opt/ros/humble/share/sensor_msgs/cmake)
[0.772s] -- Found pcl_ros: 2.4.5 (/opt/ros/humble/share/pcl_ros/cmake)
[0.832s] -- Eigen found (include: /usr/include/eigen3, version: 3.4.0)
[0.879s] -- FLANN found (include: /usr/include, lib: /usr/lib/aarch64-linux-gnu/libflann_cpp.so)
[1.385s] -- OpenNI found (version: 1.5.4.0, include: /usr/include/ni, lib: /usr/lib/libOpenNI.so;libusb::libusb)
[1.393s] -- OpenNI2 found (version: 2.2.0.33, include: /usr/include/openni2, lib: /usr/lib/aarch64-linux-gnu/libOpenNI2.so;libusb::libusb)
[1.628s] -- Eigen found (include: /usr/include/eigen3, version: 3.4.0)
[1.639s] -- OpenNI found (version: 1.5.4.0, include: /usr/include/ni, lib: /usr/lib/libOpenNI.so;libusb::libusb)
[1.649s] -- OpenNI2 found (version: 2.2.0.33, include: /usr/include/openni2, lib: /usr/lib/aarch64-linux-gnu/libOpenNI2.so;libusb::libusb)
[1.872s] -- Found Qhull version 8.0.2
[2.104s] -- OpenNI found (version: 1.5.4.0, include: /usr/include/ni, lib: /usr/lib/libOpenNI.so;libusb::libusb)
[2.364s] -- Found eigen3_cmake_module: 0.1.1 (/opt/ros/humble/share/eigen3_cmake_module/cmake)
[2.366s] -- Ensuring Eigen3 include directory is part of orocos-kdl CMake target
[2.495s] -- Found visualization_msgs: 4.2.4 (/opt/ros/humble/share/visualization_msgs/cmake)
[2.673s] -- Configuring done
[2.753s] -- Generating done
[2.774s] -- Build files have been written to: /home/epriauto/ros2_ws/unilidar_l1/unitree_lidar_pointlio/build/unitree_lidar_pointlio
[2.815s] Invoked command in '/home/epriauto/ros2_ws/unilidar_l1/unitree_lidar_pointlio/build/unitree_lidar_pointlio' returned '0': CMAKE_PREFIX_PATH=/opt/ros/humble /usr/bin/cmake /home/epriauto/ros2_ws/unilidar_l1/unitree_lidar_pointlio/src/unitree_lidar_pointlio -DAMENT_CMAKE_SYMLINK_INSTALL=1 -DCMAKE_INSTALL_PREFIX=/home/epriauto/ros2_ws/unilidar_l1/unitree_lidar_pointlio/install/unitree_lidar_pointlio
[2.820s] Invoking command in '/home/epriauto/ros2_ws/unilidar_l1/unitree_lidar_pointlio/build/unitree_lidar_pointlio': CMAKE_PREFIX_PATH=/opt/ros/humble /usr/bin/cmake --build /home/epriauto/ros2_ws/unilidar_l1/unitree_lidar_pointlio/build/unitree_lidar_pointlio -- -j6 -l6
[2.916s] [35m[1mConsolidate compiler generated dependencies of target pointlio_mapping[0m
[3.012s] [100%] Built target pointlio_mapping
[3.035s] Invoked command in '/home/epriauto/ros2_ws/unilidar_l1/unitree_lidar_pointlio/build/unitree_lidar_pointlio' returned '0': CMAKE_PREFIX_PATH=/opt/ros/humble /usr/bin/cmake --build /home/epriauto/ros2_ws/unilidar_l1/unitree_lidar_pointlio/build/unitree_lidar_pointlio -- -j6 -l6
[3.058s] Invoking command in '/home/epriauto/ros2_ws/unilidar_l1/unitree_lidar_pointlio/build/unitree_lidar_pointlio': CMAKE_PREFIX_PATH=/opt/ros/humble /usr/bin/cmake --install /home/epriauto/ros2_ws/unilidar_l1/unitree_lidar_pointlio/build/unitree_lidar_pointlio
[3.072s] -- Install configuration: ""
[3.072s] -- Execute custom install script
[3.073s] -- Up-to-date symlink: /home/epriauto/ros2_ws/unilidar_l1/unitree_lidar_pointlio/install/unitree_lidar_pointlio/lib/unitree_lidar_pointlio/pointlio_mapping
[3.074s] -- Up-to-date symlink: /home/epriauto/ros2_ws/unilidar_l1/unitree_lidar_pointlio/install/unitree_lidar_pointlio/share/unitree_lidar_pointlio/config/unilidar_l1.yaml
[3.074s] -- Up-to-date symlink: /home/epriauto/ros2_ws/unilidar_l1/unitree_lidar_pointlio/install/unitree_lidar_pointlio/share/unitree_lidar_pointlio/launch/correct_odom_unilidar_l1.launch.py
[3.074s] -- Up-to-date symlink: /home/epriauto/ros2_ws/unilidar_l1/unitree_lidar_pointlio/install/unitree_lidar_pointlio/share/unitree_lidar_pointlio/launch/mapping_unilidar_l1.launch.py
[3.075s] -- Up-to-date symlink: /home/epriauto/ros2_ws/unilidar_l1/unitree_lidar_pointlio/install/unitree_lidar_pointlio/share/unitree_lidar_pointlio/rviz_cfg/loam_livox.rviz
[3.075s] -- Up-to-date symlink: /home/epriauto/ros2_ws/unilidar_l1/unitree_lidar_pointlio/install/unitree_lidar_pointlio/share/ament_index/resource_index/package_run_dependencies/unitree_lidar_pointlio
[3.076s] -- Up-to-date symlink: /home/epriauto/ros2_ws/unilidar_l1/unitree_lidar_pointlio/install/unitree_lidar_pointlio/share/ament_index/resource_index/parent_prefix_path/unitree_lidar_pointlio
[3.076s] -- Up-to-date symlink: /home/epriauto/ros2_ws/unilidar_l1/unitree_lidar_pointlio/install/unitree_lidar_pointlio/share/unitree_lidar_pointlio/environment/ament_prefix_path.sh
[3.077s] -- Up-to-date symlink: /home/epriauto/ros2_ws/unilidar_l1/unitree_lidar_pointlio/install/unitree_lidar_pointlio/share/unitree_lidar_pointlio/environment/ament_prefix_path.dsv
[3.077s] -- Up-to-date symlink: /home/epriauto/ros2_ws/unilidar_l1/unitree_lidar_pointlio/install/unitree_lidar_pointlio/share/unitree_lidar_pointlio/environment/path.sh
[3.077s] -- Up-to-date symlink: /home/epriauto/ros2_ws/unilidar_l1/unitree_lidar_pointlio/install/unitree_lidar_pointlio/share/unitree_lidar_pointlio/environment/path.dsv
[3.077s] -- Up-to-date symlink: /home/epriauto/ros2_ws/unilidar_l1/unitree_lidar_pointlio/install/unitree_lidar_pointlio/share/unitree_lidar_pointlio/local_setup.bash
[3.078s] -- Up-to-date symlink: /home/epriauto/ros2_ws/unilidar_l1/unitree_lidar_pointlio/install/unitree_lidar_pointlio/share/unitree_lidar_pointlio/local_setup.sh
[3.078s] -- Up-to-date symlink: /home/epriauto/ros2_ws/unilidar_l1/unitree_lidar_pointlio/install/unitree_lidar_pointlio/share/unitree_lidar_pointlio/local_setup.zsh
[3.078s] -- Up-to-date symlink: /home/epriauto/ros2_ws/unilidar_l1/unitree_lidar_pointlio/install/unitree_lidar_pointlio/share/unitree_lidar_pointlio/local_setup.dsv
[3.079s] -- Symlinking: /home/epriauto/ros2_ws/unilidar_l1/unitree_lidar_pointlio/install/unitree_lidar_pointlio/share/unitree_lidar_pointlio/package.dsv
[3.095s] -- Up-to-date symlink: /home/epriauto/ros2_ws/unilidar_l1/unitree_lidar_pointlio/install/unitree_lidar_pointlio/share/ament_index/resource_index/packages/unitree_lidar_pointlio
[3.095s] -- Up-to-date symlink: /home/epriauto/ros2_ws/unilidar_l1/unitree_lidar_pointlio/install/unitree_lidar_pointlio/share/unitree_lidar_pointlio/cmake/ament_cmake_export_dependencies-extras.cmake
[3.096s] -- Up-to-date symlink: /home/epriauto/ros2_ws/unilidar_l1/unitree_lidar_pointlio/install/unitree_lidar_pointlio/share/unitree_lidar_pointlio/cmake/unitree_lidar_pointlioConfig.cmake
[3.096s] -- Up-to-date symlink: /home/epriauto/ros2_ws/unilidar_l1/unitree_lidar_pointlio/install/unitree_lidar_pointlio/share/unitree_lidar_pointlio/cmake/unitree_lidar_pointlioConfig-version.cmake
[3.096s] -- Up-to-date symlink: /home/epriauto/ros2_ws/unilidar_l1/unitree_lidar_pointlio/install/unitree_lidar_pointlio/share/unitree_lidar_pointlio/package.xml
[3.101s] Invoked command in '/home/epriauto/ros2_ws/unilidar_l1/unitree_lidar_pointlio/build/unitree_lidar_pointlio' returned '0': CMAKE_PREFIX_PATH=/opt/ros/humble /usr/bin/cmake --install /home/epriauto/ros2_ws/unilidar_l1/unitree_lidar_pointlio/build/unitree_lidar_pointlio
