[0.021s] Invoking command in '/home/epriauto/ros2_ws/unilidar_l1/unitree_lidar_pointlio/build/unitree_lidar_pointlio': CMAKE_PREFIX_PATH=/opt/ros/humble /usr/bin/cmake /home/epriauto/ros2_ws/unilidar_l1/unitree_lidar_pointlio/src/unitree_lidar_pointlio -DCMAKE_INSTALL_PREFIX=/home/epriauto/ros2_ws/unilidar_l1/unitree_lidar_pointlio/install/unitree_lidar_pointlio
[0.050s] -- Current CPU architecture: aarch64
[0.051s] -- Found ament_cmake: 1.3.11 (/opt/ros/humble/share/ament_cmake/cmake)
[0.297s] -- Override CMake install command with custom implementation using symlinks instead of copying resources
[0.323s] -- Found rclcpp: 16.0.11 (/opt/ros/humble/share/rclcpp/cmake)
[0.400s] -- Found rosidl_generator_c: 3.1.6 (/opt/ros/humble/share/rosidl_generator_c/cmake)
[0.404s] -- Found rosidl_adapter: 3.1.6 (/opt/ros/humble/share/rosidl_adapter/cmake)
[0.415s] -- Found rosidl_generator_cpp: 3.1.6 (/opt/ros/humble/share/rosidl_generator_cpp/cmake)
[0.430s] -- Using all available rosidl_typesupport_c: rosidl_typesupport_fastrtps_c;rosidl_typesupport_introspection_c
[0.450s] -- Using all available rosidl_typesupport_cpp: rosidl_typesupport_fastrtps_cpp;rosidl_typesupport_introspection_cpp
[0.501s] -- Found rmw_implementation_cmake: 6.1.2 (/opt/ros/humble/share/rmw_implementation_cmake/cmake)
[0.503s] -- Found rmw_fastrtps_cpp: 6.2.7 (/opt/ros/humble/share/rmw_fastrtps_cpp/cmake)
[0.663s] -- Using RMW implementation 'rmw_fastrtps_cpp' as default
[0.742s] -- Found rclpy: 3.3.15 (/opt/ros/humble/share/rclpy/cmake)
[0.743s] -- Found geometry_msgs: 4.2.4 (/opt/ros/humble/share/geometry_msgs/cmake)
[0.762s] -- Found nav_msgs: 4.2.4 (/opt/ros/humble/share/nav_msgs/cmake)
[0.788s] -- Found sensor_msgs: 4.2.4 (/opt/ros/humble/share/sensor_msgs/cmake)
[0.814s] -- Found pcl_ros: 2.4.5 (/opt/ros/humble/share/pcl_ros/cmake)
[0.874s] -- Eigen found (include: /usr/include/eigen3, version: 3.4.0)
[0.922s] -- FLANN found (include: /usr/include, lib: /usr/lib/aarch64-linux-gnu/libflann_cpp.so)
[1.443s] -- OpenNI found (version: 1.5.4.0, include: /usr/include/ni, lib: /usr/lib/libOpenNI.so;libusb::libusb)
[1.452s] -- OpenNI2 found (version: 2.2.0.33, include: /usr/include/openni2, lib: /usr/lib/aarch64-linux-gnu/libOpenNI2.so;libusb::libusb)
[1.690s] -- Eigen found (include: /usr/include/eigen3, version: 3.4.0)
[1.699s] -- OpenNI found (version: 1.5.4.0, include: /usr/include/ni, lib: /usr/lib/libOpenNI.so;libusb::libusb)
[1.708s] -- OpenNI2 found (version: 2.2.0.33, include: /usr/include/openni2, lib: /usr/lib/aarch64-linux-gnu/libOpenNI2.so;libusb::libusb)
[1.931s] -- Found Qhull version 8.0.2
[2.171s] -- OpenNI found (version: 1.5.4.0, include: /usr/include/ni, lib: /usr/lib/libOpenNI.so;libusb::libusb)
[2.446s] -- Found eigen3_cmake_module: 0.1.1 (/opt/ros/humble/share/eigen3_cmake_module/cmake)
[2.448s] -- Ensuring Eigen3 include directory is part of orocos-kdl CMake target
[2.591s] -- Found visualization_msgs: 4.2.4 (/opt/ros/humble/share/visualization_msgs/cmake)
[2.815s] -- Configuring done
[2.906s] -- Generating done
[2.931s] -- Build files have been written to: /home/epriauto/ros2_ws/unilidar_l1/unitree_lidar_pointlio/build/unitree_lidar_pointlio
[2.985s] Invoked command in '/home/epriauto/ros2_ws/unilidar_l1/unitree_lidar_pointlio/build/unitree_lidar_pointlio' returned '0': CMAKE_PREFIX_PATH=/opt/ros/humble /usr/bin/cmake /home/epriauto/ros2_ws/unilidar_l1/unitree_lidar_pointlio/src/unitree_lidar_pointlio -DCMAKE_INSTALL_PREFIX=/home/epriauto/ros2_ws/unilidar_l1/unitree_lidar_pointlio/install/unitree_lidar_pointlio
[2.990s] Invoking command in '/home/epriauto/ros2_ws/unilidar_l1/unitree_lidar_pointlio/build/unitree_lidar_pointlio': CMAKE_PREFIX_PATH=/opt/ros/humble /usr/bin/cmake --build /home/epriauto/ros2_ws/unilidar_l1/unitree_lidar_pointlio/build/unitree_lidar_pointlio -- -j6 -l6
[3.095s] [35m[1mConsolidate compiler generated dependencies of target pointlio_mapping[0m
[3.202s] [100%] Built target pointlio_mapping
[3.228s] Invoked command in '/home/epriauto/ros2_ws/unilidar_l1/unitree_lidar_pointlio/build/unitree_lidar_pointlio' returned '0': CMAKE_PREFIX_PATH=/opt/ros/humble /usr/bin/cmake --build /home/epriauto/ros2_ws/unilidar_l1/unitree_lidar_pointlio/build/unitree_lidar_pointlio -- -j6 -l6
[3.250s] Invoking command in '/home/epriauto/ros2_ws/unilidar_l1/unitree_lidar_pointlio/build/unitree_lidar_pointlio': CMAKE_PREFIX_PATH=/opt/ros/humble /usr/bin/cmake --install /home/epriauto/ros2_ws/unilidar_l1/unitree_lidar_pointlio/build/unitree_lidar_pointlio
[3.268s] -- Install configuration: ""
[3.268s] -- Execute custom install script
[3.270s] -- Up-to-date symlink: /home/epriauto/ros2_ws/unilidar_l1/unitree_lidar_pointlio/install/unitree_lidar_pointlio/lib/unitree_lidar_pointlio/pointlio_mapping
[3.271s] -- Up-to-date symlink: /home/epriauto/ros2_ws/unilidar_l1/unitree_lidar_pointlio/install/unitree_lidar_pointlio/share/unitree_lidar_pointlio/config/unilidar_l1.yaml
[3.272s] -- Up-to-date symlink: /home/epriauto/ros2_ws/unilidar_l1/unitree_lidar_pointlio/install/unitree_lidar_pointlio/share/unitree_lidar_pointlio/launch/correct_odom_unilidar_l1.launch.py
[3.272s] -- Up-to-date symlink: /home/epriauto/ros2_ws/unilidar_l1/unitree_lidar_pointlio/install/unitree_lidar_pointlio/share/unitree_lidar_pointlio/launch/mapping_unilidar_l1.launch.py
[3.272s] -- Up-to-date symlink: /home/epriauto/ros2_ws/unilidar_l1/unitree_lidar_pointlio/install/unitree_lidar_pointlio/share/unitree_lidar_pointlio/rviz_cfg/loam_livox.rviz
[3.273s] -- Up-to-date symlink: /home/epriauto/ros2_ws/unilidar_l1/unitree_lidar_pointlio/install/unitree_lidar_pointlio/share/ament_index/resource_index/package_run_dependencies/unitree_lidar_pointlio
[3.273s] -- Up-to-date symlink: /home/epriauto/ros2_ws/unilidar_l1/unitree_lidar_pointlio/install/unitree_lidar_pointlio/share/ament_index/resource_index/parent_prefix_path/unitree_lidar_pointlio
[3.274s] -- Up-to-date symlink: /home/epriauto/ros2_ws/unilidar_l1/unitree_lidar_pointlio/install/unitree_lidar_pointlio/share/unitree_lidar_pointlio/environment/ament_prefix_path.sh
[3.274s] -- Up-to-date symlink: /home/epriauto/ros2_ws/unilidar_l1/unitree_lidar_pointlio/install/unitree_lidar_pointlio/share/unitree_lidar_pointlio/environment/ament_prefix_path.dsv
[3.274s] -- Up-to-date symlink: /home/epriauto/ros2_ws/unilidar_l1/unitree_lidar_pointlio/install/unitree_lidar_pointlio/share/unitree_lidar_pointlio/environment/path.sh
[3.275s] -- Up-to-date symlink: /home/epriauto/ros2_ws/unilidar_l1/unitree_lidar_pointlio/install/unitree_lidar_pointlio/share/unitree_lidar_pointlio/environment/path.dsv
[3.275s] -- Up-to-date symlink: /home/epriauto/ros2_ws/unilidar_l1/unitree_lidar_pointlio/install/unitree_lidar_pointlio/share/unitree_lidar_pointlio/local_setup.bash
[3.275s] -- Up-to-date symlink: /home/epriauto/ros2_ws/unilidar_l1/unitree_lidar_pointlio/install/unitree_lidar_pointlio/share/unitree_lidar_pointlio/local_setup.sh
[3.276s] -- Up-to-date symlink: /home/epriauto/ros2_ws/unilidar_l1/unitree_lidar_pointlio/install/unitree_lidar_pointlio/share/unitree_lidar_pointlio/local_setup.zsh
[3.276s] -- Up-to-date symlink: /home/epriauto/ros2_ws/unilidar_l1/unitree_lidar_pointlio/install/unitree_lidar_pointlio/share/unitree_lidar_pointlio/local_setup.dsv
[3.276s] -- Symlinking: /home/epriauto/ros2_ws/unilidar_l1/unitree_lidar_pointlio/install/unitree_lidar_pointlio/share/unitree_lidar_pointlio/package.dsv
[3.292s] -- Up-to-date symlink: /home/epriauto/ros2_ws/unilidar_l1/unitree_lidar_pointlio/install/unitree_lidar_pointlio/share/ament_index/resource_index/packages/unitree_lidar_pointlio
[3.292s] -- Up-to-date symlink: /home/epriauto/ros2_ws/unilidar_l1/unitree_lidar_pointlio/install/unitree_lidar_pointlio/share/unitree_lidar_pointlio/cmake/ament_cmake_export_dependencies-extras.cmake
[3.293s] -- Up-to-date symlink: /home/epriauto/ros2_ws/unilidar_l1/unitree_lidar_pointlio/install/unitree_lidar_pointlio/share/unitree_lidar_pointlio/cmake/unitree_lidar_pointlioConfig.cmake
[3.295s] -- Up-to-date symlink: /home/epriauto/ros2_ws/unilidar_l1/unitree_lidar_pointlio/install/unitree_lidar_pointlio/share/unitree_lidar_pointlio/cmake/unitree_lidar_pointlioConfig-version.cmake
[3.295s] -- Up-to-date symlink: /home/epriauto/ros2_ws/unilidar_l1/unitree_lidar_pointlio/install/unitree_lidar_pointlio/share/unitree_lidar_pointlio/package.xml
[3.300s] Invoked command in '/home/epriauto/ros2_ws/unilidar_l1/unitree_lidar_pointlio/build/unitree_lidar_pointlio' returned '0': CMAKE_PREFIX_PATH=/opt/ros/humble /usr/bin/cmake --install /home/epriauto/ros2_ws/unilidar_l1/unitree_lidar_pointlio/build/unitree_lidar_pointlio
