[0.302s] DEBUG:colcon:Command line arguments: ['/usr/bin/colcon', 'build', '--symlink-install', '--cmake-args=-DCMAKE_BUILD_TYPE=Release']
[0.302s] DEBUG:colcon:Parsed command line arguments: Namespace(log_base=None, log_level=None, verb_name='build', build_base='build', install_base='install', merge_install=False, symlink_install=True, test_result_base=None, continue_on_error=False, executor='parallel', parallel_workers=6, event_handlers=None, ignore_user_meta=False, metas=['./colcon.meta'], base_paths=['.'], packages_ignore=None, packages_ignore_regex=None, paths=None, packages_up_to=None, packages_up_to_regex=None, packages_above=None, packages_above_and_dependencies=None, packages_above_depth=None, packages_select_by_dep=None, packages_skip_by_dep=None, packages_skip_up_to=None, packages_select_build_failed=False, packages_skip_build_finished=False, packages_select_test_failures=False, packages_skip_test_passed=False, packages_select=None, packages_skip=None, packages_select_regex=None, packages_skip_regex=None, packages_start=None, packages_end=None, allow_overriding=[], cmake_args=['-DCMAKE_BUILD_TYPE=Release'], cmake_target=None, cmake_target_skip_unavailable=False, cmake_clean_cache=False, cmake_clean_first=False, cmake_force_configure=False, ament_cmake_args=None, catkin_cmake_args=None, catkin_skip_building_tests=False, mixin_files=None, mixin=None, verb_parser=<colcon_mixin.mixin.mixin_argument.MixinArgumentDecorator object at 0xffff836c93c0>, verb_extension=<colcon_core.verb.build.BuildVerb object at 0xffff836c8df0>, main=<bound method BuildVerb.main of <colcon_core.verb.build.BuildVerb object at 0xffff836c8df0>>, mixin_verb=('build',))
[0.684s] Level 1:colcon.colcon_core.package_discovery:discover_packages(colcon_meta) check parameters
[0.684s] Level 1:colcon.colcon_core.package_discovery:discover_packages(recursive) check parameters
[0.684s] Level 1:colcon.colcon_core.package_discovery:discover_packages(ignore) check parameters
[0.684s] Level 1:colcon.colcon_core.package_discovery:discover_packages(path) check parameters
[0.684s] Level 1:colcon.colcon_core.package_discovery:discover_packages(colcon_meta) discover
[0.684s] Level 1:colcon.colcon_core.package_discovery:discover_packages(recursive) discover
[0.685s] INFO:colcon.colcon_core.package_discovery:Crawling recursively for packages in '/home/epriauto/ros2_ws/camera'
[0.685s] Level 1:colcon.colcon_core.package_identification:_identify(.) by extensions ['ignore', 'ignore_ament_install']
[0.685s] Level 1:colcon.colcon_core.package_identification:_identify(.) by extension 'ignore'
[0.685s] Level 1:colcon.colcon_core.package_identification:_identify(.) by extension 'ignore_ament_install'
[0.685s] Level 1:colcon.colcon_core.package_identification:_identify(.) by extensions ['colcon_pkg']
[0.685s] Level 1:colcon.colcon_core.package_identification:_identify(.) by extension 'colcon_pkg'
[0.685s] Level 1:colcon.colcon_core.package_identification:_identify(.) by extensions ['colcon_meta']
[0.685s] Level 1:colcon.colcon_core.package_identification:_identify(.) by extension 'colcon_meta'
[0.686s] Level 1:colcon.colcon_core.package_identification:_identify(.) by extensions ['ros']
[0.686s] Level 1:colcon.colcon_core.package_identification:_identify(.) by extension 'ros'
[0.705s] Level 1:colcon.colcon_core.package_identification:_identify(.) by extensions ['cmake', 'python']
[0.706s] Level 1:colcon.colcon_core.package_identification:_identify(.) by extension 'cmake'
[0.706s] Level 1:colcon.colcon_core.package_identification:_identify(.) by extension 'python'
[0.706s] Level 1:colcon.colcon_core.package_identification:_identify(.) by extensions ['python_setup_py']
[0.706s] Level 1:colcon.colcon_core.package_identification:_identify(.) by extension 'python_setup_py'
[0.706s] Level 1:colcon.colcon_core.package_identification:_identify(build) by extensions ['ignore', 'ignore_ament_install']
[0.706s] Level 1:colcon.colcon_core.package_identification:_identify(build) by extension 'ignore'
[0.706s] Level 1:colcon.colcon_core.package_identification:_identify(build) ignored
[0.707s] Level 1:colcon.colcon_core.package_identification:_identify(install) by extensions ['ignore', 'ignore_ament_install']
[0.707s] Level 1:colcon.colcon_core.package_identification:_identify(install) by extension 'ignore'
[0.707s] Level 1:colcon.colcon_core.package_identification:_identify(install) ignored
[0.707s] Level 1:colcon.colcon_core.package_identification:_identify(log) by extensions ['ignore', 'ignore_ament_install']
[0.707s] Level 1:colcon.colcon_core.package_identification:_identify(log) by extension 'ignore'
[0.707s] Level 1:colcon.colcon_core.package_identification:_identify(log) ignored
[0.708s] Level 1:colcon.colcon_core.package_identification:_identify(src) by extensions ['ignore', 'ignore_ament_install']
[0.708s] Level 1:colcon.colcon_core.package_identification:_identify(src) by extension 'ignore'
[0.708s] Level 1:colcon.colcon_core.package_identification:_identify(src) by extension 'ignore_ament_install'
[0.708s] Level 1:colcon.colcon_core.package_identification:_identify(src) by extensions ['colcon_pkg']
[0.708s] Level 1:colcon.colcon_core.package_identification:_identify(src) by extension 'colcon_pkg'
[0.708s] Level 1:colcon.colcon_core.package_identification:_identify(src) by extensions ['colcon_meta']
[0.708s] Level 1:colcon.colcon_core.package_identification:_identify(src) by extension 'colcon_meta'
[0.708s] Level 1:colcon.colcon_core.package_identification:_identify(src) by extensions ['ros']
[0.708s] Level 1:colcon.colcon_core.package_identification:_identify(src) by extension 'ros'
[0.708s] Level 1:colcon.colcon_core.package_identification:_identify(src) by extensions ['cmake', 'python']
[0.708s] Level 1:colcon.colcon_core.package_identification:_identify(src) by extension 'cmake'
[0.709s] Level 1:colcon.colcon_core.package_identification:_identify(src) by extension 'python'
[0.709s] Level 1:colcon.colcon_core.package_identification:_identify(src) by extensions ['python_setup_py']
[0.709s] Level 1:colcon.colcon_core.package_identification:_identify(src) by extension 'python_setup_py'
[0.709s] Level 1:colcon.colcon_core.package_identification:_identify(src/zed-ros2-wrapper) by extensions ['ignore', 'ignore_ament_install']
[0.709s] Level 1:colcon.colcon_core.package_identification:_identify(src/zed-ros2-wrapper) by extension 'ignore'
[0.709s] Level 1:colcon.colcon_core.package_identification:_identify(src/zed-ros2-wrapper) by extension 'ignore_ament_install'
[0.709s] Level 1:colcon.colcon_core.package_identification:_identify(src/zed-ros2-wrapper) by extensions ['colcon_pkg']
[0.709s] Level 1:colcon.colcon_core.package_identification:_identify(src/zed-ros2-wrapper) by extension 'colcon_pkg'
[0.709s] Level 1:colcon.colcon_core.package_identification:_identify(src/zed-ros2-wrapper) by extensions ['colcon_meta']
[0.709s] Level 1:colcon.colcon_core.package_identification:_identify(src/zed-ros2-wrapper) by extension 'colcon_meta'
[0.710s] Level 1:colcon.colcon_core.package_identification:_identify(src/zed-ros2-wrapper) by extensions ['ros']
[0.710s] Level 1:colcon.colcon_core.package_identification:_identify(src/zed-ros2-wrapper) by extension 'ros'
[0.710s] Level 1:colcon.colcon_core.package_identification:_identify(src/zed-ros2-wrapper) by extensions ['cmake', 'python']
[0.710s] Level 1:colcon.colcon_core.package_identification:_identify(src/zed-ros2-wrapper) by extension 'cmake'
[0.710s] Level 1:colcon.colcon_core.package_identification:_identify(src/zed-ros2-wrapper) by extension 'python'
[0.710s] Level 1:colcon.colcon_core.package_identification:_identify(src/zed-ros2-wrapper) by extensions ['python_setup_py']
[0.710s] Level 1:colcon.colcon_core.package_identification:_identify(src/zed-ros2-wrapper) by extension 'python_setup_py'
[0.710s] Level 1:colcon.colcon_core.package_identification:_identify(src/zed-ros2-wrapper/docker) by extensions ['ignore', 'ignore_ament_install']
[0.710s] Level 1:colcon.colcon_core.package_identification:_identify(src/zed-ros2-wrapper/docker) by extension 'ignore'
[0.710s] Level 1:colcon.colcon_core.package_identification:_identify(src/zed-ros2-wrapper/docker) by extension 'ignore_ament_install'
[0.711s] Level 1:colcon.colcon_core.package_identification:_identify(src/zed-ros2-wrapper/docker) by extensions ['colcon_pkg']
[0.711s] Level 1:colcon.colcon_core.package_identification:_identify(src/zed-ros2-wrapper/docker) by extension 'colcon_pkg'
[0.711s] Level 1:colcon.colcon_core.package_identification:_identify(src/zed-ros2-wrapper/docker) by extensions ['colcon_meta']
[0.711s] Level 1:colcon.colcon_core.package_identification:_identify(src/zed-ros2-wrapper/docker) by extension 'colcon_meta'
[0.711s] Level 1:colcon.colcon_core.package_identification:_identify(src/zed-ros2-wrapper/docker) by extensions ['ros']
[0.711s] Level 1:colcon.colcon_core.package_identification:_identify(src/zed-ros2-wrapper/docker) by extension 'ros'
[0.711s] Level 1:colcon.colcon_core.package_identification:_identify(src/zed-ros2-wrapper/docker) by extensions ['cmake', 'python']
[0.711s] Level 1:colcon.colcon_core.package_identification:_identify(src/zed-ros2-wrapper/docker) by extension 'cmake'
[0.711s] Level 1:colcon.colcon_core.package_identification:_identify(src/zed-ros2-wrapper/docker) by extension 'python'
[0.711s] Level 1:colcon.colcon_core.package_identification:_identify(src/zed-ros2-wrapper/docker) by extensions ['python_setup_py']
[0.711s] Level 1:colcon.colcon_core.package_identification:_identify(src/zed-ros2-wrapper/docker) by extension 'python_setup_py'
[0.712s] Level 1:colcon.colcon_core.package_identification:_identify(src/zed-ros2-wrapper/images) by extensions ['ignore', 'ignore_ament_install']
[0.712s] Level 1:colcon.colcon_core.package_identification:_identify(src/zed-ros2-wrapper/images) by extension 'ignore'
[0.712s] Level 1:colcon.colcon_core.package_identification:_identify(src/zed-ros2-wrapper/images) by extension 'ignore_ament_install'
[0.712s] Level 1:colcon.colcon_core.package_identification:_identify(src/zed-ros2-wrapper/images) by extensions ['colcon_pkg']
[0.712s] Level 1:colcon.colcon_core.package_identification:_identify(src/zed-ros2-wrapper/images) by extension 'colcon_pkg'
[0.712s] Level 1:colcon.colcon_core.package_identification:_identify(src/zed-ros2-wrapper/images) by extensions ['colcon_meta']
[0.712s] Level 1:colcon.colcon_core.package_identification:_identify(src/zed-ros2-wrapper/images) by extension 'colcon_meta'
[0.712s] Level 1:colcon.colcon_core.package_identification:_identify(src/zed-ros2-wrapper/images) by extensions ['ros']
[0.712s] Level 1:colcon.colcon_core.package_identification:_identify(src/zed-ros2-wrapper/images) by extension 'ros'
[0.712s] Level 1:colcon.colcon_core.package_identification:_identify(src/zed-ros2-wrapper/images) by extensions ['cmake', 'python']
[0.712s] Level 1:colcon.colcon_core.package_identification:_identify(src/zed-ros2-wrapper/images) by extension 'cmake'
[0.713s] Level 1:colcon.colcon_core.package_identification:_identify(src/zed-ros2-wrapper/images) by extension 'python'
[0.713s] Level 1:colcon.colcon_core.package_identification:_identify(src/zed-ros2-wrapper/images) by extensions ['python_setup_py']
[0.713s] Level 1:colcon.colcon_core.package_identification:_identify(src/zed-ros2-wrapper/images) by extension 'python_setup_py'
[0.713s] Level 1:colcon.colcon_core.package_identification:_identify(src/zed-ros2-wrapper/zed_components) by extensions ['ignore', 'ignore_ament_install']
[0.713s] Level 1:colcon.colcon_core.package_identification:_identify(src/zed-ros2-wrapper/zed_components) by extension 'ignore'
[0.713s] Level 1:colcon.colcon_core.package_identification:_identify(src/zed-ros2-wrapper/zed_components) by extension 'ignore_ament_install'
[0.713s] Level 1:colcon.colcon_core.package_identification:_identify(src/zed-ros2-wrapper/zed_components) by extensions ['colcon_pkg']
[0.713s] Level 1:colcon.colcon_core.package_identification:_identify(src/zed-ros2-wrapper/zed_components) by extension 'colcon_pkg'
[0.713s] Level 1:colcon.colcon_core.package_identification:_identify(src/zed-ros2-wrapper/zed_components) by extensions ['colcon_meta']
[0.713s] Level 1:colcon.colcon_core.package_identification:_identify(src/zed-ros2-wrapper/zed_components) by extension 'colcon_meta'
[0.713s] Level 1:colcon.colcon_core.package_identification:_identify(src/zed-ros2-wrapper/zed_components) by extensions ['ros']
[0.714s] Level 1:colcon.colcon_core.package_identification:_identify(src/zed-ros2-wrapper/zed_components) by extension 'ros'
[0.719s] DEBUG:colcon.colcon_core.package_identification:Package 'src/zed-ros2-wrapper/zed_components' with type 'ros.ament_cmake' and name 'zed_components'
[0.719s] Level 1:colcon.colcon_core.package_identification:_identify(src/zed-ros2-wrapper/zed_ros2) by extensions ['ignore', 'ignore_ament_install']
[0.720s] Level 1:colcon.colcon_core.package_identification:_identify(src/zed-ros2-wrapper/zed_ros2) by extension 'ignore'
[0.720s] Level 1:colcon.colcon_core.package_identification:_identify(src/zed-ros2-wrapper/zed_ros2) by extension 'ignore_ament_install'
[0.720s] Level 1:colcon.colcon_core.package_identification:_identify(src/zed-ros2-wrapper/zed_ros2) by extensions ['colcon_pkg']
[0.720s] Level 1:colcon.colcon_core.package_identification:_identify(src/zed-ros2-wrapper/zed_ros2) by extension 'colcon_pkg'
[0.720s] Level 1:colcon.colcon_core.package_identification:_identify(src/zed-ros2-wrapper/zed_ros2) by extensions ['colcon_meta']
[0.720s] Level 1:colcon.colcon_core.package_identification:_identify(src/zed-ros2-wrapper/zed_ros2) by extension 'colcon_meta'
[0.720s] Level 1:colcon.colcon_core.package_identification:_identify(src/zed-ros2-wrapper/zed_ros2) by extensions ['ros']
[0.720s] Level 1:colcon.colcon_core.package_identification:_identify(src/zed-ros2-wrapper/zed_ros2) by extension 'ros'
[0.721s] DEBUG:colcon.colcon_core.package_identification:Package 'src/zed-ros2-wrapper/zed_ros2' with type 'ros.ament_cmake' and name 'zed_ros2'
[0.722s] Level 1:colcon.colcon_core.package_identification:_identify(src/zed-ros2-wrapper/zed_wrapper) by extensions ['ignore', 'ignore_ament_install']
[0.722s] Level 1:colcon.colcon_core.package_identification:_identify(src/zed-ros2-wrapper/zed_wrapper) by extension 'ignore'
[0.722s] Level 1:colcon.colcon_core.package_identification:_identify(src/zed-ros2-wrapper/zed_wrapper) by extension 'ignore_ament_install'
[0.722s] Level 1:colcon.colcon_core.package_identification:_identify(src/zed-ros2-wrapper/zed_wrapper) by extensions ['colcon_pkg']
[0.722s] Level 1:colcon.colcon_core.package_identification:_identify(src/zed-ros2-wrapper/zed_wrapper) by extension 'colcon_pkg'
[0.722s] Level 1:colcon.colcon_core.package_identification:_identify(src/zed-ros2-wrapper/zed_wrapper) by extensions ['colcon_meta']
[0.722s] Level 1:colcon.colcon_core.package_identification:_identify(src/zed-ros2-wrapper/zed_wrapper) by extension 'colcon_meta'
[0.722s] Level 1:colcon.colcon_core.package_identification:_identify(src/zed-ros2-wrapper/zed_wrapper) by extensions ['ros']
[0.722s] Level 1:colcon.colcon_core.package_identification:_identify(src/zed-ros2-wrapper/zed_wrapper) by extension 'ros'
[0.724s] DEBUG:colcon.colcon_core.package_identification:Package 'src/zed-ros2-wrapper/zed_wrapper' with type 'ros.ament_cmake' and name 'zed_wrapper'
[0.724s] Level 1:colcon.colcon_core.package_discovery:discover_packages(recursive) using defaults
[0.724s] Level 1:colcon.colcon_core.package_discovery:discover_packages(ignore) discover
[0.724s] Level 1:colcon.colcon_core.package_discovery:discover_packages(ignore) using defaults
[0.724s] Level 1:colcon.colcon_core.package_discovery:discover_packages(path) discover
[0.724s] Level 1:colcon.colcon_core.package_discovery:discover_packages(path) using defaults
[0.796s] Level 1:colcon.colcon_core.package_discovery:discover_packages(prefix_path) check parameters
[0.797s] Level 1:colcon.colcon_core.package_discovery:discover_packages(prefix_path) discover
[0.802s] DEBUG:colcon.colcon_installed_package_information.package_discovery:Found 292 installed packages in /opt/ros/humble
[0.804s] Level 1:colcon.colcon_core.package_discovery:discover_packages(prefix_path) using defaults
[0.873s] Level 5:colcon.colcon_core.verb:set package 'zed_components' build argument 'cmake_args' from command line to '['-DCMAKE_BUILD_TYPE=Release']'
[0.873s] Level 5:colcon.colcon_core.verb:set package 'zed_components' build argument 'cmake_target' from command line to 'None'
[0.873s] Level 5:colcon.colcon_core.verb:set package 'zed_components' build argument 'cmake_target_skip_unavailable' from command line to 'False'
[0.874s] Level 5:colcon.colcon_core.verb:set package 'zed_components' build argument 'cmake_clean_cache' from command line to 'False'
[0.874s] Level 5:colcon.colcon_core.verb:set package 'zed_components' build argument 'cmake_clean_first' from command line to 'False'
[0.874s] Level 5:colcon.colcon_core.verb:set package 'zed_components' build argument 'cmake_force_configure' from command line to 'False'
[0.874s] Level 5:colcon.colcon_core.verb:set package 'zed_components' build argument 'ament_cmake_args' from command line to 'None'
[0.874s] Level 5:colcon.colcon_core.verb:set package 'zed_components' build argument 'catkin_cmake_args' from command line to 'None'
[0.874s] Level 5:colcon.colcon_core.verb:set package 'zed_components' build argument 'catkin_skip_building_tests' from command line to 'False'
[0.874s] DEBUG:colcon.colcon_core.verb:Building package 'zed_components' with the following arguments: {'ament_cmake_args': None, 'build_base': '/home/epriauto/ros2_ws/camera/build/zed_components', 'catkin_cmake_args': None, 'catkin_skip_building_tests': False, 'cmake_args': ['-DCMAKE_BUILD_TYPE=Release'], 'cmake_clean_cache': False, 'cmake_clean_first': False, 'cmake_force_configure': False, 'cmake_target': None, 'cmake_target_skip_unavailable': False, 'install_base': '/home/epriauto/ros2_ws/camera/install/zed_components', 'merge_install': False, 'path': '/home/epriauto/ros2_ws/camera/src/zed-ros2-wrapper/zed_components', 'symlink_install': True, 'test_result_base': None}
[0.874s] Level 5:colcon.colcon_core.verb:set package 'zed_wrapper' build argument 'cmake_args' from command line to '['-DCMAKE_BUILD_TYPE=Release']'
[0.875s] Level 5:colcon.colcon_core.verb:set package 'zed_wrapper' build argument 'cmake_target' from command line to 'None'
[0.875s] Level 5:colcon.colcon_core.verb:set package 'zed_wrapper' build argument 'cmake_target_skip_unavailable' from command line to 'False'
[0.875s] Level 5:colcon.colcon_core.verb:set package 'zed_wrapper' build argument 'cmake_clean_cache' from command line to 'False'
[0.875s] Level 5:colcon.colcon_core.verb:set package 'zed_wrapper' build argument 'cmake_clean_first' from command line to 'False'
[0.875s] Level 5:colcon.colcon_core.verb:set package 'zed_wrapper' build argument 'cmake_force_configure' from command line to 'False'
[0.875s] Level 5:colcon.colcon_core.verb:set package 'zed_wrapper' build argument 'ament_cmake_args' from command line to 'None'
[0.875s] Level 5:colcon.colcon_core.verb:set package 'zed_wrapper' build argument 'catkin_cmake_args' from command line to 'None'
[0.875s] Level 5:colcon.colcon_core.verb:set package 'zed_wrapper' build argument 'catkin_skip_building_tests' from command line to 'False'
[0.875s] DEBUG:colcon.colcon_core.verb:Building package 'zed_wrapper' with the following arguments: {'ament_cmake_args': None, 'build_base': '/home/epriauto/ros2_ws/camera/build/zed_wrapper', 'catkin_cmake_args': None, 'catkin_skip_building_tests': False, 'cmake_args': ['-DCMAKE_BUILD_TYPE=Release'], 'cmake_clean_cache': False, 'cmake_clean_first': False, 'cmake_force_configure': False, 'cmake_target': None, 'cmake_target_skip_unavailable': False, 'install_base': '/home/epriauto/ros2_ws/camera/install/zed_wrapper', 'merge_install': False, 'path': '/home/epriauto/ros2_ws/camera/src/zed-ros2-wrapper/zed_wrapper', 'symlink_install': True, 'test_result_base': None}
[0.875s] Level 5:colcon.colcon_core.verb:set package 'zed_ros2' build argument 'cmake_args' from command line to '['-DCMAKE_BUILD_TYPE=Release']'
[0.875s] Level 5:colcon.colcon_core.verb:set package 'zed_ros2' build argument 'cmake_target' from command line to 'None'
[0.876s] Level 5:colcon.colcon_core.verb:set package 'zed_ros2' build argument 'cmake_target_skip_unavailable' from command line to 'False'
[0.876s] Level 5:colcon.colcon_core.verb:set package 'zed_ros2' build argument 'cmake_clean_cache' from command line to 'False'
[0.876s] Level 5:colcon.colcon_core.verb:set package 'zed_ros2' build argument 'cmake_clean_first' from command line to 'False'
[0.876s] Level 5:colcon.colcon_core.verb:set package 'zed_ros2' build argument 'cmake_force_configure' from command line to 'False'
[0.876s] Level 5:colcon.colcon_core.verb:set package 'zed_ros2' build argument 'ament_cmake_args' from command line to 'None'
[0.876s] Level 5:colcon.colcon_core.verb:set package 'zed_ros2' build argument 'catkin_cmake_args' from command line to 'None'
[0.876s] Level 5:colcon.colcon_core.verb:set package 'zed_ros2' build argument 'catkin_skip_building_tests' from command line to 'False'
[0.876s] DEBUG:colcon.colcon_core.verb:Building package 'zed_ros2' with the following arguments: {'ament_cmake_args': None, 'build_base': '/home/epriauto/ros2_ws/camera/build/zed_ros2', 'catkin_cmake_args': None, 'catkin_skip_building_tests': False, 'cmake_args': ['-DCMAKE_BUILD_TYPE=Release'], 'cmake_clean_cache': False, 'cmake_clean_first': False, 'cmake_force_configure': False, 'cmake_target': None, 'cmake_target_skip_unavailable': False, 'install_base': '/home/epriauto/ros2_ws/camera/install/zed_ros2', 'merge_install': False, 'path': '/home/epriauto/ros2_ws/camera/src/zed-ros2-wrapper/zed_ros2', 'symlink_install': True, 'test_result_base': None}
[0.876s] INFO:colcon.colcon_core.executor:Executing jobs using 'parallel' executor
[0.878s] DEBUG:colcon.colcon_parallel_executor.executor.parallel:run_until_complete
[0.879s] INFO:colcon.colcon_ros.task.ament_cmake.build:Building ROS package in '/home/epriauto/ros2_ws/camera/src/zed-ros2-wrapper/zed_components' with build type 'ament_cmake'
[0.879s] INFO:colcon.colcon_cmake.task.cmake.build:Building CMake package in '/home/epriauto/ros2_ws/camera/src/zed-ros2-wrapper/zed_components'
[0.886s] INFO:colcon.colcon_core.plugin_system:Skipping extension 'colcon_core.shell.bat': Not used on non-Windows systems
[0.886s] INFO:colcon.colcon_core.shell:Skip shell extension 'powershell' for command environment: Not usable outside of PowerShell
[0.886s] DEBUG:colcon.colcon_core.shell:Skip shell extension 'dsv' for command environment
[0.897s] DEBUG:colcon.colcon_core.event_handler.log_command:Invoking command in '/home/epriauto/ros2_ws/camera/build/zed_components': CMAKE_PREFIX_PATH=/opt/ros/humble /usr/bin/cmake /home/epriauto/ros2_ws/camera/src/zed-ros2-wrapper/zed_components -DCMAKE_BUILD_TYPE=Release -DAMENT_CMAKE_SYMLINK_INSTALL=1 -DCMAKE_INSTALL_PREFIX=/home/epriauto/ros2_ws/camera/install/zed_components
[4.509s] DEBUG:colcon.colcon_core.event_handler.log_command:Invoked command in '/home/epriauto/ros2_ws/camera/build/zed_components' returned '0': CMAKE_PREFIX_PATH=/opt/ros/humble /usr/bin/cmake /home/epriauto/ros2_ws/camera/src/zed-ros2-wrapper/zed_components -DCMAKE_BUILD_TYPE=Release -DAMENT_CMAKE_SYMLINK_INSTALL=1 -DCMAKE_INSTALL_PREFIX=/home/epriauto/ros2_ws/camera/install/zed_components
[4.515s] DEBUG:colcon.colcon_core.event_handler.log_command:Invoking command in '/home/epriauto/ros2_ws/camera/build/zed_components': CMAKE_PREFIX_PATH=/opt/ros/humble /usr/bin/cmake --build /home/epriauto/ros2_ws/camera/build/zed_components -- -j6 -l6
[164.929s] DEBUG:colcon.colcon_core.event_handler.log_command:Invoked command in '/home/epriauto/ros2_ws/camera/build/zed_components' returned '0': CMAKE_PREFIX_PATH=/opt/ros/humble /usr/bin/cmake --build /home/epriauto/ros2_ws/camera/build/zed_components -- -j6 -l6
[164.952s] DEBUG:colcon.colcon_core.event_handler.log_command:Invoking command in '/home/epriauto/ros2_ws/camera/build/zed_components': CMAKE_PREFIX_PATH=/opt/ros/humble /usr/bin/cmake --install /home/epriauto/ros2_ws/camera/build/zed_components
[165.562s] Level 1:colcon.colcon_core.environment:create_environment_scripts_only(zed_components)
[165.564s] DEBUG:colcon.colcon_core.event_handler.log_command:Invoked command in '/home/epriauto/ros2_ws/camera/build/zed_components' returned '0': CMAKE_PREFIX_PATH=/opt/ros/humble /usr/bin/cmake --install /home/epriauto/ros2_ws/camera/build/zed_components
[165.575s] Level 1:colcon.colcon_core.environment:checking '/home/epriauto/ros2_ws/camera/install/zed_components' for CMake module files
[165.578s] Level 1:colcon.colcon_core.environment:checking '/home/epriauto/ros2_ws/camera/install/zed_components' for CMake config files
[165.580s] Level 1:colcon.colcon_core.shell:create_environment_hook('zed_components', 'cmake_prefix_path')
[165.581s] INFO:colcon.colcon_core.shell:Creating environment hook '/home/epriauto/ros2_ws/camera/install/zed_components/share/zed_components/hook/cmake_prefix_path.ps1'
[165.584s] INFO:colcon.colcon_core.shell:Creating environment descriptor '/home/epriauto/ros2_ws/camera/install/zed_components/share/zed_components/hook/cmake_prefix_path.dsv'
[165.585s] INFO:colcon.colcon_core.shell:Creating environment hook '/home/epriauto/ros2_ws/camera/install/zed_components/share/zed_components/hook/cmake_prefix_path.sh'
[165.587s] Level 1:colcon.colcon_core.environment:checking '/home/epriauto/ros2_ws/camera/install/zed_components/lib'
[165.588s] Level 1:colcon.colcon_core.shell:create_environment_hook('zed_components', 'ld_library_path_lib')
[165.589s] INFO:colcon.colcon_core.shell:Creating environment hook '/home/epriauto/ros2_ws/camera/install/zed_components/share/zed_components/hook/ld_library_path_lib.ps1'
[165.591s] INFO:colcon.colcon_core.shell:Creating environment descriptor '/home/epriauto/ros2_ws/camera/install/zed_components/share/zed_components/hook/ld_library_path_lib.dsv'
[165.592s] INFO:colcon.colcon_core.shell:Creating environment hook '/home/epriauto/ros2_ws/camera/install/zed_components/share/zed_components/hook/ld_library_path_lib.sh'
[165.593s] Level 1:colcon.colcon_core.environment:checking '/home/epriauto/ros2_ws/camera/install/zed_components/bin'
[165.594s] Level 1:colcon.colcon_core.environment:checking '/home/epriauto/ros2_ws/camera/install/zed_components/lib/pkgconfig/zed_components.pc'
[165.595s] Level 1:colcon.colcon_core.environment:checking '/home/epriauto/ros2_ws/camera/install/zed_components/lib/python3.10/site-packages'
[165.595s] Level 1:colcon.colcon_core.environment:checking '/home/epriauto/ros2_ws/camera/install/zed_components/bin'
[165.597s] INFO:colcon.colcon_core.shell:Creating package script '/home/epriauto/ros2_ws/camera/install/zed_components/share/zed_components/package.ps1'
[165.600s] INFO:colcon.colcon_core.shell:Creating package descriptor '/home/epriauto/ros2_ws/camera/install/zed_components/share/zed_components/package.dsv'
[165.602s] INFO:colcon.colcon_core.shell:Creating package script '/home/epriauto/ros2_ws/camera/install/zed_components/share/zed_components/package.sh'
[165.605s] INFO:colcon.colcon_core.shell:Creating package script '/home/epriauto/ros2_ws/camera/install/zed_components/share/zed_components/package.bash'
[165.608s] INFO:colcon.colcon_core.shell:Creating package script '/home/epriauto/ros2_ws/camera/install/zed_components/share/zed_components/package.zsh'
[165.610s] Level 1:colcon.colcon_core.environment:create_file_with_runtime_dependencies(/home/epriauto/ros2_ws/camera/install/zed_components/share/colcon-core/packages/zed_components)
[165.612s] Level 1:colcon.colcon_core.environment:create_environment_scripts_only(zed_components)
[165.613s] Level 1:colcon.colcon_core.environment:checking '/home/epriauto/ros2_ws/camera/install/zed_components' for CMake module files
[165.615s] Level 1:colcon.colcon_core.environment:checking '/home/epriauto/ros2_ws/camera/install/zed_components' for CMake config files
[165.616s] Level 1:colcon.colcon_core.shell:create_environment_hook('zed_components', 'cmake_prefix_path')
[165.617s] INFO:colcon.colcon_core.shell:Creating environment hook '/home/epriauto/ros2_ws/camera/install/zed_components/share/zed_components/hook/cmake_prefix_path.ps1'
[165.618s] INFO:colcon.colcon_core.shell:Creating environment descriptor '/home/epriauto/ros2_ws/camera/install/zed_components/share/zed_components/hook/cmake_prefix_path.dsv'
[165.620s] INFO:colcon.colcon_core.shell:Creating environment hook '/home/epriauto/ros2_ws/camera/install/zed_components/share/zed_components/hook/cmake_prefix_path.sh'
[165.622s] Level 1:colcon.colcon_core.environment:checking '/home/epriauto/ros2_ws/camera/install/zed_components/lib'
[165.622s] Level 1:colcon.colcon_core.shell:create_environment_hook('zed_components', 'ld_library_path_lib')
[165.623s] INFO:colcon.colcon_core.shell:Creating environment hook '/home/epriauto/ros2_ws/camera/install/zed_components/share/zed_components/hook/ld_library_path_lib.ps1'
[165.625s] INFO:colcon.colcon_core.shell:Creating environment descriptor '/home/epriauto/ros2_ws/camera/install/zed_components/share/zed_components/hook/ld_library_path_lib.dsv'
[165.626s] INFO:colcon.colcon_core.shell:Creating environment hook '/home/epriauto/ros2_ws/camera/install/zed_components/share/zed_components/hook/ld_library_path_lib.sh'
[165.627s] Level 1:colcon.colcon_core.environment:checking '/home/epriauto/ros2_ws/camera/install/zed_components/bin'
[165.628s] Level 1:colcon.colcon_core.environment:checking '/home/epriauto/ros2_ws/camera/install/zed_components/lib/pkgconfig/zed_components.pc'
[165.628s] Level 1:colcon.colcon_core.environment:checking '/home/epriauto/ros2_ws/camera/install/zed_components/lib/python3.10/site-packages'
[165.629s] Level 1:colcon.colcon_core.environment:checking '/home/epriauto/ros2_ws/camera/install/zed_components/bin'
[165.630s] INFO:colcon.colcon_core.shell:Creating package script '/home/epriauto/ros2_ws/camera/install/zed_components/share/zed_components/package.ps1'
[165.632s] INFO:colcon.colcon_core.shell:Creating package descriptor '/home/epriauto/ros2_ws/camera/install/zed_components/share/zed_components/package.dsv'
[165.634s] INFO:colcon.colcon_core.shell:Creating package script '/home/epriauto/ros2_ws/camera/install/zed_components/share/zed_components/package.sh'
[165.635s] INFO:colcon.colcon_core.shell:Creating package script '/home/epriauto/ros2_ws/camera/install/zed_components/share/zed_components/package.bash'
[165.637s] INFO:colcon.colcon_core.shell:Creating package script '/home/epriauto/ros2_ws/camera/install/zed_components/share/zed_components/package.zsh'
[165.638s] Level 1:colcon.colcon_core.environment:create_file_with_runtime_dependencies(/home/epriauto/ros2_ws/camera/install/zed_components/share/colcon-core/packages/zed_components)
[165.639s] INFO:colcon.colcon_ros.task.ament_cmake.build:Building ROS package in '/home/epriauto/ros2_ws/camera/src/zed-ros2-wrapper/zed_wrapper' with build type 'ament_cmake'
[165.639s] INFO:colcon.colcon_cmake.task.cmake.build:Building CMake package in '/home/epriauto/ros2_ws/camera/src/zed-ros2-wrapper/zed_wrapper'
[165.640s] INFO:colcon.colcon_core.shell:Skip shell extension 'powershell' for command environment: Not usable outside of PowerShell
[165.641s] DEBUG:colcon.colcon_core.shell:Skip shell extension 'dsv' for command environment
[165.666s] DEBUG:colcon.colcon_core.event_handler.log_command:Invoking command in '/home/epriauto/ros2_ws/camera/build/zed_wrapper': AMENT_PREFIX_PATH=/home/epriauto/ros2_ws/camera/install/zed_components:${AMENT_PREFIX_PATH} CMAKE_PREFIX_PATH=/home/epriauto/ros2_ws/camera/install/zed_components:/opt/ros/humble LD_LIBRARY_PATH=/home/epriauto/ros2_ws/camera/install/zed_components/lib:${LD_LIBRARY_PATH} /usr/bin/cmake /home/epriauto/ros2_ws/camera/src/zed-ros2-wrapper/zed_wrapper -DCMAKE_BUILD_TYPE=Release -DAMENT_CMAKE_SYMLINK_INSTALL=1 -DCMAKE_INSTALL_PREFIX=/home/epriauto/ros2_ws/camera/install/zed_wrapper
[168.517s] DEBUG:colcon.colcon_core.event_handler.log_command:Invoked command in '/home/epriauto/ros2_ws/camera/build/zed_wrapper' returned '0': AMENT_PREFIX_PATH=/home/epriauto/ros2_ws/camera/install/zed_components:${AMENT_PREFIX_PATH} CMAKE_PREFIX_PATH=/home/epriauto/ros2_ws/camera/install/zed_components:/opt/ros/humble LD_LIBRARY_PATH=/home/epriauto/ros2_ws/camera/install/zed_components/lib:${LD_LIBRARY_PATH} /usr/bin/cmake /home/epriauto/ros2_ws/camera/src/zed-ros2-wrapper/zed_wrapper -DCMAKE_BUILD_TYPE=Release -DAMENT_CMAKE_SYMLINK_INSTALL=1 -DCMAKE_INSTALL_PREFIX=/home/epriauto/ros2_ws/camera/install/zed_wrapper
[168.521s] DEBUG:colcon.colcon_core.event_handler.log_command:Invoking command in '/home/epriauto/ros2_ws/camera/build/zed_wrapper': AMENT_PREFIX_PATH=/home/epriauto/ros2_ws/camera/install/zed_components:${AMENT_PREFIX_PATH} CMAKE_PREFIX_PATH=/home/epriauto/ros2_ws/camera/install/zed_components:/opt/ros/humble LD_LIBRARY_PATH=/home/epriauto/ros2_ws/camera/install/zed_components/lib:${LD_LIBRARY_PATH} /usr/bin/cmake --build /home/epriauto/ros2_ws/camera/build/zed_wrapper -- -j6 -l6
[168.607s] DEBUG:colcon.colcon_core.event_handler.log_command:Invoked command in '/home/epriauto/ros2_ws/camera/build/zed_wrapper' returned '0': AMENT_PREFIX_PATH=/home/epriauto/ros2_ws/camera/install/zed_components:${AMENT_PREFIX_PATH} CMAKE_PREFIX_PATH=/home/epriauto/ros2_ws/camera/install/zed_components:/opt/ros/humble LD_LIBRARY_PATH=/home/epriauto/ros2_ws/camera/install/zed_components/lib:${LD_LIBRARY_PATH} /usr/bin/cmake --build /home/epriauto/ros2_ws/camera/build/zed_wrapper -- -j6 -l6
[168.612s] DEBUG:colcon.colcon_core.event_handler.log_command:Invoking command in '/home/epriauto/ros2_ws/camera/build/zed_wrapper': AMENT_PREFIX_PATH=/home/epriauto/ros2_ws/camera/install/zed_components:${AMENT_PREFIX_PATH} CMAKE_PREFIX_PATH=/home/epriauto/ros2_ws/camera/install/zed_components:/opt/ros/humble LD_LIBRARY_PATH=/home/epriauto/ros2_ws/camera/install/zed_components/lib:${LD_LIBRARY_PATH} /usr/bin/cmake --install /home/epriauto/ros2_ws/camera/build/zed_wrapper
[169.208s] Level 1:colcon.colcon_core.environment:create_environment_scripts_only(zed_wrapper)
[169.209s] Level 1:colcon.colcon_core.environment:checking '/home/epriauto/ros2_ws/camera/install/zed_wrapper' for CMake module files
[169.211s] DEBUG:colcon.colcon_core.event_handler.log_command:Invoked command in '/home/epriauto/ros2_ws/camera/build/zed_wrapper' returned '0': AMENT_PREFIX_PATH=/home/epriauto/ros2_ws/camera/install/zed_components:${AMENT_PREFIX_PATH} CMAKE_PREFIX_PATH=/home/epriauto/ros2_ws/camera/install/zed_components:/opt/ros/humble LD_LIBRARY_PATH=/home/epriauto/ros2_ws/camera/install/zed_components/lib:${LD_LIBRARY_PATH} /usr/bin/cmake --install /home/epriauto/ros2_ws/camera/build/zed_wrapper
[169.212s] Level 1:colcon.colcon_core.environment:checking '/home/epriauto/ros2_ws/camera/install/zed_wrapper' for CMake config files
[169.214s] Level 1:colcon.colcon_core.shell:create_environment_hook('zed_wrapper', 'cmake_prefix_path')
[169.215s] INFO:colcon.colcon_core.shell:Creating environment hook '/home/epriauto/ros2_ws/camera/install/zed_wrapper/share/zed_wrapper/hook/cmake_prefix_path.ps1'
[169.217s] INFO:colcon.colcon_core.shell:Creating environment descriptor '/home/epriauto/ros2_ws/camera/install/zed_wrapper/share/zed_wrapper/hook/cmake_prefix_path.dsv'
[169.218s] INFO:colcon.colcon_core.shell:Creating environment hook '/home/epriauto/ros2_ws/camera/install/zed_wrapper/share/zed_wrapper/hook/cmake_prefix_path.sh'
[169.220s] Level 1:colcon.colcon_core.environment:checking '/home/epriauto/ros2_ws/camera/install/zed_wrapper/bin'
[169.220s] Level 1:colcon.colcon_core.environment:checking '/home/epriauto/ros2_ws/camera/install/zed_wrapper/lib/pkgconfig/zed_wrapper.pc'
[169.221s] Level 1:colcon.colcon_core.environment:checking '/home/epriauto/ros2_ws/camera/install/zed_wrapper/lib/python3.10/site-packages'
[169.222s] Level 1:colcon.colcon_core.environment:checking '/home/epriauto/ros2_ws/camera/install/zed_wrapper/bin'
[169.223s] INFO:colcon.colcon_core.shell:Creating package script '/home/epriauto/ros2_ws/camera/install/zed_wrapper/share/zed_wrapper/package.ps1'
[169.224s] INFO:colcon.colcon_core.shell:Creating package descriptor '/home/epriauto/ros2_ws/camera/install/zed_wrapper/share/zed_wrapper/package.dsv'
[169.226s] INFO:colcon.colcon_core.shell:Creating package script '/home/epriauto/ros2_ws/camera/install/zed_wrapper/share/zed_wrapper/package.sh'
[169.227s] INFO:colcon.colcon_core.shell:Creating package script '/home/epriauto/ros2_ws/camera/install/zed_wrapper/share/zed_wrapper/package.bash'
[169.228s] INFO:colcon.colcon_core.shell:Creating package script '/home/epriauto/ros2_ws/camera/install/zed_wrapper/share/zed_wrapper/package.zsh'
[169.230s] Level 1:colcon.colcon_core.environment:create_file_with_runtime_dependencies(/home/epriauto/ros2_ws/camera/install/zed_wrapper/share/colcon-core/packages/zed_wrapper)
[169.232s] Level 1:colcon.colcon_core.environment:create_environment_scripts_only(zed_wrapper)
[169.233s] Level 1:colcon.colcon_core.environment:checking '/home/epriauto/ros2_ws/camera/install/zed_wrapper' for CMake module files
[169.234s] Level 1:colcon.colcon_core.environment:checking '/home/epriauto/ros2_ws/camera/install/zed_wrapper' for CMake config files
[169.236s] Level 1:colcon.colcon_core.shell:create_environment_hook('zed_wrapper', 'cmake_prefix_path')
[169.236s] INFO:colcon.colcon_core.shell:Creating environment hook '/home/epriauto/ros2_ws/camera/install/zed_wrapper/share/zed_wrapper/hook/cmake_prefix_path.ps1'
[169.238s] INFO:colcon.colcon_core.shell:Creating environment descriptor '/home/epriauto/ros2_ws/camera/install/zed_wrapper/share/zed_wrapper/hook/cmake_prefix_path.dsv'
[169.239s] INFO:colcon.colcon_core.shell:Creating environment hook '/home/epriauto/ros2_ws/camera/install/zed_wrapper/share/zed_wrapper/hook/cmake_prefix_path.sh'
[169.241s] Level 1:colcon.colcon_core.environment:checking '/home/epriauto/ros2_ws/camera/install/zed_wrapper/bin'
[169.241s] Level 1:colcon.colcon_core.environment:checking '/home/epriauto/ros2_ws/camera/install/zed_wrapper/lib/pkgconfig/zed_wrapper.pc'
[169.242s] Level 1:colcon.colcon_core.environment:checking '/home/epriauto/ros2_ws/camera/install/zed_wrapper/lib/python3.10/site-packages'
[169.243s] Level 1:colcon.colcon_core.environment:checking '/home/epriauto/ros2_ws/camera/install/zed_wrapper/bin'
[169.244s] INFO:colcon.colcon_core.shell:Creating package script '/home/epriauto/ros2_ws/camera/install/zed_wrapper/share/zed_wrapper/package.ps1'
[169.246s] INFO:colcon.colcon_core.shell:Creating package descriptor '/home/epriauto/ros2_ws/camera/install/zed_wrapper/share/zed_wrapper/package.dsv'
[169.248s] INFO:colcon.colcon_core.shell:Creating package script '/home/epriauto/ros2_ws/camera/install/zed_wrapper/share/zed_wrapper/package.sh'
[169.249s] INFO:colcon.colcon_core.shell:Creating package script '/home/epriauto/ros2_ws/camera/install/zed_wrapper/share/zed_wrapper/package.bash'
[169.251s] INFO:colcon.colcon_core.shell:Creating package script '/home/epriauto/ros2_ws/camera/install/zed_wrapper/share/zed_wrapper/package.zsh'
[169.252s] Level 1:colcon.colcon_core.environment:create_file_with_runtime_dependencies(/home/epriauto/ros2_ws/camera/install/zed_wrapper/share/colcon-core/packages/zed_wrapper)
[169.254s] INFO:colcon.colcon_ros.task.ament_cmake.build:Building ROS package in '/home/epriauto/ros2_ws/camera/src/zed-ros2-wrapper/zed_ros2' with build type 'ament_cmake'
[169.254s] INFO:colcon.colcon_cmake.task.cmake.build:Building CMake package in '/home/epriauto/ros2_ws/camera/src/zed-ros2-wrapper/zed_ros2'
[169.255s] INFO:colcon.colcon_core.shell:Skip shell extension 'powershell' for command environment: Not usable outside of PowerShell
[169.256s] DEBUG:colcon.colcon_core.shell:Skip shell extension 'dsv' for command environment
[169.282s] DEBUG:colcon.colcon_core.event_handler.log_command:Invoking command in '/home/epriauto/ros2_ws/camera/build/zed_ros2': AMENT_PREFIX_PATH=/home/epriauto/ros2_ws/camera/install/zed_wrapper:/home/epriauto/ros2_ws/camera/install/zed_components:${AMENT_PREFIX_PATH} CMAKE_PREFIX_PATH=/home/epriauto/ros2_ws/camera/install/zed_wrapper:/home/epriauto/ros2_ws/camera/install/zed_components:/opt/ros/humble LD_LIBRARY_PATH=/home/epriauto/ros2_ws/camera/install/zed_components/lib:${LD_LIBRARY_PATH} /usr/bin/cmake /home/epriauto/ros2_ws/camera/src/zed-ros2-wrapper/zed_ros2 -DCMAKE_BUILD_TYPE=Release -DAMENT_CMAKE_SYMLINK_INSTALL=1 -DCMAKE_INSTALL_PREFIX=/home/epriauto/ros2_ws/camera/install/zed_ros2
[170.048s] DEBUG:colcon.colcon_core.event_handler.log_command:Invoked command in '/home/epriauto/ros2_ws/camera/build/zed_ros2' returned '0': AMENT_PREFIX_PATH=/home/epriauto/ros2_ws/camera/install/zed_wrapper:/home/epriauto/ros2_ws/camera/install/zed_components:${AMENT_PREFIX_PATH} CMAKE_PREFIX_PATH=/home/epriauto/ros2_ws/camera/install/zed_wrapper:/home/epriauto/ros2_ws/camera/install/zed_components:/opt/ros/humble LD_LIBRARY_PATH=/home/epriauto/ros2_ws/camera/install/zed_components/lib:${LD_LIBRARY_PATH} /usr/bin/cmake /home/epriauto/ros2_ws/camera/src/zed-ros2-wrapper/zed_ros2 -DCMAKE_BUILD_TYPE=Release -DAMENT_CMAKE_SYMLINK_INSTALL=1 -DCMAKE_INSTALL_PREFIX=/home/epriauto/ros2_ws/camera/install/zed_ros2
[170.052s] DEBUG:colcon.colcon_core.event_handler.log_command:Invoking command in '/home/epriauto/ros2_ws/camera/build/zed_ros2': AMENT_PREFIX_PATH=/home/epriauto/ros2_ws/camera/install/zed_wrapper:/home/epriauto/ros2_ws/camera/install/zed_components:${AMENT_PREFIX_PATH} CMAKE_PREFIX_PATH=/home/epriauto/ros2_ws/camera/install/zed_wrapper:/home/epriauto/ros2_ws/camera/install/zed_components:/opt/ros/humble LD_LIBRARY_PATH=/home/epriauto/ros2_ws/camera/install/zed_components/lib:${LD_LIBRARY_PATH} /usr/bin/cmake --build /home/epriauto/ros2_ws/camera/build/zed_ros2 -- -j6 -l6
[170.124s] DEBUG:colcon.colcon_core.event_handler.log_command:Invoked command in '/home/epriauto/ros2_ws/camera/build/zed_ros2' returned '0': AMENT_PREFIX_PATH=/home/epriauto/ros2_ws/camera/install/zed_wrapper:/home/epriauto/ros2_ws/camera/install/zed_components:${AMENT_PREFIX_PATH} CMAKE_PREFIX_PATH=/home/epriauto/ros2_ws/camera/install/zed_wrapper:/home/epriauto/ros2_ws/camera/install/zed_components:/opt/ros/humble LD_LIBRARY_PATH=/home/epriauto/ros2_ws/camera/install/zed_components/lib:${LD_LIBRARY_PATH} /usr/bin/cmake --build /home/epriauto/ros2_ws/camera/build/zed_ros2 -- -j6 -l6
[170.129s] DEBUG:colcon.colcon_core.event_handler.log_command:Invoking command in '/home/epriauto/ros2_ws/camera/build/zed_ros2': AMENT_PREFIX_PATH=/home/epriauto/ros2_ws/camera/install/zed_wrapper:/home/epriauto/ros2_ws/camera/install/zed_components:${AMENT_PREFIX_PATH} CMAKE_PREFIX_PATH=/home/epriauto/ros2_ws/camera/install/zed_wrapper:/home/epriauto/ros2_ws/camera/install/zed_components:/opt/ros/humble LD_LIBRARY_PATH=/home/epriauto/ros2_ws/camera/install/zed_components/lib:${LD_LIBRARY_PATH} /usr/bin/cmake --install /home/epriauto/ros2_ws/camera/build/zed_ros2
[170.430s] Level 1:colcon.colcon_core.environment:create_environment_scripts_only(zed_ros2)
[170.432s] Level 1:colcon.colcon_core.environment:checking '/home/epriauto/ros2_ws/camera/install/zed_ros2' for CMake module files
[170.433s] DEBUG:colcon.colcon_core.event_handler.log_command:Invoked command in '/home/epriauto/ros2_ws/camera/build/zed_ros2' returned '0': AMENT_PREFIX_PATH=/home/epriauto/ros2_ws/camera/install/zed_wrapper:/home/epriauto/ros2_ws/camera/install/zed_components:${AMENT_PREFIX_PATH} CMAKE_PREFIX_PATH=/home/epriauto/ros2_ws/camera/install/zed_wrapper:/home/epriauto/ros2_ws/camera/install/zed_components:/opt/ros/humble LD_LIBRARY_PATH=/home/epriauto/ros2_ws/camera/install/zed_components/lib:${LD_LIBRARY_PATH} /usr/bin/cmake --install /home/epriauto/ros2_ws/camera/build/zed_ros2
[170.435s] Level 1:colcon.colcon_core.environment:checking '/home/epriauto/ros2_ws/camera/install/zed_ros2' for CMake config files
[170.436s] Level 1:colcon.colcon_core.shell:create_environment_hook('zed_ros2', 'cmake_prefix_path')
[170.436s] INFO:colcon.colcon_core.shell:Creating environment hook '/home/epriauto/ros2_ws/camera/install/zed_ros2/share/zed_ros2/hook/cmake_prefix_path.ps1'
[170.438s] INFO:colcon.colcon_core.shell:Creating environment descriptor '/home/epriauto/ros2_ws/camera/install/zed_ros2/share/zed_ros2/hook/cmake_prefix_path.dsv'
[170.439s] INFO:colcon.colcon_core.shell:Creating environment hook '/home/epriauto/ros2_ws/camera/install/zed_ros2/share/zed_ros2/hook/cmake_prefix_path.sh'
[170.441s] Level 1:colcon.colcon_core.environment:checking '/home/epriauto/ros2_ws/camera/install/zed_ros2/bin'
[170.442s] Level 1:colcon.colcon_core.environment:checking '/home/epriauto/ros2_ws/camera/install/zed_ros2/lib/pkgconfig/zed_ros2.pc'
[170.442s] Level 1:colcon.colcon_core.environment:checking '/home/epriauto/ros2_ws/camera/install/zed_ros2/lib/python3.10/site-packages'
[170.443s] Level 1:colcon.colcon_core.environment:checking '/home/epriauto/ros2_ws/camera/install/zed_ros2/bin'
[170.444s] INFO:colcon.colcon_core.shell:Creating package script '/home/epriauto/ros2_ws/camera/install/zed_ros2/share/zed_ros2/package.ps1'
[170.446s] INFO:colcon.colcon_core.shell:Creating package descriptor '/home/epriauto/ros2_ws/camera/install/zed_ros2/share/zed_ros2/package.dsv'
[170.447s] INFO:colcon.colcon_core.shell:Creating package script '/home/epriauto/ros2_ws/camera/install/zed_ros2/share/zed_ros2/package.sh'
[170.449s] INFO:colcon.colcon_core.shell:Creating package script '/home/epriauto/ros2_ws/camera/install/zed_ros2/share/zed_ros2/package.bash'
[170.450s] INFO:colcon.colcon_core.shell:Creating package script '/home/epriauto/ros2_ws/camera/install/zed_ros2/share/zed_ros2/package.zsh'
[170.451s] Level 1:colcon.colcon_core.environment:create_file_with_runtime_dependencies(/home/epriauto/ros2_ws/camera/install/zed_ros2/share/colcon-core/packages/zed_ros2)
[170.454s] Level 1:colcon.colcon_core.environment:create_environment_scripts_only(zed_ros2)
[170.454s] Level 1:colcon.colcon_core.environment:checking '/home/epriauto/ros2_ws/camera/install/zed_ros2' for CMake module files
[170.456s] Level 1:colcon.colcon_core.environment:checking '/home/epriauto/ros2_ws/camera/install/zed_ros2' for CMake config files
[170.457s] Level 1:colcon.colcon_core.shell:create_environment_hook('zed_ros2', 'cmake_prefix_path')
[170.458s] INFO:colcon.colcon_core.shell:Creating environment hook '/home/epriauto/ros2_ws/camera/install/zed_ros2/share/zed_ros2/hook/cmake_prefix_path.ps1'
[170.459s] INFO:colcon.colcon_core.shell:Creating environment descriptor '/home/epriauto/ros2_ws/camera/install/zed_ros2/share/zed_ros2/hook/cmake_prefix_path.dsv'
[170.461s] INFO:colcon.colcon_core.shell:Creating environment hook '/home/epriauto/ros2_ws/camera/install/zed_ros2/share/zed_ros2/hook/cmake_prefix_path.sh'
[170.463s] Level 1:colcon.colcon_core.environment:checking '/home/epriauto/ros2_ws/camera/install/zed_ros2/bin'
[170.463s] Level 1:colcon.colcon_core.environment:checking '/home/epriauto/ros2_ws/camera/install/zed_ros2/lib/pkgconfig/zed_ros2.pc'
[170.464s] Level 1:colcon.colcon_core.environment:checking '/home/epriauto/ros2_ws/camera/install/zed_ros2/lib/python3.10/site-packages'
[170.465s] Level 1:colcon.colcon_core.environment:checking '/home/epriauto/ros2_ws/camera/install/zed_ros2/bin'
[170.466s] INFO:colcon.colcon_core.shell:Creating package script '/home/epriauto/ros2_ws/camera/install/zed_ros2/share/zed_ros2/package.ps1'
[170.468s] INFO:colcon.colcon_core.shell:Creating package descriptor '/home/epriauto/ros2_ws/camera/install/zed_ros2/share/zed_ros2/package.dsv'
[170.470s] INFO:colcon.colcon_core.shell:Creating package script '/home/epriauto/ros2_ws/camera/install/zed_ros2/share/zed_ros2/package.sh'
[170.472s] INFO:colcon.colcon_core.shell:Creating package script '/home/epriauto/ros2_ws/camera/install/zed_ros2/share/zed_ros2/package.bash'
[170.474s] INFO:colcon.colcon_core.shell:Creating package script '/home/epriauto/ros2_ws/camera/install/zed_ros2/share/zed_ros2/package.zsh'
[170.476s] Level 1:colcon.colcon_core.environment:create_file_with_runtime_dependencies(/home/epriauto/ros2_ws/camera/install/zed_ros2/share/colcon-core/packages/zed_ros2)
[170.477s] DEBUG:colcon.colcon_parallel_executor.executor.parallel:closing loop
[170.477s] DEBUG:colcon.colcon_parallel_executor.executor.parallel:loop closed
[170.478s] DEBUG:colcon.colcon_parallel_executor.executor.parallel:run_until_complete finished with '0'
[170.478s] DEBUG:colcon.colcon_core.event_reactor:joining thread
[170.498s] INFO:colcon.colcon_core.plugin_system:Skipping extension 'colcon_notification.desktop_notification.terminal_notifier': Not used on non-Darwin systems
[170.499s] INFO:colcon.colcon_core.plugin_system:Skipping extension 'colcon_notification.desktop_notification.win32': Not used on non-Windows systems
[170.499s] INFO:colcon.colcon_notification.desktop_notification:Sending desktop notification using 'notify2'
[170.585s] DEBUG:colcon.colcon_core.event_reactor:joined thread
[170.589s] INFO:colcon.colcon_core.shell:Creating prefix script '/home/epriauto/ros2_ws/camera/install/local_setup.ps1'
[170.593s] INFO:colcon.colcon_core.shell:Creating prefix util module '/home/epriauto/ros2_ws/camera/install/_local_setup_util_ps1.py'
[170.599s] INFO:colcon.colcon_core.shell:Creating prefix chain script '/home/epriauto/ros2_ws/camera/install/setup.ps1'
[170.602s] INFO:colcon.colcon_core.shell:Creating prefix script '/home/epriauto/ros2_ws/camera/install/local_setup.sh'
[170.605s] INFO:colcon.colcon_core.shell:Creating prefix util module '/home/epriauto/ros2_ws/camera/install/_local_setup_util_sh.py'
[170.606s] INFO:colcon.colcon_core.shell:Creating prefix chain script '/home/epriauto/ros2_ws/camera/install/setup.sh'
[170.610s] INFO:colcon.colcon_core.shell:Creating prefix script '/home/epriauto/ros2_ws/camera/install/local_setup.bash'
[170.612s] INFO:colcon.colcon_core.shell:Creating prefix chain script '/home/epriauto/ros2_ws/camera/install/setup.bash'
[170.614s] INFO:colcon.colcon_core.shell:Creating prefix script '/home/epriauto/ros2_ws/camera/install/local_setup.zsh'
[170.616s] INFO:colcon.colcon_core.shell:Creating prefix chain script '/home/epriauto/ros2_ws/camera/install/setup.zsh'
