-- Current CPU architecture: aarch64
-- Found ament_cmake: 1.3.11 (/opt/ros/humble/share/ament_cmake/cmake)
-- Override CMake install command with custom implementation using symlinks instead of copying resources
-- Found rclcpp: 16.0.11 (/opt/ros/humble/share/rclcpp/cmake)
-- Found rosidl_generator_c: 3.1.6 (/opt/ros/humble/share/rosidl_generator_c/cmake)
-- Found rosidl_adapter: 3.1.6 (/opt/ros/humble/share/rosidl_adapter/cmake)
-- Found rosidl_generator_cpp: 3.1.6 (/opt/ros/humble/share/rosidl_generator_cpp/cmake)
-- Using all available rosidl_typesupport_c: rosidl_typesupport_fastrtps_c;rosidl_typesupport_introspection_c
-- Using all available rosidl_typesupport_cpp: rosidl_typesupport_fastrtps_cpp;rosidl_typesupport_introspection_cpp
-- Found rmw_implementation_cmake: 6.1.2 (/opt/ros/humble/share/rmw_implementation_cmake/cmake)
-- Found rmw_fastrtps_cpp: 6.2.7 (/opt/ros/humble/share/rmw_fastrtps_cpp/cmake)
-- Using RMW implementation 'rmw_fastrtps_cpp' as default
-- Found rclpy: 3.3.15 (/opt/ros/humble/share/rclpy/cmake)
-- Found geometry_msgs: 4.2.4 (/opt/ros/humble/share/geometry_msgs/cmake)
-- Found nav_msgs: 4.2.4 (/opt/ros/humble/share/nav_msgs/cmake)
-- Found sensor_msgs: 4.2.4 (/opt/ros/humble/share/sensor_msgs/cmake)
-- Found pcl_ros: 2.4.5 (/opt/ros/humble/share/pcl_ros/cmake)
-- Eigen found (include: /usr/include/eigen3, version: 3.4.0)
-- FLANN found (include: /usr/include, lib: /usr/lib/aarch64-linux-gnu/libflann_cpp.so)
-- OpenNI found (version: 1.5.4.0, include: /usr/include/ni, lib: /usr/lib/libOpenNI.so;libusb::libusb)
-- OpenNI2 found (version: 2.2.0.33, include: /usr/include/openni2, lib: /usr/lib/aarch64-linux-gnu/libOpenNI2.so;libusb::libusb)
-- Eigen found (include: /usr/include/eigen3, version: 3.4.0)
-- OpenNI found (version: 1.5.4.0, include: /usr/include/ni, lib: /usr/lib/libOpenNI.so;libusb::libusb)
-- OpenNI2 found (version: 2.2.0.33, include: /usr/include/openni2, lib: /usr/lib/aarch64-linux-gnu/libOpenNI2.so;libusb::libusb)
-- Found Qhull version 8.0.2
-- OpenNI found (version: 1.5.4.0, include: /usr/include/ni, lib: /usr/lib/libOpenNI.so;libusb::libusb)
-- Found eigen3_cmake_module: 0.1.1 (/opt/ros/humble/share/eigen3_cmake_module/cmake)
-- Ensuring Eigen3 include directory is part of orocos-kdl CMake target
-- Found visualization_msgs: 4.2.4 (/opt/ros/humble/share/visualization_msgs/cmake)
-- Configuring done
-- Generating done
-- Build files have been written to: /home/epriauto/ros2_ws/unilidar_l1/unitree_lidar_pointlio/build/unitree_lidar_pointlio
[ 66%] [32mBuilding CXX object CMakeFiles/pointlio_mapping.dir/src/Estimator.cpp.o[0m
[ 66%] [32mBuilding CXX object CMakeFiles/pointlio_mapping.dir/src/laserMapping.cpp.o[0m
[ 66%] [32mBuilding CXX object CMakeFiles/pointlio_mapping.dir/include/ikd-Tree/ikd_Tree.cpp.o[0m
[ 66%] [32mBuilding CXX object CMakeFiles/pointlio_mapping.dir/src/preprocess.cpp.o[0m
[ 83%] [32mBuilding CXX object CMakeFiles/pointlio_mapping.dir/src/parameters.cpp.o[0m
In file included from [01m[K/home/epriauto/ros2_ws/unilidar_l1/unitree_lidar_pointlio/src/unitree_lidar_pointlio/include/../include/IKFoM/IKFoM_toolkit/esekfom/../mtk/types/SOn.hpp:83[m[K,
                 from [01m[K/home/epriauto/ros2_ws/unilidar_l1/unitree_lidar_pointlio/src/unitree_lidar_pointlio/include/../include/IKFoM/IKFoM_toolkit/esekfom/esekfom.hpp:50[m[K,
                 from [01m[K/home/epriauto/ros2_ws/unilidar_l1/unitree_lidar_pointlio/src/unitree_lidar_pointlio/src/Estimator.h:4[m[K,
                 from [01m[K/home/epriauto/ros2_ws/unilidar_l1/unitree_lidar_pointlio/src/unitree_lidar_pointlio/src/Estimator.cpp:2[m[K:
/home/epriauto/ros2_ws/unilidar_l1/unitree_lidar_pointlio/src/unitree_lidar_pointlio/include/../include/IKFoM/IKFoM_toolkit/esekfom/../mtk/types/../src/mtkmath.hpp: In instantiation of ‘[01m[Kstd::pair<_FIter, _FIter> MTK::cos_sinc_sqrt(const scalar&) [with scalar = double][m[K’:
[01m[K/home/epriauto/ros2_ws/unilidar_l1/unitree_lidar_pointlio/src/unitree_lidar_pointlio/include/../include/IKFoM/IKFoM_toolkit/esekfom/../mtk/types/../src/mtkmath.hpp:252:52:[m[K   required from ‘[01m[Kscalar MTK::exp(MTK::vectview<scalar, dim>, MTK::vectview<const scalar, dim>, const scalar&) [with scalar = double; int n = 3][m[K’
[01m[K/home/epriauto/ros2_ws/unilidar_l1/unitree_lidar_pointlio/src/unitree_lidar_pointlio/include/../include/IKFoM/IKFoM_toolkit/esekfom/../mtk/types/SOn.hpp:334:32:[m[K   required from ‘[01m[Kstatic MTK::SO3<_scalar, Options> MTK::SO3<_scalar, Options>::exp(const Eigen::Matrix<Type, 3, 1>&, MTK::SO3<_scalar, Options>::scalar) [with _scalar = double; int Options = 0; MTK::SO3<_scalar, Options>::scalar = double][m[K’
[01m[K/home/epriauto/ros2_ws/unilidar_l1/unitree_lidar_pointlio/src/unitree_lidar_pointlio/include/../include/IKFoM/IKFoM_toolkit/esekfom/../mtk/types/SOn.hpp:242:18:[m[K   required from ‘[01m[Kvoid MTK::SO3<_scalar, Options>::boxplus(MTK::vectview<const _scalar, MTK::SO3<_scalar, Options>::DOF>, MTK::SO3<_scalar, Options>::scalar) [with _scalar = double; int Options = 0; MTK::SO3<_scalar, Options>::scalar = double][m[K’
[01m[K/home/epriauto/ros2_ws/unilidar_l1/unitree_lidar_pointlio/src/unitree_lidar_pointlio/src/Estimator.h:38:1:[m[K   required from here
[01m[K/home/epriauto/ros2_ws/unilidar_l1/unitree_lidar_pointlio/src/unitree_lidar_pointlio/include/../include/IKFoM/IKFoM_toolkit/esekfom/../mtk/types/../src/mtkmath.hpp:143:27:[m[K [01;36m[Knote: [m[Kparameter passing for argument of type ‘[01m[Kstd::pair<double, double>[m[K’ when C++17 is enabled changed to match C++14 ]8;;https://gcc.gnu.org/gcc-10/changes.html#empty_basein GCC 10.1]8;;
  143 | std::pair<scalar, scalar> [01;36m[Kcos_sinc_sqrt[m[K(const scalar &x2){
      |                           [01;36m[K^~~~~~~~~~~~~[m[K
In file included from [01m[K/home/epriauto/ros2_ws/unilidar_l1/unitree_lidar_pointlio/src/unitree_lidar_pointlio/include/../include/IKFoM/IKFoM_toolkit/esekfom/../mtk/types/SOn.hpp:83[m[K,
                 from [01m[K/home/epriauto/ros2_ws/unilidar_l1/unitree_lidar_pointlio/src/unitree_lidar_pointlio/include/../include/IKFoM/IKFoM_toolkit/esekfom/esekfom.hpp:50[m[K,
                 from [01m[K/home/epriauto/ros2_ws/unilidar_l1/unitree_lidar_pointlio/src/unitree_lidar_pointlio/src/Estimator.h:4[m[K,
                 from [01m[K/home/epriauto/ros2_ws/unilidar_l1/unitree_lidar_pointlio/src/unitree_lidar_pointlio/src/laserMapping.cpp:27[m[K:
/home/epriauto/ros2_ws/unilidar_l1/unitree_lidar_pointlio/src/unitree_lidar_pointlio/include/../include/IKFoM/IKFoM_toolkit/esekfom/../mtk/types/../src/mtkmath.hpp: In instantiation of ‘[01m[Kstd::pair<_FIter, _FIter> MTK::cos_sinc_sqrt(const scalar&) [with scalar = double][m[K’:
[01m[K/home/epriauto/ros2_ws/unilidar_l1/unitree_lidar_pointlio/src/unitree_lidar_pointlio/include/../include/IKFoM/IKFoM_toolkit/esekfom/../mtk/types/../src/mtkmath.hpp:252:52:[m[K   required from ‘[01m[Kscalar MTK::exp(MTK::vectview<scalar, dim>, MTK::vectview<const scalar, dim>, const scalar&) [with scalar = double; int n = 3][m[K’
[01m[K/home/epriauto/ros2_ws/unilidar_l1/unitree_lidar_pointlio/src/unitree_lidar_pointlio/include/../include/IKFoM/IKFoM_toolkit/esekfom/esekfom.hpp:168:39:[m[K   required from ‘[01m[Kvoid esekfom::esekf<state, process_noise_dof, input, measurement, measurement_noise_dof>::predict(double&, esekfom::esekf<state, process_noise_dof, input, measurement, measurement_noise_dof>::processnoisecovariance&, const input&, bool, bool) [with state = state_output; int process_noise_dof = 30; input = input_ikfom; measurement = state_output; int measurement_noise_dof = 0; esekfom::esekf<state, process_noise_dof, input, measurement, measurement_noise_dof>::processnoisecovariance = Eigen::Matrix<double, 30, 30, 0, 30, 30>][m[K’
[01m[K/home/epriauto/ros2_ws/unilidar_l1/unitree_lidar_pointlio/src/unitree_lidar_pointlio/src/laserMapping.cpp:1004:46:[m[K   required from here
[01m[K/home/epriauto/ros2_ws/unilidar_l1/unitree_lidar_pointlio/src/unitree_lidar_pointlio/include/../include/IKFoM/IKFoM_toolkit/esekfom/../mtk/types/../src/mtkmath.hpp:143:27:[m[K [01;36m[Knote: [m[Kparameter passing for argument of type ‘[01m[Kstd::pair<double, double>[m[K’ when C++17 is enabled changed to match C++14 ]8;;https://gcc.gnu.org/gcc-10/changes.html#empty_basein GCC 10.1]8;;
  143 | std::pair<scalar, scalar> [01;36m[Kcos_sinc_sqrt[m[K(const scalar &x2){
      |                           [01;36m[K^~~~~~~~~~~~~[m[K
[100%] [32m[1mLinking CXX executable pointlio_mapping[0m
[100%] Built target pointlio_mapping
-- Install configuration: ""
-- Execute custom install script
-- Symlinking: /home/epriauto/ros2_ws/unilidar_l1/unitree_lidar_pointlio/install/unitree_lidar_pointlio/lib/unitree_lidar_pointlio/pointlio_mapping
-- Symlinking: /home/epriauto/ros2_ws/unilidar_l1/unitree_lidar_pointlio/install/unitree_lidar_pointlio/share/unitree_lidar_pointlio/config/unilidar_l1.yaml
-- Symlinking: /home/epriauto/ros2_ws/unilidar_l1/unitree_lidar_pointlio/install/unitree_lidar_pointlio/share/unitree_lidar_pointlio/launch/correct_odom_unilidar_l1.launch.py
-- Symlinking: /home/epriauto/ros2_ws/unilidar_l1/unitree_lidar_pointlio/install/unitree_lidar_pointlio/share/unitree_lidar_pointlio/launch/mapping_unilidar_l1.launch.py
-- Symlinking: /home/epriauto/ros2_ws/unilidar_l1/unitree_lidar_pointlio/install/unitree_lidar_pointlio/share/unitree_lidar_pointlio/rviz_cfg/loam_livox.rviz
-- Symlinking: /home/epriauto/ros2_ws/unilidar_l1/unitree_lidar_pointlio/install/unitree_lidar_pointlio/share/ament_index/resource_index/package_run_dependencies/unitree_lidar_pointlio
-- Symlinking: /home/epriauto/ros2_ws/unilidar_l1/unitree_lidar_pointlio/install/unitree_lidar_pointlio/share/ament_index/resource_index/parent_prefix_path/unitree_lidar_pointlio
-- Symlinking: /home/epriauto/ros2_ws/unilidar_l1/unitree_lidar_pointlio/install/unitree_lidar_pointlio/share/unitree_lidar_pointlio/environment/ament_prefix_path.sh
-- Symlinking: /home/epriauto/ros2_ws/unilidar_l1/unitree_lidar_pointlio/install/unitree_lidar_pointlio/share/unitree_lidar_pointlio/environment/ament_prefix_path.dsv
-- Symlinking: /home/epriauto/ros2_ws/unilidar_l1/unitree_lidar_pointlio/install/unitree_lidar_pointlio/share/unitree_lidar_pointlio/environment/path.sh
-- Symlinking: /home/epriauto/ros2_ws/unilidar_l1/unitree_lidar_pointlio/install/unitree_lidar_pointlio/share/unitree_lidar_pointlio/environment/path.dsv
-- Symlinking: /home/epriauto/ros2_ws/unilidar_l1/unitree_lidar_pointlio/install/unitree_lidar_pointlio/share/unitree_lidar_pointlio/local_setup.bash
-- Symlinking: /home/epriauto/ros2_ws/unilidar_l1/unitree_lidar_pointlio/install/unitree_lidar_pointlio/share/unitree_lidar_pointlio/local_setup.sh
-- Symlinking: /home/epriauto/ros2_ws/unilidar_l1/unitree_lidar_pointlio/install/unitree_lidar_pointlio/share/unitree_lidar_pointlio/local_setup.zsh
-- Symlinking: /home/epriauto/ros2_ws/unilidar_l1/unitree_lidar_pointlio/install/unitree_lidar_pointlio/share/unitree_lidar_pointlio/local_setup.dsv
-- Symlinking: /home/epriauto/ros2_ws/unilidar_l1/unitree_lidar_pointlio/install/unitree_lidar_pointlio/share/unitree_lidar_pointlio/package.dsv
-- Symlinking: /home/epriauto/ros2_ws/unilidar_l1/unitree_lidar_pointlio/install/unitree_lidar_pointlio/share/ament_index/resource_index/packages/unitree_lidar_pointlio
-- Symlinking: /home/epriauto/ros2_ws/unilidar_l1/unitree_lidar_pointlio/install/unitree_lidar_pointlio/share/unitree_lidar_pointlio/cmake/ament_cmake_export_dependencies-extras.cmake
-- Symlinking: /home/epriauto/ros2_ws/unilidar_l1/unitree_lidar_pointlio/install/unitree_lidar_pointlio/share/unitree_lidar_pointlio/cmake/unitree_lidar_pointlioConfig.cmake
-- Symlinking: /home/epriauto/ros2_ws/unilidar_l1/unitree_lidar_pointlio/install/unitree_lidar_pointlio/share/unitree_lidar_pointlio/cmake/unitree_lidar_pointlioConfig-version.cmake
-- Symlinking: /home/epriauto/ros2_ws/unilidar_l1/unitree_lidar_pointlio/install/unitree_lidar_pointlio/share/unitree_lidar_pointlio/package.xml
