running develop
Removing /home/epriauto/ros2_ws/dunker_motor/dunker_motor_ros2/install/motor_control/lib/python3.10/site-packages/motor-control.egg-link (link to .)
running egg_info
writing ../../build/motor_control/motor_control.egg-info/PKG-INFO
writing dependency_links to ../../build/motor_control/motor_control.egg-info/dependency_links.txt
writing entry points to ../../build/motor_control/motor_control.egg-info/entry_points.txt
writing requirements to ../../build/motor_control/motor_control.egg-info/requires.txt
writing top-level names to ../../build/motor_control/motor_control.egg-info/top_level.txt
reading manifest file '../../build/motor_control/motor_control.egg-info/SOURCES.txt'
adding license file 'LICENSE'
writing manifest file '../../build/motor_control/motor_control.egg-info/SOURCES.txt'
running build
running build_py
creating /home/epriauto/ros2_ws/dunker_motor/dunker_motor_ros2/build/motor_control/build
creating /home/epriauto/ros2_ws/dunker_motor/dunker_motor_ros2/build/motor_control/build/lib
creating /home/epriauto/ros2_ws/dunker_motor/dunker_motor_ros2/build/motor_control/build/lib/motor_control
copying motor_control/controller.py -> /home/epriauto/ros2_ws/dunker_motor/dunker_motor_ros2/build/motor_control/build/lib/motor_control
copying motor_control/__init__.py -> /home/epriauto/ros2_ws/dunker_motor/dunker_motor_ros2/build/motor_control/build/lib/motor_control
creating /home/epriauto/ros2_ws/dunker_motor/dunker_motor_ros2/build/motor_control/build/lib/robotcontrol
copying robotcontrol/robotcontrol.py -> /home/epriauto/ros2_ws/dunker_motor/dunker_motor_ros2/build/motor_control/build/lib/robotcontrol
copying robotcontrol/__init__.py -> /home/epriauto/ros2_ws/dunker_motor/dunker_motor_ros2/build/motor_control/build/lib/robotcontrol
running install
running install_lib
creating /home/epriauto/ros2_ws/dunker_motor/dunker_motor_ros2/install/motor_control/lib/python3.10/site-packages/motor_control
copying /home/epriauto/ros2_ws/dunker_motor/dunker_motor_ros2/build/motor_control/build/lib/motor_control/controller.py -> /home/epriauto/ros2_ws/dunker_motor/dunker_motor_ros2/install/motor_control/lib/python3.10/site-packages/motor_control
copying /home/epriauto/ros2_ws/dunker_motor/dunker_motor_ros2/build/motor_control/build/lib/motor_control/__init__.py -> /home/epriauto/ros2_ws/dunker_motor/dunker_motor_ros2/install/motor_control/lib/python3.10/site-packages/motor_control
creating /home/epriauto/ros2_ws/dunker_motor/dunker_motor_ros2/install/motor_control/lib/python3.10/site-packages/robotcontrol
copying /home/epriauto/ros2_ws/dunker_motor/dunker_motor_ros2/build/motor_control/build/lib/robotcontrol/robotcontrol.py -> /home/epriauto/ros2_ws/dunker_motor/dunker_motor_ros2/install/motor_control/lib/python3.10/site-packages/robotcontrol
copying /home/epriauto/ros2_ws/dunker_motor/dunker_motor_ros2/build/motor_control/build/lib/robotcontrol/__init__.py -> /home/epriauto/ros2_ws/dunker_motor/dunker_motor_ros2/install/motor_control/lib/python3.10/site-packages/robotcontrol
byte-compiling /home/epriauto/ros2_ws/dunker_motor/dunker_motor_ros2/install/motor_control/lib/python3.10/site-packages/motor_control/controller.py to controller.cpython-310.pyc
byte-compiling /home/epriauto/ros2_ws/dunker_motor/dunker_motor_ros2/install/motor_control/lib/python3.10/site-packages/motor_control/__init__.py to __init__.cpython-310.pyc
byte-compiling /home/epriauto/ros2_ws/dunker_motor/dunker_motor_ros2/install/motor_control/lib/python3.10/site-packages/robotcontrol/robotcontrol.py to robotcontrol.cpython-310.pyc
byte-compiling /home/epriauto/ros2_ws/dunker_motor/dunker_motor_ros2/install/motor_control/lib/python3.10/site-packages/robotcontrol/__init__.py to __init__.cpython-310.pyc
running install_data
copying resource/motor_control -> /home/epriauto/ros2_ws/dunker_motor/dunker_motor_ros2/install/motor_control/share/ament_index/resource_index/packages
copying package.xml -> /home/epriauto/ros2_ws/dunker_motor/dunker_motor_ros2/install/motor_control/share/motor_control
running install_egg_info
Copying ../../build/motor_control/motor_control.egg-info to /home/epriauto/ros2_ws/dunker_motor/dunker_motor_ros2/install/motor_control/lib/python3.10/site-packages/motor_control-0.0.0-py3.10.egg-info
running install_scripts
Installing controller script to /home/epriauto/ros2_ws/dunker_motor/dunker_motor_ros2/install/motor_control/lib/motor_control
writing list of installed files to '/home/epriauto/ros2_ws/dunker_motor/dunker_motor_ros2/build/motor_control/install.log'
