[1.260s] Invoking command in '/home/epriauto/ros2_ws/dunker_motor/dunker_motor_ros2/build/motor_control': PYTHONPATH=/home/epriauto/ros2_ws/dunker_motor/dunker_motor_ros2/build/motor_control/prefix_override:/usr/lib/python3/dist-packages/colcon_core/task/python/colcon_distutils_commands:/home/epriauto/ros2_ws/dunker_motor/dunker_motor_ros2/install/motor_control/lib/python3.10/site-packages:${PYTHONPATH} /usr/bin/python3 -W ignore:setup.py install is deprecated -W ignore:easy_install command is deprecated setup.py develop --uninstall --editable --build-directory /home/epriauto/ros2_ws/dunker_motor/dunker_motor_ros2/build/motor_control/build
[1.749s] running develop
[2.056s] Removing /home/epriauto/ros2_ws/dunker_motor/dunker_motor_ros2/install/motor_control/lib/python3.10/site-packages/motor-control.egg-link (link to .)
[2.129s] Invoked command in '/home/epriauto/ros2_ws/dunker_motor/dunker_motor_ros2/build/motor_control' returned '0': PYTHONPATH=/home/epriauto/ros2_ws/dunker_motor/dunker_motor_ros2/build/motor_control/prefix_override:/usr/lib/python3/dist-packages/colcon_core/task/python/colcon_distutils_commands:/home/epriauto/ros2_ws/dunker_motor/dunker_motor_ros2/install/motor_control/lib/python3.10/site-packages:${PYTHONPATH} /usr/bin/python3 -W ignore:setup.py install is deprecated -W ignore:easy_install command is deprecated setup.py develop --uninstall --editable --build-directory /home/epriauto/ros2_ws/dunker_motor/dunker_motor_ros2/build/motor_control/build
[2.135s] Invoking command in '/home/epriauto/ros2_ws/dunker_motor/dunker_motor_ros2/src/motor_control': PYTHONPATH=/home/epriauto/ros2_ws/dunker_motor/dunker_motor_ros2/build/motor_control/prefix_override:/usr/lib/python3/dist-packages/colcon_core/task/python/colcon_distutils_commands:/home/epriauto/ros2_ws/dunker_motor/dunker_motor_ros2/install/motor_control/lib/python3.10/site-packages:${PYTHONPATH} /usr/bin/python3 -W ignore:setup.py install is deprecated -W ignore:easy_install command is deprecated setup.py egg_info --egg-base ../../build/motor_control build --build-base /home/epriauto/ros2_ws/dunker_motor/dunker_motor_ros2/build/motor_control/build install --record /home/epriauto/ros2_ws/dunker_motor/dunker_motor_ros2/build/motor_control/install.log --single-version-externally-managed install_data --force
[2.580s] running egg_info
[2.580s] writing ../../build/motor_control/motor_control.egg-info/PKG-INFO
[2.581s] writing dependency_links to ../../build/motor_control/motor_control.egg-info/dependency_links.txt
[2.581s] writing entry points to ../../build/motor_control/motor_control.egg-info/entry_points.txt
[2.582s] writing requirements to ../../build/motor_control/motor_control.egg-info/requires.txt
[2.582s] writing top-level names to ../../build/motor_control/motor_control.egg-info/top_level.txt
[2.586s] reading manifest file '../../build/motor_control/motor_control.egg-info/SOURCES.txt'
[2.586s] adding license file 'LICENSE'
[2.587s] writing manifest file '../../build/motor_control/motor_control.egg-info/SOURCES.txt'
[2.587s] running build
[2.588s] running build_py
[2.588s] creating /home/epriauto/ros2_ws/dunker_motor/dunker_motor_ros2/build/motor_control/build
[2.588s] creating /home/epriauto/ros2_ws/dunker_motor/dunker_motor_ros2/build/motor_control/build/lib
[2.588s] creating /home/epriauto/ros2_ws/dunker_motor/dunker_motor_ros2/build/motor_control/build/lib/motor_control
[2.588s] copying motor_control/controller.py -> /home/epriauto/ros2_ws/dunker_motor/dunker_motor_ros2/build/motor_control/build/lib/motor_control
[2.588s] copying motor_control/__init__.py -> /home/epriauto/ros2_ws/dunker_motor/dunker_motor_ros2/build/motor_control/build/lib/motor_control
[2.589s] creating /home/epriauto/ros2_ws/dunker_motor/dunker_motor_ros2/build/motor_control/build/lib/robotcontrol
[2.589s] copying robotcontrol/robotcontrol.py -> /home/epriauto/ros2_ws/dunker_motor/dunker_motor_ros2/build/motor_control/build/lib/robotcontrol
[2.589s] copying robotcontrol/__init__.py -> /home/epriauto/ros2_ws/dunker_motor/dunker_motor_ros2/build/motor_control/build/lib/robotcontrol
[2.590s] running install
[2.590s] running install_lib
[2.591s] creating /home/epriauto/ros2_ws/dunker_motor/dunker_motor_ros2/install/motor_control/lib/python3.10/site-packages/motor_control
[2.592s] copying /home/epriauto/ros2_ws/dunker_motor/dunker_motor_ros2/build/motor_control/build/lib/motor_control/controller.py -> /home/epriauto/ros2_ws/dunker_motor/dunker_motor_ros2/install/motor_control/lib/python3.10/site-packages/motor_control
[2.592s] copying /home/epriauto/ros2_ws/dunker_motor/dunker_motor_ros2/build/motor_control/build/lib/motor_control/__init__.py -> /home/epriauto/ros2_ws/dunker_motor/dunker_motor_ros2/install/motor_control/lib/python3.10/site-packages/motor_control
[2.592s] creating /home/epriauto/ros2_ws/dunker_motor/dunker_motor_ros2/install/motor_control/lib/python3.10/site-packages/robotcontrol
[2.592s] copying /home/epriauto/ros2_ws/dunker_motor/dunker_motor_ros2/build/motor_control/build/lib/robotcontrol/robotcontrol.py -> /home/epriauto/ros2_ws/dunker_motor/dunker_motor_ros2/install/motor_control/lib/python3.10/site-packages/robotcontrol
[2.592s] copying /home/epriauto/ros2_ws/dunker_motor/dunker_motor_ros2/build/motor_control/build/lib/robotcontrol/__init__.py -> /home/epriauto/ros2_ws/dunker_motor/dunker_motor_ros2/install/motor_control/lib/python3.10/site-packages/robotcontrol
[2.594s] byte-compiling /home/epriauto/ros2_ws/dunker_motor/dunker_motor_ros2/install/motor_control/lib/python3.10/site-packages/motor_control/controller.py to controller.cpython-310.pyc
[2.596s] byte-compiling /home/epriauto/ros2_ws/dunker_motor/dunker_motor_ros2/install/motor_control/lib/python3.10/site-packages/motor_control/__init__.py to __init__.cpython-310.pyc
[2.596s] byte-compiling /home/epriauto/ros2_ws/dunker_motor/dunker_motor_ros2/install/motor_control/lib/python3.10/site-packages/robotcontrol/robotcontrol.py to robotcontrol.cpython-310.pyc
[2.597s] byte-compiling /home/epriauto/ros2_ws/dunker_motor/dunker_motor_ros2/install/motor_control/lib/python3.10/site-packages/robotcontrol/__init__.py to __init__.cpython-310.pyc
[2.598s] running install_data
[2.598s] copying resource/motor_control -> /home/epriauto/ros2_ws/dunker_motor/dunker_motor_ros2/install/motor_control/share/ament_index/resource_index/packages
[2.598s] copying package.xml -> /home/epriauto/ros2_ws/dunker_motor/dunker_motor_ros2/install/motor_control/share/motor_control
[2.598s] running install_egg_info
[2.604s] Copying ../../build/motor_control/motor_control.egg-info to /home/epriauto/ros2_ws/dunker_motor/dunker_motor_ros2/install/motor_control/lib/python3.10/site-packages/motor_control-0.0.0-py3.10.egg-info
[2.606s] running install_scripts
[2.643s] Installing controller script to /home/epriauto/ros2_ws/dunker_motor/dunker_motor_ros2/install/motor_control/lib/motor_control
[2.644s] writing list of installed files to '/home/epriauto/ros2_ws/dunker_motor/dunker_motor_ros2/build/motor_control/install.log'
[2.712s] Invoked command in '/home/epriauto/ros2_ws/dunker_motor/dunker_motor_ros2/src/motor_control' returned '0': PYTHONPATH=/home/epriauto/ros2_ws/dunker_motor/dunker_motor_ros2/build/motor_control/prefix_override:/usr/lib/python3/dist-packages/colcon_core/task/python/colcon_distutils_commands:/home/epriauto/ros2_ws/dunker_motor/dunker_motor_ros2/install/motor_control/lib/python3.10/site-packages:${PYTHONPATH} /usr/bin/python3 -W ignore:setup.py install is deprecated -W ignore:easy_install command is deprecated setup.py egg_info --egg-base ../../build/motor_control build --build-base /home/epriauto/ros2_ws/dunker_motor/dunker_motor_ros2/build/motor_control/build install --record /home/epriauto/ros2_ws/dunker_motor/dunker_motor_ros2/build/motor_control/install.log --single-version-externally-managed install_data --force
