[0.202s] DEBUG:colcon:Command line arguments: ['/usr/bin/colcon', 'build', '--symlink-install']
[0.202s] DEBUG:colcon:Parsed command line arguments: Namespace(log_base=None, log_level=None, verb_name='build', build_base='build', install_base='install', merge_install=False, symlink_install=True, test_result_base=None, continue_on_error=False, executor='parallel', parallel_workers=6, event_handlers=None, ignore_user_meta=False, metas=['./colcon.meta'], base_paths=['.'], packages_ignore=None, packages_ignore_regex=None, paths=None, packages_up_to=None, packages_up_to_regex=None, packages_above=None, packages_above_and_dependencies=None, packages_above_depth=None, packages_select_by_dep=None, packages_skip_by_dep=None, packages_skip_up_to=None, packages_select_build_failed=False, packages_skip_build_finished=False, packages_select_test_failures=False, packages_skip_test_passed=False, packages_select=None, packages_skip=None, packages_select_regex=None, packages_skip_regex=None, packages_start=None, packages_end=None, allow_overriding=[], cmake_args=None, cmake_target=None, cmake_target_skip_unavailable=False, cmake_clean_cache=False, cmake_clean_first=False, cmake_force_configure=False, ament_cmake_args=None, catkin_cmake_args=None, catkin_skip_building_tests=False, mixin_files=None, mixin=None, verb_parser=<colcon_mixin.mixin.mixin_argument.MixinArgumentDecorator object at 0xffff97c752d0>, verb_extension=<colcon_core.verb.build.BuildVerb object at 0xffff97c74d00>, main=<bound method BuildVerb.main of <colcon_core.verb.build.BuildVerb object at 0xffff97c74d00>>, mixin_verb=('build',))
[0.508s] Level 1:colcon.colcon_core.package_discovery:discover_packages(colcon_meta) check parameters
[0.509s] Level 1:colcon.colcon_core.package_discovery:discover_packages(recursive) check parameters
[0.509s] Level 1:colcon.colcon_core.package_discovery:discover_packages(ignore) check parameters
[0.509s] Level 1:colcon.colcon_core.package_discovery:discover_packages(path) check parameters
[0.509s] Level 1:colcon.colcon_core.package_discovery:discover_packages(colcon_meta) discover
[0.509s] Level 1:colcon.colcon_core.package_discovery:discover_packages(recursive) discover
[0.509s] INFO:colcon.colcon_core.package_discovery:Crawling recursively for packages in '/home/epriauto/ros2_ws/unilidar_l1/unitree_lidar_pointlio'
[0.509s] Level 1:colcon.colcon_core.package_identification:_identify(.) by extensions ['ignore', 'ignore_ament_install']
[0.510s] Level 1:colcon.colcon_core.package_identification:_identify(.) by extension 'ignore'
[0.510s] Level 1:colcon.colcon_core.package_identification:_identify(.) by extension 'ignore_ament_install'
[0.510s] Level 1:colcon.colcon_core.package_identification:_identify(.) by extensions ['colcon_pkg']
[0.510s] Level 1:colcon.colcon_core.package_identification:_identify(.) by extension 'colcon_pkg'
[0.510s] Level 1:colcon.colcon_core.package_identification:_identify(.) by extensions ['colcon_meta']
[0.510s] Level 1:colcon.colcon_core.package_identification:_identify(.) by extension 'colcon_meta'
[0.510s] Level 1:colcon.colcon_core.package_identification:_identify(.) by extensions ['ros']
[0.510s] Level 1:colcon.colcon_core.package_identification:_identify(.) by extension 'ros'
[0.530s] Level 1:colcon.colcon_core.package_identification:_identify(.) by extensions ['cmake', 'python']
[0.530s] Level 1:colcon.colcon_core.package_identification:_identify(.) by extension 'cmake'
[0.530s] Level 1:colcon.colcon_core.package_identification:_identify(.) by extension 'python'
[0.530s] Level 1:colcon.colcon_core.package_identification:_identify(.) by extensions ['python_setup_py']
[0.530s] Level 1:colcon.colcon_core.package_identification:_identify(.) by extension 'python_setup_py'
[0.531s] Level 1:colcon.colcon_core.package_identification:_identify(build) by extensions ['ignore', 'ignore_ament_install']
[0.531s] Level 1:colcon.colcon_core.package_identification:_identify(build) by extension 'ignore'
[0.531s] Level 1:colcon.colcon_core.package_identification:_identify(build) ignored
[0.531s] Level 1:colcon.colcon_core.package_identification:_identify(install) by extensions ['ignore', 'ignore_ament_install']
[0.531s] Level 1:colcon.colcon_core.package_identification:_identify(install) by extension 'ignore'
[0.532s] Level 1:colcon.colcon_core.package_identification:_identify(install) ignored
[0.532s] Level 1:colcon.colcon_core.package_identification:_identify(log) by extensions ['ignore', 'ignore_ament_install']
[0.532s] Level 1:colcon.colcon_core.package_identification:_identify(log) by extension 'ignore'
[0.532s] Level 1:colcon.colcon_core.package_identification:_identify(log) ignored
[0.532s] Level 1:colcon.colcon_core.package_identification:_identify(src) by extensions ['ignore', 'ignore_ament_install']
[0.532s] Level 1:colcon.colcon_core.package_identification:_identify(src) by extension 'ignore'
[0.532s] Level 1:colcon.colcon_core.package_identification:_identify(src) by extension 'ignore_ament_install'
[0.532s] Level 1:colcon.colcon_core.package_identification:_identify(src) by extensions ['colcon_pkg']
[0.532s] Level 1:colcon.colcon_core.package_identification:_identify(src) by extension 'colcon_pkg'
[0.533s] Level 1:colcon.colcon_core.package_identification:_identify(src) by extensions ['colcon_meta']
[0.533s] Level 1:colcon.colcon_core.package_identification:_identify(src) by extension 'colcon_meta'
[0.533s] Level 1:colcon.colcon_core.package_identification:_identify(src) by extensions ['ros']
[0.533s] Level 1:colcon.colcon_core.package_identification:_identify(src) by extension 'ros'
[0.533s] Level 1:colcon.colcon_core.package_identification:_identify(src) by extensions ['cmake', 'python']
[0.533s] Level 1:colcon.colcon_core.package_identification:_identify(src) by extension 'cmake'
[0.533s] Level 1:colcon.colcon_core.package_identification:_identify(src) by extension 'python'
[0.533s] Level 1:colcon.colcon_core.package_identification:_identify(src) by extensions ['python_setup_py']
[0.533s] Level 1:colcon.colcon_core.package_identification:_identify(src) by extension 'python_setup_py'
[0.533s] Level 1:colcon.colcon_core.package_identification:_identify(src/unitree_lidar_pointlio) by extensions ['ignore', 'ignore_ament_install']
[0.533s] Level 1:colcon.colcon_core.package_identification:_identify(src/unitree_lidar_pointlio) by extension 'ignore'
[0.534s] Level 1:colcon.colcon_core.package_identification:_identify(src/unitree_lidar_pointlio) by extension 'ignore_ament_install'
[0.534s] Level 1:colcon.colcon_core.package_identification:_identify(src/unitree_lidar_pointlio) by extensions ['colcon_pkg']
[0.534s] Level 1:colcon.colcon_core.package_identification:_identify(src/unitree_lidar_pointlio) by extension 'colcon_pkg'
[0.534s] Level 1:colcon.colcon_core.package_identification:_identify(src/unitree_lidar_pointlio) by extensions ['colcon_meta']
[0.534s] Level 1:colcon.colcon_core.package_identification:_identify(src/unitree_lidar_pointlio) by extension 'colcon_meta'
[0.534s] Level 1:colcon.colcon_core.package_identification:_identify(src/unitree_lidar_pointlio) by extensions ['ros']
[0.534s] Level 1:colcon.colcon_core.package_identification:_identify(src/unitree_lidar_pointlio) by extension 'ros'
[0.540s] DEBUG:colcon.colcon_core.package_identification:Package 'src/unitree_lidar_pointlio' with type 'ros.ament_cmake' and name 'unitree_lidar_pointlio'
[0.540s] Level 1:colcon.colcon_core.package_discovery:discover_packages(recursive) using defaults
[0.540s] Level 1:colcon.colcon_core.package_discovery:discover_packages(ignore) discover
[0.540s] Level 1:colcon.colcon_core.package_discovery:discover_packages(ignore) using defaults
[0.540s] Level 1:colcon.colcon_core.package_discovery:discover_packages(path) discover
[0.540s] Level 1:colcon.colcon_core.package_discovery:discover_packages(path) using defaults
[0.604s] Level 1:colcon.colcon_core.package_discovery:discover_packages(prefix_path) check parameters
[0.604s] Level 1:colcon.colcon_core.package_discovery:discover_packages(prefix_path) discover
[0.606s] WARNING:colcon.colcon_ros.prefix_path.ament:The path '/home/epriauto/ros2_ws/unilidar_l1/unitree_lidar_pointlio/install/unitree_lidar_pointlio' in the environment variable AMENT_PREFIX_PATH doesn't exist
[0.606s] WARNING:colcon.colcon_ros.prefix_path.catkin:The path '/home/epriauto/ros2_ws/unilidar_l1/unitree_lidar_pointlio/install/unitree_lidar_pointlio' in the environment variable CMAKE_PREFIX_PATH doesn't exist
[0.608s] DEBUG:colcon.colcon_installed_package_information.package_discovery:Found 0 installed packages in /home/epriauto/ros2_ws/unilidar_l1/unitree_lidar_pointlio/install
[0.610s] DEBUG:colcon.colcon_installed_package_information.package_discovery:Found 272 installed packages in /opt/ros/humble
[0.612s] Level 1:colcon.colcon_core.package_discovery:discover_packages(prefix_path) using defaults
[0.677s] Level 5:colcon.colcon_core.verb:set package 'unitree_lidar_pointlio' build argument 'cmake_args' from command line to 'None'
[0.677s] Level 5:colcon.colcon_core.verb:set package 'unitree_lidar_pointlio' build argument 'cmake_target' from command line to 'None'
[0.677s] Level 5:colcon.colcon_core.verb:set package 'unitree_lidar_pointlio' build argument 'cmake_target_skip_unavailable' from command line to 'False'
[0.677s] Level 5:colcon.colcon_core.verb:set package 'unitree_lidar_pointlio' build argument 'cmake_clean_cache' from command line to 'False'
[0.677s] Level 5:colcon.colcon_core.verb:set package 'unitree_lidar_pointlio' build argument 'cmake_clean_first' from command line to 'False'
[0.677s] Level 5:colcon.colcon_core.verb:set package 'unitree_lidar_pointlio' build argument 'cmake_force_configure' from command line to 'False'
[0.677s] Level 5:colcon.colcon_core.verb:set package 'unitree_lidar_pointlio' build argument 'ament_cmake_args' from command line to 'None'
[0.677s] Level 5:colcon.colcon_core.verb:set package 'unitree_lidar_pointlio' build argument 'catkin_cmake_args' from command line to 'None'
[0.678s] Level 5:colcon.colcon_core.verb:set package 'unitree_lidar_pointlio' build argument 'catkin_skip_building_tests' from command line to 'False'
[0.678s] DEBUG:colcon.colcon_core.verb:Building package 'unitree_lidar_pointlio' with the following arguments: {'ament_cmake_args': None, 'build_base': '/home/epriauto/ros2_ws/unilidar_l1/unitree_lidar_pointlio/build/unitree_lidar_pointlio', 'catkin_cmake_args': None, 'catkin_skip_building_tests': False, 'cmake_args': None, 'cmake_clean_cache': False, 'cmake_clean_first': False, 'cmake_force_configure': False, 'cmake_target': None, 'cmake_target_skip_unavailable': False, 'install_base': '/home/epriauto/ros2_ws/unilidar_l1/unitree_lidar_pointlio/install/unitree_lidar_pointlio', 'merge_install': False, 'path': '/home/epriauto/ros2_ws/unilidar_l1/unitree_lidar_pointlio/src/unitree_lidar_pointlio', 'symlink_install': True, 'test_result_base': None}
[0.678s] INFO:colcon.colcon_core.executor:Executing jobs using 'parallel' executor
[0.680s] DEBUG:colcon.colcon_parallel_executor.executor.parallel:run_until_complete
[0.681s] INFO:colcon.colcon_ros.task.ament_cmake.build:Building ROS package in '/home/epriauto/ros2_ws/unilidar_l1/unitree_lidar_pointlio/src/unitree_lidar_pointlio' with build type 'ament_cmake'
[0.681s] INFO:colcon.colcon_cmake.task.cmake.build:Building CMake package in '/home/epriauto/ros2_ws/unilidar_l1/unitree_lidar_pointlio/src/unitree_lidar_pointlio'
[0.685s] INFO:colcon.colcon_core.plugin_system:Skipping extension 'colcon_core.shell.bat': Not used on non-Windows systems
[0.685s] INFO:colcon.colcon_core.shell:Skip shell extension 'powershell' for command environment: Not usable outside of PowerShell
[0.685s] DEBUG:colcon.colcon_core.shell:Skip shell extension 'dsv' for command environment
[0.700s] DEBUG:colcon.colcon_core.event_handler.log_command:Invoking command in '/home/epriauto/ros2_ws/unilidar_l1/unitree_lidar_pointlio/build/unitree_lidar_pointlio': CMAKE_PREFIX_PATH=${CMAKE_PREFIX_PATH}:/opt/ros/humble /usr/bin/cmake /home/epriauto/ros2_ws/unilidar_l1/unitree_lidar_pointlio/src/unitree_lidar_pointlio -DAMENT_CMAKE_SYMLINK_INSTALL=1 -DCMAKE_INSTALL_PREFIX=/home/epriauto/ros2_ws/unilidar_l1/unitree_lidar_pointlio/install/unitree_lidar_pointlio
[7.606s] DEBUG:colcon.colcon_core.event_handler.log_command:Invoked command in '/home/epriauto/ros2_ws/unilidar_l1/unitree_lidar_pointlio/build/unitree_lidar_pointlio' returned '0': CMAKE_PREFIX_PATH=${CMAKE_PREFIX_PATH}:/opt/ros/humble /usr/bin/cmake /home/epriauto/ros2_ws/unilidar_l1/unitree_lidar_pointlio/src/unitree_lidar_pointlio -DAMENT_CMAKE_SYMLINK_INSTALL=1 -DCMAKE_INSTALL_PREFIX=/home/epriauto/ros2_ws/unilidar_l1/unitree_lidar_pointlio/install/unitree_lidar_pointlio
[7.613s] DEBUG:colcon.colcon_core.event_handler.log_command:Invoking command in '/home/epriauto/ros2_ws/unilidar_l1/unitree_lidar_pointlio/build/unitree_lidar_pointlio': CMAKE_PREFIX_PATH=${CMAKE_PREFIX_PATH}:/opt/ros/humble /usr/bin/cmake --build /home/epriauto/ros2_ws/unilidar_l1/unitree_lidar_pointlio/build/unitree_lidar_pointlio -- -j6 -l6
[112.573s] DEBUG:colcon.colcon_core.event_handler.log_command:Invoked command in '/home/epriauto/ros2_ws/unilidar_l1/unitree_lidar_pointlio/build/unitree_lidar_pointlio' returned '0': CMAKE_PREFIX_PATH=${CMAKE_PREFIX_PATH}:/opt/ros/humble /usr/bin/cmake --build /home/epriauto/ros2_ws/unilidar_l1/unitree_lidar_pointlio/build/unitree_lidar_pointlio -- -j6 -l6
[112.595s] DEBUG:colcon.colcon_core.event_handler.log_command:Invoking command in '/home/epriauto/ros2_ws/unilidar_l1/unitree_lidar_pointlio/build/unitree_lidar_pointlio': CMAKE_PREFIX_PATH=${CMAKE_PREFIX_PATH}:/opt/ros/humble /usr/bin/cmake --install /home/epriauto/ros2_ws/unilidar_l1/unitree_lidar_pointlio/build/unitree_lidar_pointlio
[112.984s] Level 1:colcon.colcon_core.environment:create_environment_scripts_only(unitree_lidar_pointlio)
[112.986s] DEBUG:colcon.colcon_core.event_handler.log_command:Invoked command in '/home/epriauto/ros2_ws/unilidar_l1/unitree_lidar_pointlio/build/unitree_lidar_pointlio' returned '0': CMAKE_PREFIX_PATH=${CMAKE_PREFIX_PATH}:/opt/ros/humble /usr/bin/cmake --install /home/epriauto/ros2_ws/unilidar_l1/unitree_lidar_pointlio/build/unitree_lidar_pointlio
[112.991s] Level 1:colcon.colcon_core.environment:checking '/home/epriauto/ros2_ws/unilidar_l1/unitree_lidar_pointlio/install/unitree_lidar_pointlio' for CMake module files
[112.993s] Level 1:colcon.colcon_core.environment:checking '/home/epriauto/ros2_ws/unilidar_l1/unitree_lidar_pointlio/install/unitree_lidar_pointlio' for CMake config files
[112.995s] Level 1:colcon.colcon_core.shell:create_environment_hook('unitree_lidar_pointlio', 'cmake_prefix_path')
[112.996s] INFO:colcon.colcon_core.shell:Creating environment hook '/home/epriauto/ros2_ws/unilidar_l1/unitree_lidar_pointlio/install/unitree_lidar_pointlio/share/unitree_lidar_pointlio/hook/cmake_prefix_path.ps1'
[112.999s] INFO:colcon.colcon_core.shell:Creating environment descriptor '/home/epriauto/ros2_ws/unilidar_l1/unitree_lidar_pointlio/install/unitree_lidar_pointlio/share/unitree_lidar_pointlio/hook/cmake_prefix_path.dsv'
[113.001s] INFO:colcon.colcon_core.shell:Creating environment hook '/home/epriauto/ros2_ws/unilidar_l1/unitree_lidar_pointlio/install/unitree_lidar_pointlio/share/unitree_lidar_pointlio/hook/cmake_prefix_path.sh'
[113.004s] Level 1:colcon.colcon_core.environment:checking '/home/epriauto/ros2_ws/unilidar_l1/unitree_lidar_pointlio/install/unitree_lidar_pointlio/lib'
[113.005s] Level 1:colcon.colcon_core.environment:checking '/home/epriauto/ros2_ws/unilidar_l1/unitree_lidar_pointlio/install/unitree_lidar_pointlio/bin'
[113.005s] Level 1:colcon.colcon_core.environment:checking '/home/epriauto/ros2_ws/unilidar_l1/unitree_lidar_pointlio/install/unitree_lidar_pointlio/lib/pkgconfig/unitree_lidar_pointlio.pc'
[113.005s] Level 1:colcon.colcon_core.environment:checking '/home/epriauto/ros2_ws/unilidar_l1/unitree_lidar_pointlio/install/unitree_lidar_pointlio/lib/python3.10/site-packages'
[113.006s] Level 1:colcon.colcon_core.environment:checking '/home/epriauto/ros2_ws/unilidar_l1/unitree_lidar_pointlio/install/unitree_lidar_pointlio/bin'
[113.007s] INFO:colcon.colcon_core.shell:Creating package script '/home/epriauto/ros2_ws/unilidar_l1/unitree_lidar_pointlio/install/unitree_lidar_pointlio/share/unitree_lidar_pointlio/package.ps1'
[113.010s] INFO:colcon.colcon_core.shell:Creating package descriptor '/home/epriauto/ros2_ws/unilidar_l1/unitree_lidar_pointlio/install/unitree_lidar_pointlio/share/unitree_lidar_pointlio/package.dsv'
[113.012s] INFO:colcon.colcon_core.shell:Creating package script '/home/epriauto/ros2_ws/unilidar_l1/unitree_lidar_pointlio/install/unitree_lidar_pointlio/share/unitree_lidar_pointlio/package.sh'
[113.014s] INFO:colcon.colcon_core.shell:Creating package script '/home/epriauto/ros2_ws/unilidar_l1/unitree_lidar_pointlio/install/unitree_lidar_pointlio/share/unitree_lidar_pointlio/package.bash'
[113.015s] INFO:colcon.colcon_core.shell:Creating package script '/home/epriauto/ros2_ws/unilidar_l1/unitree_lidar_pointlio/install/unitree_lidar_pointlio/share/unitree_lidar_pointlio/package.zsh'
[113.018s] Level 1:colcon.colcon_core.environment:create_file_with_runtime_dependencies(/home/epriauto/ros2_ws/unilidar_l1/unitree_lidar_pointlio/install/unitree_lidar_pointlio/share/colcon-core/packages/unitree_lidar_pointlio)
[113.020s] Level 1:colcon.colcon_core.environment:create_environment_scripts_only(unitree_lidar_pointlio)
[113.021s] Level 1:colcon.colcon_core.environment:checking '/home/epriauto/ros2_ws/unilidar_l1/unitree_lidar_pointlio/install/unitree_lidar_pointlio' for CMake module files
[113.023s] Level 1:colcon.colcon_core.environment:checking '/home/epriauto/ros2_ws/unilidar_l1/unitree_lidar_pointlio/install/unitree_lidar_pointlio' for CMake config files
[113.025s] Level 1:colcon.colcon_core.shell:create_environment_hook('unitree_lidar_pointlio', 'cmake_prefix_path')
[113.025s] INFO:colcon.colcon_core.shell:Creating environment hook '/home/epriauto/ros2_ws/unilidar_l1/unitree_lidar_pointlio/install/unitree_lidar_pointlio/share/unitree_lidar_pointlio/hook/cmake_prefix_path.ps1'
[113.027s] INFO:colcon.colcon_core.shell:Creating environment descriptor '/home/epriauto/ros2_ws/unilidar_l1/unitree_lidar_pointlio/install/unitree_lidar_pointlio/share/unitree_lidar_pointlio/hook/cmake_prefix_path.dsv'
[113.028s] INFO:colcon.colcon_core.shell:Creating environment hook '/home/epriauto/ros2_ws/unilidar_l1/unitree_lidar_pointlio/install/unitree_lidar_pointlio/share/unitree_lidar_pointlio/hook/cmake_prefix_path.sh'
[113.029s] Level 1:colcon.colcon_core.environment:checking '/home/epriauto/ros2_ws/unilidar_l1/unitree_lidar_pointlio/install/unitree_lidar_pointlio/lib'
[113.029s] Level 1:colcon.colcon_core.environment:checking '/home/epriauto/ros2_ws/unilidar_l1/unitree_lidar_pointlio/install/unitree_lidar_pointlio/bin'
[113.029s] Level 1:colcon.colcon_core.environment:checking '/home/epriauto/ros2_ws/unilidar_l1/unitree_lidar_pointlio/install/unitree_lidar_pointlio/lib/pkgconfig/unitree_lidar_pointlio.pc'
[113.029s] Level 1:colcon.colcon_core.environment:checking '/home/epriauto/ros2_ws/unilidar_l1/unitree_lidar_pointlio/install/unitree_lidar_pointlio/lib/python3.10/site-packages'
[113.030s] Level 1:colcon.colcon_core.environment:checking '/home/epriauto/ros2_ws/unilidar_l1/unitree_lidar_pointlio/install/unitree_lidar_pointlio/bin'
[113.030s] INFO:colcon.colcon_core.shell:Creating package script '/home/epriauto/ros2_ws/unilidar_l1/unitree_lidar_pointlio/install/unitree_lidar_pointlio/share/unitree_lidar_pointlio/package.ps1'
[113.032s] INFO:colcon.colcon_core.shell:Creating package descriptor '/home/epriauto/ros2_ws/unilidar_l1/unitree_lidar_pointlio/install/unitree_lidar_pointlio/share/unitree_lidar_pointlio/package.dsv'
[113.034s] INFO:colcon.colcon_core.shell:Creating package script '/home/epriauto/ros2_ws/unilidar_l1/unitree_lidar_pointlio/install/unitree_lidar_pointlio/share/unitree_lidar_pointlio/package.sh'
[113.035s] INFO:colcon.colcon_core.shell:Creating package script '/home/epriauto/ros2_ws/unilidar_l1/unitree_lidar_pointlio/install/unitree_lidar_pointlio/share/unitree_lidar_pointlio/package.bash'
[113.037s] INFO:colcon.colcon_core.shell:Creating package script '/home/epriauto/ros2_ws/unilidar_l1/unitree_lidar_pointlio/install/unitree_lidar_pointlio/share/unitree_lidar_pointlio/package.zsh'
[113.038s] Level 1:colcon.colcon_core.environment:create_file_with_runtime_dependencies(/home/epriauto/ros2_ws/unilidar_l1/unitree_lidar_pointlio/install/unitree_lidar_pointlio/share/colcon-core/packages/unitree_lidar_pointlio)
[113.039s] DEBUG:colcon.colcon_parallel_executor.executor.parallel:closing loop
[113.040s] DEBUG:colcon.colcon_parallel_executor.executor.parallel:loop closed
[113.040s] DEBUG:colcon.colcon_parallel_executor.executor.parallel:run_until_complete finished with '0'
[113.041s] DEBUG:colcon.colcon_core.event_reactor:joining thread
[113.056s] INFO:colcon.colcon_core.plugin_system:Skipping extension 'colcon_notification.desktop_notification.terminal_notifier': Not used on non-Darwin systems
[113.056s] INFO:colcon.colcon_core.plugin_system:Skipping extension 'colcon_notification.desktop_notification.win32': Not used on non-Windows systems
[113.056s] INFO:colcon.colcon_notification.desktop_notification:Sending desktop notification using 'notify2'
[113.102s] DEBUG:colcon.colcon_core.event_reactor:joined thread
[113.104s] INFO:colcon.colcon_core.shell:Creating prefix script '/home/epriauto/ros2_ws/unilidar_l1/unitree_lidar_pointlio/install/local_setup.ps1'
[113.106s] INFO:colcon.colcon_core.shell:Creating prefix util module '/home/epriauto/ros2_ws/unilidar_l1/unitree_lidar_pointlio/install/_local_setup_util_ps1.py'
[113.110s] INFO:colcon.colcon_core.shell:Creating prefix chain script '/home/epriauto/ros2_ws/unilidar_l1/unitree_lidar_pointlio/install/setup.ps1'
[113.113s] INFO:colcon.colcon_core.shell:Creating prefix script '/home/epriauto/ros2_ws/unilidar_l1/unitree_lidar_pointlio/install/local_setup.sh'
[113.115s] INFO:colcon.colcon_core.shell:Creating prefix util module '/home/epriauto/ros2_ws/unilidar_l1/unitree_lidar_pointlio/install/_local_setup_util_sh.py'
[113.116s] INFO:colcon.colcon_core.shell:Creating prefix chain script '/home/epriauto/ros2_ws/unilidar_l1/unitree_lidar_pointlio/install/setup.sh'
[113.120s] INFO:colcon.colcon_core.shell:Creating prefix script '/home/epriauto/ros2_ws/unilidar_l1/unitree_lidar_pointlio/install/local_setup.bash'
[113.121s] INFO:colcon.colcon_core.shell:Creating prefix chain script '/home/epriauto/ros2_ws/unilidar_l1/unitree_lidar_pointlio/install/setup.bash'
[113.124s] INFO:colcon.colcon_core.shell:Creating prefix script '/home/epriauto/ros2_ws/unilidar_l1/unitree_lidar_pointlio/install/local_setup.zsh'
[113.126s] INFO:colcon.colcon_core.shell:Creating prefix chain script '/home/epriauto/ros2_ws/unilidar_l1/unitree_lidar_pointlio/install/setup.zsh'
