[0.019s] Invoking command in '/home/epriauto/ros2_ws/unilidar_l1/unitree_lidar_pointlio/build/unitree_lidar_pointlio': CMAKE_PREFIX_PATH=${CMAKE_PREFIX_PATH}:/opt/ros/humble /usr/bin/cmake --build /home/epriauto/ros2_ws/unilidar_l1/unitree_lidar_pointlio/build/unitree_lidar_pointlio -- -j6 -l6
[0.109s] [35m[1mConsolidate compiler generated dependencies of target pointlio_mapping[0m
[0.210s] [100%] Built target pointlio_mapping
[0.234s] Invoked command in '/home/epriauto/ros2_ws/unilidar_l1/unitree_lidar_pointlio/build/unitree_lidar_pointlio' returned '0': CMAKE_PREFIX_PATH=${CMAKE_PREFIX_PATH}:/opt/ros/humble /usr/bin/cmake --build /home/epriauto/ros2_ws/unilidar_l1/unitree_lidar_pointlio/build/unitree_lidar_pointlio -- -j6 -l6
[0.256s] Invoking command in '/home/epriauto/ros2_ws/unilidar_l1/unitree_lidar_pointlio/build/unitree_lidar_pointlio': CMAKE_PREFIX_PATH=${CMAKE_PREFIX_PATH}:/opt/ros/humble /usr/bin/cmake --install /home/epriauto/ros2_ws/unilidar_l1/unitree_lidar_pointlio/build/unitree_lidar_pointlio
[0.272s] -- Install configuration: ""
[0.273s] -- Execute custom install script
[0.274s] -- Up-to-date symlink: /home/epriauto/ros2_ws/unilidar_l1/unitree_lidar_pointlio/install/unitree_lidar_pointlio/lib/unitree_lidar_pointlio/pointlio_mapping
[0.274s] -- Up-to-date symlink: /home/epriauto/ros2_ws/unilidar_l1/unitree_lidar_pointlio/install/unitree_lidar_pointlio/share/unitree_lidar_pointlio/config/unilidar_l1.yaml
[0.275s] -- Up-to-date symlink: /home/epriauto/ros2_ws/unilidar_l1/unitree_lidar_pointlio/install/unitree_lidar_pointlio/share/unitree_lidar_pointlio/launch/correct_odom_unilidar_l1.launch.py
[0.275s] -- Up-to-date symlink: /home/epriauto/ros2_ws/unilidar_l1/unitree_lidar_pointlio/install/unitree_lidar_pointlio/share/unitree_lidar_pointlio/launch/mapping_unilidar_l1.launch.py
[0.276s] -- Up-to-date symlink: /home/epriauto/ros2_ws/unilidar_l1/unitree_lidar_pointlio/install/unitree_lidar_pointlio/share/unitree_lidar_pointlio/rviz_cfg/loam_livox.rviz
[0.276s] -- Up-to-date symlink: /home/epriauto/ros2_ws/unilidar_l1/unitree_lidar_pointlio/install/unitree_lidar_pointlio/share/ament_index/resource_index/package_run_dependencies/unitree_lidar_pointlio
[0.276s] -- Up-to-date symlink: /home/epriauto/ros2_ws/unilidar_l1/unitree_lidar_pointlio/install/unitree_lidar_pointlio/share/ament_index/resource_index/parent_prefix_path/unitree_lidar_pointlio
[0.277s] -- Up-to-date symlink: /home/epriauto/ros2_ws/unilidar_l1/unitree_lidar_pointlio/install/unitree_lidar_pointlio/share/unitree_lidar_pointlio/environment/ament_prefix_path.sh
[0.277s] -- Up-to-date symlink: /home/epriauto/ros2_ws/unilidar_l1/unitree_lidar_pointlio/install/unitree_lidar_pointlio/share/unitree_lidar_pointlio/environment/ament_prefix_path.dsv
[0.278s] -- Up-to-date symlink: /home/epriauto/ros2_ws/unilidar_l1/unitree_lidar_pointlio/install/unitree_lidar_pointlio/share/unitree_lidar_pointlio/environment/path.sh
[0.278s] -- Up-to-date symlink: /home/epriauto/ros2_ws/unilidar_l1/unitree_lidar_pointlio/install/unitree_lidar_pointlio/share/unitree_lidar_pointlio/environment/path.dsv
[0.278s] -- Up-to-date symlink: /home/epriauto/ros2_ws/unilidar_l1/unitree_lidar_pointlio/install/unitree_lidar_pointlio/share/unitree_lidar_pointlio/local_setup.bash
[0.279s] -- Up-to-date symlink: /home/epriauto/ros2_ws/unilidar_l1/unitree_lidar_pointlio/install/unitree_lidar_pointlio/share/unitree_lidar_pointlio/local_setup.sh
[0.279s] -- Up-to-date symlink: /home/epriauto/ros2_ws/unilidar_l1/unitree_lidar_pointlio/install/unitree_lidar_pointlio/share/unitree_lidar_pointlio/local_setup.zsh
[0.279s] -- Up-to-date symlink: /home/epriauto/ros2_ws/unilidar_l1/unitree_lidar_pointlio/install/unitree_lidar_pointlio/share/unitree_lidar_pointlio/local_setup.dsv
[0.279s] -- Symlinking: /home/epriauto/ros2_ws/unilidar_l1/unitree_lidar_pointlio/install/unitree_lidar_pointlio/share/unitree_lidar_pointlio/package.dsv
[0.297s] -- Up-to-date symlink: /home/epriauto/ros2_ws/unilidar_l1/unitree_lidar_pointlio/install/unitree_lidar_pointlio/share/ament_index/resource_index/packages/unitree_lidar_pointlio
[0.297s] -- Up-to-date symlink: /home/epriauto/ros2_ws/unilidar_l1/unitree_lidar_pointlio/install/unitree_lidar_pointlio/share/unitree_lidar_pointlio/cmake/ament_cmake_export_dependencies-extras.cmake
[0.297s] -- Up-to-date symlink: /home/epriauto/ros2_ws/unilidar_l1/unitree_lidar_pointlio/install/unitree_lidar_pointlio/share/unitree_lidar_pointlio/cmake/unitree_lidar_pointlioConfig.cmake
[0.297s] -- Up-to-date symlink: /home/epriauto/ros2_ws/unilidar_l1/unitree_lidar_pointlio/install/unitree_lidar_pointlio/share/unitree_lidar_pointlio/cmake/unitree_lidar_pointlioConfig-version.cmake
[0.297s] -- Up-to-date symlink: /home/epriauto/ros2_ws/unilidar_l1/unitree_lidar_pointlio/install/unitree_lidar_pointlio/share/unitree_lidar_pointlio/package.xml
[0.302s] Invoked command in '/home/epriauto/ros2_ws/unilidar_l1/unitree_lidar_pointlio/build/unitree_lidar_pointlio' returned '0': CMAKE_PREFIX_PATH=${CMAKE_PREFIX_PATH}:/opt/ros/humble /usr/bin/cmake --install /home/epriauto/ros2_ws/unilidar_l1/unitree_lidar_pointlio/build/unitree_lidar_pointlio
