[0.198s] DEBUG:colcon:Command line arguments: ['/usr/bin/colcon', 'build', '--symlink-install']
[0.198s] DEBUG:colcon:Parsed command line arguments: Namespace(log_base=None, log_level=None, verb_name='build', build_base='build', install_base='install', merge_install=False, symlink_install=True, test_result_base=None, continue_on_error=False, executor='parallel', parallel_workers=6, event_handlers=None, ignore_user_meta=False, metas=['./colcon.meta'], base_paths=['.'], packages_ignore=None, packages_ignore_regex=None, paths=None, packages_up_to=None, packages_up_to_regex=None, packages_above=None, packages_above_and_dependencies=None, packages_above_depth=None, packages_select_by_dep=None, packages_skip_by_dep=None, packages_skip_up_to=None, packages_select_build_failed=False, packages_skip_build_finished=False, packages_select_test_failures=False, packages_skip_test_passed=False, packages_select=None, packages_skip=None, packages_select_regex=None, packages_skip_regex=None, packages_start=None, packages_end=None, allow_overriding=[], cmake_args=None, cmake_target=None, cmake_target_skip_unavailable=False, cmake_clean_cache=False, cmake_clean_first=False, cmake_force_configure=False, ament_cmake_args=None, catkin_cmake_args=None, catkin_skip_building_tests=False, mixin_files=None, mixin=None, verb_parser=<colcon_mixin.mixin.mixin_argument.MixinArgumentDecorator object at 0xffffac1652a0>, verb_extension=<colcon_core.verb.build.BuildVerb object at 0xffffac164cd0>, main=<bound method BuildVerb.main of <colcon_core.verb.build.BuildVerb object at 0xffffac164cd0>>, mixin_verb=('build',))
[0.504s] Level 1:colcon.colcon_core.package_discovery:discover_packages(colcon_meta) check parameters
[0.505s] Level 1:colcon.colcon_core.package_discovery:discover_packages(recursive) check parameters
[0.505s] Level 1:colcon.colcon_core.package_discovery:discover_packages(ignore) check parameters
[0.505s] Level 1:colcon.colcon_core.package_discovery:discover_packages(path) check parameters
[0.505s] Level 1:colcon.colcon_core.package_discovery:discover_packages(colcon_meta) discover
[0.505s] Level 1:colcon.colcon_core.package_discovery:discover_packages(recursive) discover
[0.505s] INFO:colcon.colcon_core.package_discovery:Crawling recursively for packages in '/home/epriauto/ros2_ws/unilidar_l1/unitree_lidar_pointlio'
[0.505s] Level 1:colcon.colcon_core.package_identification:_identify(.) by extensions ['ignore', 'ignore_ament_install']
[0.506s] Level 1:colcon.colcon_core.package_identification:_identify(.) by extension 'ignore'
[0.506s] Level 1:colcon.colcon_core.package_identification:_identify(.) by extension 'ignore_ament_install'
[0.506s] Level 1:colcon.colcon_core.package_identification:_identify(.) by extensions ['colcon_pkg']
[0.506s] Level 1:colcon.colcon_core.package_identification:_identify(.) by extension 'colcon_pkg'
[0.506s] Level 1:colcon.colcon_core.package_identification:_identify(.) by extensions ['colcon_meta']
[0.506s] Level 1:colcon.colcon_core.package_identification:_identify(.) by extension 'colcon_meta'
[0.506s] Level 1:colcon.colcon_core.package_identification:_identify(.) by extensions ['ros']
[0.506s] Level 1:colcon.colcon_core.package_identification:_identify(.) by extension 'ros'
[0.526s] Level 1:colcon.colcon_core.package_identification:_identify(.) by extensions ['cmake', 'python']
[0.526s] Level 1:colcon.colcon_core.package_identification:_identify(.) by extension 'cmake'
[0.526s] Level 1:colcon.colcon_core.package_identification:_identify(.) by extension 'python'
[0.526s] Level 1:colcon.colcon_core.package_identification:_identify(.) by extensions ['python_setup_py']
[0.526s] Level 1:colcon.colcon_core.package_identification:_identify(.) by extension 'python_setup_py'
[0.527s] Level 1:colcon.colcon_core.package_identification:_identify(build) by extensions ['ignore', 'ignore_ament_install']
[0.527s] Level 1:colcon.colcon_core.package_identification:_identify(build) by extension 'ignore'
[0.527s] Level 1:colcon.colcon_core.package_identification:_identify(build) ignored
[0.527s] Level 1:colcon.colcon_core.package_identification:_identify(install) by extensions ['ignore', 'ignore_ament_install']
[0.527s] Level 1:colcon.colcon_core.package_identification:_identify(install) by extension 'ignore'
[0.528s] Level 1:colcon.colcon_core.package_identification:_identify(install) ignored
[0.528s] Level 1:colcon.colcon_core.package_identification:_identify(log) by extensions ['ignore', 'ignore_ament_install']
[0.528s] Level 1:colcon.colcon_core.package_identification:_identify(log) by extension 'ignore'
[0.528s] Level 1:colcon.colcon_core.package_identification:_identify(log) ignored
[0.528s] Level 1:colcon.colcon_core.package_identification:_identify(src) by extensions ['ignore', 'ignore_ament_install']
[0.528s] Level 1:colcon.colcon_core.package_identification:_identify(src) by extension 'ignore'
[0.528s] Level 1:colcon.colcon_core.package_identification:_identify(src) by extension 'ignore_ament_install'
[0.528s] Level 1:colcon.colcon_core.package_identification:_identify(src) by extensions ['colcon_pkg']
[0.529s] Level 1:colcon.colcon_core.package_identification:_identify(src) by extension 'colcon_pkg'
[0.529s] Level 1:colcon.colcon_core.package_identification:_identify(src) by extensions ['colcon_meta']
[0.529s] Level 1:colcon.colcon_core.package_identification:_identify(src) by extension 'colcon_meta'
[0.529s] Level 1:colcon.colcon_core.package_identification:_identify(src) by extensions ['ros']
[0.529s] Level 1:colcon.colcon_core.package_identification:_identify(src) by extension 'ros'
[0.529s] Level 1:colcon.colcon_core.package_identification:_identify(src) by extensions ['cmake', 'python']
[0.529s] Level 1:colcon.colcon_core.package_identification:_identify(src) by extension 'cmake'
[0.529s] Level 1:colcon.colcon_core.package_identification:_identify(src) by extension 'python'
[0.529s] Level 1:colcon.colcon_core.package_identification:_identify(src) by extensions ['python_setup_py']
[0.529s] Level 1:colcon.colcon_core.package_identification:_identify(src) by extension 'python_setup_py'
[0.529s] Level 1:colcon.colcon_core.package_identification:_identify(src/point_lio_ros2) by extensions ['ignore', 'ignore_ament_install']
[0.530s] Level 1:colcon.colcon_core.package_identification:_identify(src/point_lio_ros2) by extension 'ignore'
[0.530s] Level 1:colcon.colcon_core.package_identification:_identify(src/point_lio_ros2) by extension 'ignore_ament_install'
[0.530s] Level 1:colcon.colcon_core.package_identification:_identify(src/point_lio_ros2) by extensions ['colcon_pkg']
[0.530s] Level 1:colcon.colcon_core.package_identification:_identify(src/point_lio_ros2) by extension 'colcon_pkg'
[0.530s] Level 1:colcon.colcon_core.package_identification:_identify(src/point_lio_ros2) by extensions ['colcon_meta']
[0.530s] Level 1:colcon.colcon_core.package_identification:_identify(src/point_lio_ros2) by extension 'colcon_meta'
[0.530s] Level 1:colcon.colcon_core.package_identification:_identify(src/point_lio_ros2) by extensions ['ros']
[0.530s] Level 1:colcon.colcon_core.package_identification:_identify(src/point_lio_ros2) by extension 'ros'
[0.536s] DEBUG:colcon.colcon_core.package_identification:Package 'src/point_lio_ros2' with type 'ros.ament_cmake' and name 'point_lio'
[0.536s] Level 1:colcon.colcon_core.package_discovery:discover_packages(recursive) using defaults
[0.536s] Level 1:colcon.colcon_core.package_discovery:discover_packages(ignore) discover
[0.536s] Level 1:colcon.colcon_core.package_discovery:discover_packages(ignore) using defaults
[0.536s] Level 1:colcon.colcon_core.package_discovery:discover_packages(path) discover
[0.536s] Level 1:colcon.colcon_core.package_discovery:discover_packages(path) using defaults
[0.599s] Level 1:colcon.colcon_core.package_discovery:discover_packages(prefix_path) check parameters
[0.599s] Level 1:colcon.colcon_core.package_discovery:discover_packages(prefix_path) discover
[0.603s] DEBUG:colcon.colcon_installed_package_information.package_discovery:Found 272 installed packages in /opt/ros/humble
[0.606s] Level 1:colcon.colcon_core.package_discovery:discover_packages(prefix_path) using defaults
[0.670s] Level 5:colcon.colcon_core.verb:set package 'point_lio' build argument 'cmake_args' from command line to 'None'
[0.670s] Level 5:colcon.colcon_core.verb:set package 'point_lio' build argument 'cmake_target' from command line to 'None'
[0.671s] Level 5:colcon.colcon_core.verb:set package 'point_lio' build argument 'cmake_target_skip_unavailable' from command line to 'False'
[0.671s] Level 5:colcon.colcon_core.verb:set package 'point_lio' build argument 'cmake_clean_cache' from command line to 'False'
[0.671s] Level 5:colcon.colcon_core.verb:set package 'point_lio' build argument 'cmake_clean_first' from command line to 'False'
[0.671s] Level 5:colcon.colcon_core.verb:set package 'point_lio' build argument 'cmake_force_configure' from command line to 'False'
[0.671s] Level 5:colcon.colcon_core.verb:set package 'point_lio' build argument 'ament_cmake_args' from command line to 'None'
[0.671s] Level 5:colcon.colcon_core.verb:set package 'point_lio' build argument 'catkin_cmake_args' from command line to 'None'
[0.671s] Level 5:colcon.colcon_core.verb:set package 'point_lio' build argument 'catkin_skip_building_tests' from command line to 'False'
[0.671s] DEBUG:colcon.colcon_core.verb:Building package 'point_lio' with the following arguments: {'ament_cmake_args': None, 'build_base': '/home/epriauto/ros2_ws/unilidar_l1/unitree_lidar_pointlio/build/point_lio', 'catkin_cmake_args': None, 'catkin_skip_building_tests': False, 'cmake_args': None, 'cmake_clean_cache': False, 'cmake_clean_first': False, 'cmake_force_configure': False, 'cmake_target': None, 'cmake_target_skip_unavailable': False, 'install_base': '/home/epriauto/ros2_ws/unilidar_l1/unitree_lidar_pointlio/install/point_lio', 'merge_install': False, 'path': '/home/epriauto/ros2_ws/unilidar_l1/unitree_lidar_pointlio/src/point_lio_ros2', 'symlink_install': True, 'test_result_base': None}
[0.671s] INFO:colcon.colcon_core.executor:Executing jobs using 'parallel' executor
[0.674s] DEBUG:colcon.colcon_parallel_executor.executor.parallel:run_until_complete
[0.674s] INFO:colcon.colcon_ros.task.ament_cmake.build:Building ROS package in '/home/epriauto/ros2_ws/unilidar_l1/unitree_lidar_pointlio/src/point_lio_ros2' with build type 'ament_cmake'
[0.674s] INFO:colcon.colcon_cmake.task.cmake.build:Building CMake package in '/home/epriauto/ros2_ws/unilidar_l1/unitree_lidar_pointlio/src/point_lio_ros2'
[0.677s] INFO:colcon.colcon_core.plugin_system:Skipping extension 'colcon_core.shell.bat': Not used on non-Windows systems
[0.678s] INFO:colcon.colcon_core.shell:Skip shell extension 'powershell' for command environment: Not usable outside of PowerShell
[0.678s] DEBUG:colcon.colcon_core.shell:Skip shell extension 'dsv' for command environment
[0.689s] DEBUG:colcon.colcon_core.event_handler.log_command:Invoking command in '/home/epriauto/ros2_ws/unilidar_l1/unitree_lidar_pointlio/build/point_lio': CMAKE_PREFIX_PATH=/opt/ros/humble /usr/bin/cmake /home/epriauto/ros2_ws/unilidar_l1/unitree_lidar_pointlio/src/point_lio_ros2 -DAMENT_CMAKE_SYMLINK_INSTALL=1 -DCMAKE_INSTALL_PREFIX=/home/epriauto/ros2_ws/unilidar_l1/unitree_lidar_pointlio/install/point_lio
[7.364s] DEBUG:colcon.colcon_core.event_handler.log_command:Invoked command in '/home/epriauto/ros2_ws/unilidar_l1/unitree_lidar_pointlio/build/point_lio' returned '0': CMAKE_PREFIX_PATH=/opt/ros/humble /usr/bin/cmake /home/epriauto/ros2_ws/unilidar_l1/unitree_lidar_pointlio/src/point_lio_ros2 -DAMENT_CMAKE_SYMLINK_INSTALL=1 -DCMAKE_INSTALL_PREFIX=/home/epriauto/ros2_ws/unilidar_l1/unitree_lidar_pointlio/install/point_lio
[7.370s] DEBUG:colcon.colcon_core.event_handler.log_command:Invoking command in '/home/epriauto/ros2_ws/unilidar_l1/unitree_lidar_pointlio/build/point_lio': CMAKE_PREFIX_PATH=/opt/ros/humble /usr/bin/cmake --build /home/epriauto/ros2_ws/unilidar_l1/unitree_lidar_pointlio/build/point_lio -- -j6 -l6
[111.816s] DEBUG:colcon.colcon_core.event_handler.log_command:Invoked command in '/home/epriauto/ros2_ws/unilidar_l1/unitree_lidar_pointlio/build/point_lio' returned '0': CMAKE_PREFIX_PATH=/opt/ros/humble /usr/bin/cmake --build /home/epriauto/ros2_ws/unilidar_l1/unitree_lidar_pointlio/build/point_lio -- -j6 -l6
[111.839s] DEBUG:colcon.colcon_core.event_handler.log_command:Invoking command in '/home/epriauto/ros2_ws/unilidar_l1/unitree_lidar_pointlio/build/point_lio': CMAKE_PREFIX_PATH=/opt/ros/humble /usr/bin/cmake --install /home/epriauto/ros2_ws/unilidar_l1/unitree_lidar_pointlio/build/point_lio
[112.244s] Level 1:colcon.colcon_core.environment:create_environment_scripts_only(point_lio)
[112.246s] DEBUG:colcon.colcon_core.event_handler.log_command:Invoked command in '/home/epriauto/ros2_ws/unilidar_l1/unitree_lidar_pointlio/build/point_lio' returned '0': CMAKE_PREFIX_PATH=/opt/ros/humble /usr/bin/cmake --install /home/epriauto/ros2_ws/unilidar_l1/unitree_lidar_pointlio/build/point_lio
[112.254s] Level 1:colcon.colcon_core.environment:checking '/home/epriauto/ros2_ws/unilidar_l1/unitree_lidar_pointlio/install/point_lio' for CMake module files
[112.256s] Level 1:colcon.colcon_core.environment:checking '/home/epriauto/ros2_ws/unilidar_l1/unitree_lidar_pointlio/install/point_lio' for CMake config files
[112.257s] Level 1:colcon.colcon_core.shell:create_environment_hook('point_lio', 'cmake_prefix_path')
[112.258s] INFO:colcon.colcon_core.shell:Creating environment hook '/home/epriauto/ros2_ws/unilidar_l1/unitree_lidar_pointlio/install/point_lio/share/point_lio/hook/cmake_prefix_path.ps1'
[112.260s] INFO:colcon.colcon_core.shell:Creating environment descriptor '/home/epriauto/ros2_ws/unilidar_l1/unitree_lidar_pointlio/install/point_lio/share/point_lio/hook/cmake_prefix_path.dsv'
[112.261s] INFO:colcon.colcon_core.shell:Creating environment hook '/home/epriauto/ros2_ws/unilidar_l1/unitree_lidar_pointlio/install/point_lio/share/point_lio/hook/cmake_prefix_path.sh'
[112.263s] Level 1:colcon.colcon_core.environment:checking '/home/epriauto/ros2_ws/unilidar_l1/unitree_lidar_pointlio/install/point_lio/lib'
[112.264s] Level 1:colcon.colcon_core.environment:checking '/home/epriauto/ros2_ws/unilidar_l1/unitree_lidar_pointlio/install/point_lio/bin'
[112.264s] Level 1:colcon.colcon_core.environment:checking '/home/epriauto/ros2_ws/unilidar_l1/unitree_lidar_pointlio/install/point_lio/lib/pkgconfig/point_lio.pc'
[112.264s] Level 1:colcon.colcon_core.environment:checking '/home/epriauto/ros2_ws/unilidar_l1/unitree_lidar_pointlio/install/point_lio/lib/python3.10/site-packages'
[112.265s] Level 1:colcon.colcon_core.environment:checking '/home/epriauto/ros2_ws/unilidar_l1/unitree_lidar_pointlio/install/point_lio/bin'
[112.265s] INFO:colcon.colcon_core.shell:Creating package script '/home/epriauto/ros2_ws/unilidar_l1/unitree_lidar_pointlio/install/point_lio/share/point_lio/package.ps1'
[112.267s] INFO:colcon.colcon_core.shell:Creating package descriptor '/home/epriauto/ros2_ws/unilidar_l1/unitree_lidar_pointlio/install/point_lio/share/point_lio/package.dsv'
[112.269s] INFO:colcon.colcon_core.shell:Creating package script '/home/epriauto/ros2_ws/unilidar_l1/unitree_lidar_pointlio/install/point_lio/share/point_lio/package.sh'
[112.272s] INFO:colcon.colcon_core.shell:Creating package script '/home/epriauto/ros2_ws/unilidar_l1/unitree_lidar_pointlio/install/point_lio/share/point_lio/package.bash'
[112.275s] INFO:colcon.colcon_core.shell:Creating package script '/home/epriauto/ros2_ws/unilidar_l1/unitree_lidar_pointlio/install/point_lio/share/point_lio/package.zsh'
[112.278s] Level 1:colcon.colcon_core.environment:create_file_with_runtime_dependencies(/home/epriauto/ros2_ws/unilidar_l1/unitree_lidar_pointlio/install/point_lio/share/colcon-core/packages/point_lio)
[112.279s] Level 1:colcon.colcon_core.environment:create_environment_scripts_only(point_lio)
[112.280s] Level 1:colcon.colcon_core.environment:checking '/home/epriauto/ros2_ws/unilidar_l1/unitree_lidar_pointlio/install/point_lio' for CMake module files
[112.281s] Level 1:colcon.colcon_core.environment:checking '/home/epriauto/ros2_ws/unilidar_l1/unitree_lidar_pointlio/install/point_lio' for CMake config files
[112.281s] Level 1:colcon.colcon_core.shell:create_environment_hook('point_lio', 'cmake_prefix_path')
[112.282s] INFO:colcon.colcon_core.shell:Creating environment hook '/home/epriauto/ros2_ws/unilidar_l1/unitree_lidar_pointlio/install/point_lio/share/point_lio/hook/cmake_prefix_path.ps1'
[112.283s] INFO:colcon.colcon_core.shell:Creating environment descriptor '/home/epriauto/ros2_ws/unilidar_l1/unitree_lidar_pointlio/install/point_lio/share/point_lio/hook/cmake_prefix_path.dsv'
[112.285s] INFO:colcon.colcon_core.shell:Creating environment hook '/home/epriauto/ros2_ws/unilidar_l1/unitree_lidar_pointlio/install/point_lio/share/point_lio/hook/cmake_prefix_path.sh'
[112.287s] Level 1:colcon.colcon_core.environment:checking '/home/epriauto/ros2_ws/unilidar_l1/unitree_lidar_pointlio/install/point_lio/lib'
[112.287s] Level 1:colcon.colcon_core.environment:checking '/home/epriauto/ros2_ws/unilidar_l1/unitree_lidar_pointlio/install/point_lio/bin'
[112.287s] Level 1:colcon.colcon_core.environment:checking '/home/epriauto/ros2_ws/unilidar_l1/unitree_lidar_pointlio/install/point_lio/lib/pkgconfig/point_lio.pc'
[112.288s] Level 1:colcon.colcon_core.environment:checking '/home/epriauto/ros2_ws/unilidar_l1/unitree_lidar_pointlio/install/point_lio/lib/python3.10/site-packages'
[112.289s] Level 1:colcon.colcon_core.environment:checking '/home/epriauto/ros2_ws/unilidar_l1/unitree_lidar_pointlio/install/point_lio/bin'
[112.290s] INFO:colcon.colcon_core.shell:Creating package script '/home/epriauto/ros2_ws/unilidar_l1/unitree_lidar_pointlio/install/point_lio/share/point_lio/package.ps1'
[112.292s] INFO:colcon.colcon_core.shell:Creating package descriptor '/home/epriauto/ros2_ws/unilidar_l1/unitree_lidar_pointlio/install/point_lio/share/point_lio/package.dsv'
[112.293s] INFO:colcon.colcon_core.shell:Creating package script '/home/epriauto/ros2_ws/unilidar_l1/unitree_lidar_pointlio/install/point_lio/share/point_lio/package.sh'
[112.295s] INFO:colcon.colcon_core.shell:Creating package script '/home/epriauto/ros2_ws/unilidar_l1/unitree_lidar_pointlio/install/point_lio/share/point_lio/package.bash'
[112.296s] INFO:colcon.colcon_core.shell:Creating package script '/home/epriauto/ros2_ws/unilidar_l1/unitree_lidar_pointlio/install/point_lio/share/point_lio/package.zsh'
[112.297s] Level 1:colcon.colcon_core.environment:create_file_with_runtime_dependencies(/home/epriauto/ros2_ws/unilidar_l1/unitree_lidar_pointlio/install/point_lio/share/colcon-core/packages/point_lio)
[112.298s] DEBUG:colcon.colcon_parallel_executor.executor.parallel:closing loop
[112.299s] DEBUG:colcon.colcon_parallel_executor.executor.parallel:loop closed
[112.299s] DEBUG:colcon.colcon_parallel_executor.executor.parallel:run_until_complete finished with '0'
[112.299s] DEBUG:colcon.colcon_core.event_reactor:joining thread
[112.312s] INFO:colcon.colcon_core.plugin_system:Skipping extension 'colcon_notification.desktop_notification.terminal_notifier': Not used on non-Darwin systems
[112.313s] INFO:colcon.colcon_core.plugin_system:Skipping extension 'colcon_notification.desktop_notification.win32': Not used on non-Windows systems
[112.313s] INFO:colcon.colcon_notification.desktop_notification:Sending desktop notification using 'notify2'
[112.357s] DEBUG:colcon.colcon_core.event_reactor:joined thread
[112.358s] INFO:colcon.colcon_core.shell:Creating prefix script '/home/epriauto/ros2_ws/unilidar_l1/unitree_lidar_pointlio/install/local_setup.ps1'
[112.361s] INFO:colcon.colcon_core.shell:Creating prefix util module '/home/epriauto/ros2_ws/unilidar_l1/unitree_lidar_pointlio/install/_local_setup_util_ps1.py'
[112.365s] INFO:colcon.colcon_core.shell:Creating prefix chain script '/home/epriauto/ros2_ws/unilidar_l1/unitree_lidar_pointlio/install/setup.ps1'
[112.367s] INFO:colcon.colcon_core.shell:Creating prefix script '/home/epriauto/ros2_ws/unilidar_l1/unitree_lidar_pointlio/install/local_setup.sh'
[112.368s] INFO:colcon.colcon_core.shell:Creating prefix util module '/home/epriauto/ros2_ws/unilidar_l1/unitree_lidar_pointlio/install/_local_setup_util_sh.py'
[112.370s] INFO:colcon.colcon_core.shell:Creating prefix chain script '/home/epriauto/ros2_ws/unilidar_l1/unitree_lidar_pointlio/install/setup.sh'
[112.372s] INFO:colcon.colcon_core.shell:Creating prefix script '/home/epriauto/ros2_ws/unilidar_l1/unitree_lidar_pointlio/install/local_setup.bash'
[112.373s] INFO:colcon.colcon_core.shell:Creating prefix chain script '/home/epriauto/ros2_ws/unilidar_l1/unitree_lidar_pointlio/install/setup.bash'
[112.375s] INFO:colcon.colcon_core.shell:Creating prefix script '/home/epriauto/ros2_ws/unilidar_l1/unitree_lidar_pointlio/install/local_setup.zsh'
[112.376s] INFO:colcon.colcon_core.shell:Creating prefix chain script '/home/epriauto/ros2_ws/unilidar_l1/unitree_lidar_pointlio/install/setup.zsh'
