[0.017s] Invoking command in '/home/epriauto/ros2_ws/unilidar_l1/unitree_lidar_pointlio/build/point_lio': CMAKE_PREFIX_PATH=/opt/ros/humble /usr/bin/cmake --build /home/epriauto/ros2_ws/unilidar_l1/unitree_lidar_pointlio/build/point_lio -- -j6 -l6
[0.162s] [100%] Built target pointlio_mapping
[0.185s] Invoked command in '/home/epriauto/ros2_ws/unilidar_l1/unitree_lidar_pointlio/build/point_lio' returned '0': CMAKE_PREFIX_PATH=/opt/ros/humble /usr/bin/cmake --build /home/epriauto/ros2_ws/unilidar_l1/unitree_lidar_pointlio/build/point_lio -- -j6 -l6
[0.204s] Invoking command in '/home/epriauto/ros2_ws/unilidar_l1/unitree_lidar_pointlio/build/point_lio': CMAKE_PREFIX_PATH=/opt/ros/humble /usr/bin/cmake --install /home/epriauto/ros2_ws/unilidar_l1/unitree_lidar_pointlio/build/point_lio
[0.220s] -- Install configuration: ""
[0.221s] -- Execute custom install script
[0.221s] -- Up-to-date symlink: /home/epriauto/ros2_ws/unilidar_l1/unitree_lidar_pointlio/install/point_lio/lib/point_lio/pointlio_mapping
[0.222s] -- Up-to-date symlink: /home/epriauto/ros2_ws/unilidar_l1/unitree_lidar_pointlio/install/point_lio/share/point_lio/config/unilidar_l1.yaml
[0.222s] -- Up-to-date symlink: /home/epriauto/ros2_ws/unilidar_l1/unitree_lidar_pointlio/install/point_lio/share/point_lio/launch/correct_odom_unilidar_l1.launch.py
[0.223s] -- Up-to-date symlink: /home/epriauto/ros2_ws/unilidar_l1/unitree_lidar_pointlio/install/point_lio/share/point_lio/launch/mapping_unilidar_l1.launch.py
[0.223s] -- Up-to-date symlink: /home/epriauto/ros2_ws/unilidar_l1/unitree_lidar_pointlio/install/point_lio/share/point_lio/rviz_cfg/loam_livox.rviz
[0.223s] -- Up-to-date symlink: /home/epriauto/ros2_ws/unilidar_l1/unitree_lidar_pointlio/install/point_lio/share/ament_index/resource_index/package_run_dependencies/point_lio
[0.223s] -- Up-to-date symlink: /home/epriauto/ros2_ws/unilidar_l1/unitree_lidar_pointlio/install/point_lio/share/ament_index/resource_index/parent_prefix_path/point_lio
[0.224s] -- Up-to-date symlink: /home/epriauto/ros2_ws/unilidar_l1/unitree_lidar_pointlio/install/point_lio/share/point_lio/environment/ament_prefix_path.sh
[0.224s] -- Up-to-date symlink: /home/epriauto/ros2_ws/unilidar_l1/unitree_lidar_pointlio/install/point_lio/share/point_lio/environment/ament_prefix_path.dsv
[0.224s] -- Up-to-date symlink: /home/epriauto/ros2_ws/unilidar_l1/unitree_lidar_pointlio/install/point_lio/share/point_lio/environment/path.sh
[0.225s] -- Up-to-date symlink: /home/epriauto/ros2_ws/unilidar_l1/unitree_lidar_pointlio/install/point_lio/share/point_lio/environment/path.dsv
[0.225s] -- Up-to-date symlink: /home/epriauto/ros2_ws/unilidar_l1/unitree_lidar_pointlio/install/point_lio/share/point_lio/local_setup.bash
[0.225s] -- Up-to-date symlink: /home/epriauto/ros2_ws/unilidar_l1/unitree_lidar_pointlio/install/point_lio/share/point_lio/local_setup.sh
[0.226s] -- Up-to-date symlink: /home/epriauto/ros2_ws/unilidar_l1/unitree_lidar_pointlio/install/point_lio/share/point_lio/local_setup.zsh
[0.226s] -- Up-to-date symlink: /home/epriauto/ros2_ws/unilidar_l1/unitree_lidar_pointlio/install/point_lio/share/point_lio/local_setup.dsv
[0.226s] -- Symlinking: /home/epriauto/ros2_ws/unilidar_l1/unitree_lidar_pointlio/install/point_lio/share/point_lio/package.dsv
[0.244s] -- Up-to-date symlink: /home/epriauto/ros2_ws/unilidar_l1/unitree_lidar_pointlio/install/point_lio/share/ament_index/resource_index/packages/point_lio
[0.244s] -- Up-to-date symlink: /home/epriauto/ros2_ws/unilidar_l1/unitree_lidar_pointlio/install/point_lio/share/point_lio/cmake/ament_cmake_export_dependencies-extras.cmake
[0.244s] -- Up-to-date symlink: /home/epriauto/ros2_ws/unilidar_l1/unitree_lidar_pointlio/install/point_lio/share/point_lio/cmake/point_lioConfig.cmake
[0.244s] -- Up-to-date symlink: /home/epriauto/ros2_ws/unilidar_l1/unitree_lidar_pointlio/install/point_lio/share/point_lio/cmake/point_lioConfig-version.cmake
[0.244s] -- Up-to-date symlink: /home/epriauto/ros2_ws/unilidar_l1/unitree_lidar_pointlio/install/point_lio/share/point_lio/package.xml
[0.249s] Invoked command in '/home/epriauto/ros2_ws/unilidar_l1/unitree_lidar_pointlio/build/point_lio' returned '0': CMAKE_PREFIX_PATH=/opt/ros/humble /usr/bin/cmake --install /home/epriauto/ros2_ws/unilidar_l1/unitree_lidar_pointlio/build/point_lio
