[0.015s] Invoking command in '/home/epriauto/ros2_ws/unilidar_l1/unitree_lidar_pointlio/build/point_lio': CMAKE_PREFIX_PATH=/opt/ros/humble /usr/bin/cmake /home/epriauto/ros2_ws/unilidar_l1/unitree_lidar_pointlio/src/point_lio_ros2 -DAMENT_CMAKE_SYMLINK_INSTALL=1 -DCMAKE_INSTALL_PREFIX=/home/epriauto/ros2_ws/unilidar_l1/unitree_lidar_pointlio/install/point_lio
[0.113s] -- The C compiler identification is GNU 11.4.0
[0.224s] -- The CXX compiler identification is GNU 11.4.0
[0.243s] -- Detecting C compiler ABI info
[0.384s] -- Detecting C compiler ABI info - done
[0.409s] -- Check for working C compiler: /usr/bin/cc - skipped
[0.410s] -- Detecting C compile features
[0.411s] -- Detecting C compile features - done
[0.422s] -- Detecting CXX compiler ABI info
[0.572s] -- Detecting CXX compiler ABI info - done
[0.598s] -- Check for working CXX compiler: /usr/bin/c++ - skipped
[0.599s] -- Detecting CXX compile features
[0.600s] -- Detecting CXX compile features - done
[0.602s] -- Current CPU architecture: aarch64
[0.608s] -- Found ament_cmake: 1.3.11 (/opt/ros/humble/share/ament_cmake/cmake)
[0.919s] -- Found Python3: /usr/bin/python3 (found version "3.10.12") found components: Interpreter 
[1.047s] -- Override CMake install command with custom implementation using symlinks instead of copying resources
[1.117s] -- Found rclcpp: 16.0.11 (/opt/ros/humble/share/rclcpp/cmake)
[1.200s] -- Found rosidl_generator_c: 3.1.6 (/opt/ros/humble/share/rosidl_generator_c/cmake)
[1.206s] -- Found rosidl_adapter: 3.1.6 (/opt/ros/humble/share/rosidl_adapter/cmake)
[1.218s] -- Found rosidl_generator_cpp: 3.1.6 (/opt/ros/humble/share/rosidl_generator_cpp/cmake)
[1.236s] -- Using all available rosidl_typesupport_c: rosidl_typesupport_fastrtps_c;rosidl_typesupport_introspection_c
[1.260s] -- Using all available rosidl_typesupport_cpp: rosidl_typesupport_fastrtps_cpp;rosidl_typesupport_introspection_cpp
[1.324s] -- Found rmw_implementation_cmake: 6.1.2 (/opt/ros/humble/share/rmw_implementation_cmake/cmake)
[1.327s] -- Found rmw_fastrtps_cpp: 6.2.7 (/opt/ros/humble/share/rmw_fastrtps_cpp/cmake)
[1.457s] -- Found OpenSSL: /usr/lib/aarch64-linux-gnu/libcrypto.so (found version "3.0.2")  
[1.508s] -- Found FastRTPS: /opt/ros/humble/include  
[1.579s] -- Using RMW implementation 'rmw_fastrtps_cpp' as default
[1.593s] -- Looking for pthread.h
[1.737s] -- Looking for pthread.h - found
[1.738s] -- Performing Test CMAKE_HAVE_LIBC_PTHREAD
[1.869s] -- Performing Test CMAKE_HAVE_LIBC_PTHREAD - Success
[1.871s] -- Found Threads: TRUE  
[1.960s] -- Found rclpy: 3.3.15 (/opt/ros/humble/share/rclpy/cmake)
[1.962s] -- Found geometry_msgs: 4.2.4 (/opt/ros/humble/share/geometry_msgs/cmake)
[1.984s] -- Found nav_msgs: 4.2.4 (/opt/ros/humble/share/nav_msgs/cmake)
[2.016s] -- Found sensor_msgs: 4.2.4 (/opt/ros/humble/share/sensor_msgs/cmake)
[2.045s] -- Found pcl_ros: 2.4.5 (/opt/ros/humble/share/pcl_ros/cmake)
[2.111s] -- Checking for module 'eigen3'
[2.127s] --   Found eigen3, version 3.4.0
[2.177s] -- Found Eigen: /usr/include/eigen3 (Required is at least version "3.1") 
[2.178s] -- Eigen found (include: /usr/include/eigen3, version: 3.4.0)
[2.235s] -- Checking for module 'flann'
[2.256s] --   Found flann, version 1.9.1
[2.328s] -- Found FLANN: /usr/lib/aarch64-linux-gnu/libflann_cpp.so  
[2.328s] -- FLANN found (include: /usr/include, lib: /usr/lib/aarch64-linux-gnu/libflann_cpp.so)
[4.231s] -- Checking for module 'libusb-1.0'
[4.264s] --   Found libusb-1.0, version 1.0.25
[4.342s] -- Found libusb: /usr/lib/aarch64-linux-gnu/libusb-1.0.so  
[4.345s] -- OpenNI found (version: 1.5.4.0, include: /usr/include/ni, lib: /usr/lib/libOpenNI.so;libusb::libusb)
[4.465s] -- OpenNI2 found (version: 2.2.0.33, include: /usr/include/openni2, lib: /usr/lib/aarch64-linux-gnu/libOpenNI2.so;libusb::libusb)
[4.740s] -- Eigen found (include: /usr/include/eigen3, version: 3.4.0)
[4.753s] -- OpenNI found (version: 1.5.4.0, include: /usr/include/ni, lib: /usr/lib/libOpenNI.so;libusb::libusb)
[4.763s] -- OpenNI2 found (version: 2.2.0.33, include: /usr/include/openni2, lib: /usr/lib/aarch64-linux-gnu/libOpenNI2.so;libusb::libusb)
[4.993s] -- Found Qhull version 8.0.2
[5.235s] -- OpenNI found (version: 1.5.4.0, include: /usr/include/ni, lib: /usr/lib/libOpenNI.so;libusb::libusb)
[5.470s] -- Found PCL_COMMON: /usr/lib/aarch64-linux-gnu/libpcl_common.so  
[5.471s] -- Found PCL_KDTREE: /usr/lib/aarch64-linux-gnu/libpcl_kdtree.so  
[5.473s] -- Found PCL_OCTREE: /usr/lib/aarch64-linux-gnu/libpcl_octree.so  
[5.475s] -- Found PCL_SEARCH: /usr/lib/aarch64-linux-gnu/libpcl_search.so  
[5.476s] -- Found PCL_SAMPLE_CONSENSUS: /usr/lib/aarch64-linux-gnu/libpcl_sample_consensus.so  
[5.478s] -- Found PCL_FILTERS: /usr/lib/aarch64-linux-gnu/libpcl_filters.so  
[5.478s] -- Found PCL_2D: /usr/include/pcl-1.12  
[5.479s] -- Found PCL_GEOMETRY: /usr/include/pcl-1.12  
[5.481s] -- Found PCL_IO: /usr/lib/aarch64-linux-gnu/libpcl_io.so  
[5.483s] -- Found PCL_FEATURES: /usr/lib/aarch64-linux-gnu/libpcl_features.so  
[5.484s] -- Found PCL_ML: /usr/lib/aarch64-linux-gnu/libpcl_ml.so  
[5.486s] -- Found PCL_SEGMENTATION: /usr/lib/aarch64-linux-gnu/libpcl_segmentation.so  
[5.488s] -- Found PCL_VISUALIZATION: /usr/lib/aarch64-linux-gnu/libpcl_visualization.so  
[5.489s] -- Found PCL_SURFACE: /usr/lib/aarch64-linux-gnu/libpcl_surface.so  
[5.491s] -- Found PCL_REGISTRATION: /usr/lib/aarch64-linux-gnu/libpcl_registration.so  
[5.492s] -- Found PCL_KEYPOINTS: /usr/lib/aarch64-linux-gnu/libpcl_keypoints.so  
[5.494s] -- Found PCL_TRACKING: /usr/lib/aarch64-linux-gnu/libpcl_tracking.so  
[5.496s] -- Found PCL_RECOGNITION: /usr/lib/aarch64-linux-gnu/libpcl_recognition.so  
[5.497s] -- Found PCL_STEREO: /usr/lib/aarch64-linux-gnu/libpcl_stereo.so  
[5.499s] -- Found PCL_APPS: /usr/lib/aarch64-linux-gnu/libpcl_apps.so  
[5.501s] -- Found PCL_IN_HAND_SCANNER: /usr/include/pcl-1.12  
[5.501s] -- Found PCL_MODELER: /usr/include/pcl-1.12  
[5.502s] -- Found PCL_POINT_CLOUD_EDITOR: /usr/include/pcl-1.12  
[5.503s] -- Found PCL_OUTOFCORE: /usr/lib/aarch64-linux-gnu/libpcl_outofcore.so  
[5.505s] -- Found PCL_PEOPLE: /usr/lib/aarch64-linux-gnu/libpcl_people.so  
[5.565s] -- Found eigen3_cmake_module: 0.1.1 (/opt/ros/humble/share/eigen3_cmake_module/cmake)
[5.568s] -- Found Eigen3: TRUE (found version "3.4.0") 
[5.568s] -- Ensuring Eigen3 include directory is part of orocos-kdl CMake target
[5.729s] -- Found visualization_msgs: 4.2.4 (/opt/ros/humble/share/visualization_msgs/cmake)
[6.474s] -- Found PythonLibs: /usr/lib/aarch64-linux-gnu/libpython3.10.so (found version "3.10.12") 
[6.651s] -- Configuring done
[6.754s] -- Generating done
[6.780s] -- Build files have been written to: /home/epriauto/ros2_ws/unilidar_l1/unitree_lidar_pointlio/build/point_lio
[6.826s] Invoked command in '/home/epriauto/ros2_ws/unilidar_l1/unitree_lidar_pointlio/build/point_lio' returned '0': CMAKE_PREFIX_PATH=/opt/ros/humble /usr/bin/cmake /home/epriauto/ros2_ws/unilidar_l1/unitree_lidar_pointlio/src/point_lio_ros2 -DAMENT_CMAKE_SYMLINK_INSTALL=1 -DCMAKE_INSTALL_PREFIX=/home/epriauto/ros2_ws/unilidar_l1/unitree_lidar_pointlio/install/point_lio
[6.832s] Invoking command in '/home/epriauto/ros2_ws/unilidar_l1/unitree_lidar_pointlio/build/point_lio': CMAKE_PREFIX_PATH=/opt/ros/humble /usr/bin/cmake --build /home/epriauto/ros2_ws/unilidar_l1/unitree_lidar_pointlio/build/point_lio -- -j6 -l6
[6.935s] [ 50%] [32mBuilding CXX object CMakeFiles/pointlio_mapping.dir/include/ikd-Tree/ikd_Tree.cpp.o[0m
[6.935s] [ 50%] [32mBuilding CXX object CMakeFiles/pointlio_mapping.dir/src/Estimator.cpp.o[0m
[6.935s] [ 50%] [32mBuilding CXX object CMakeFiles/pointlio_mapping.dir/src/laserMapping.cpp.o[0m
[6.936s] [ 83%] [32mBuilding CXX object CMakeFiles/pointlio_mapping.dir/src/preprocess.cpp.o[0m
[6.936s] [ 83%] [32mBuilding CXX object CMakeFiles/pointlio_mapping.dir/src/parameters.cpp.o[0m
[28.016s] In file included from [01m[K/home/epriauto/ros2_ws/unilidar_l1/unitree_lidar_pointlio/src/point_lio_ros2/include/../include/IKFoM/IKFoM_toolkit/esekfom/../mtk/types/SOn.hpp:83[m[K,
[28.016s]                  from [01m[K/home/epriauto/ros2_ws/unilidar_l1/unitree_lidar_pointlio/src/point_lio_ros2/include/../include/IKFoM/IKFoM_toolkit/esekfom/esekfom.hpp:50[m[K,
[28.017s]                  from [01m[K/home/epriauto/ros2_ws/unilidar_l1/unitree_lidar_pointlio/src/point_lio_ros2/src/Estimator.h:4[m[K,
[28.017s]                  from [01m[K/home/epriauto/ros2_ws/unilidar_l1/unitree_lidar_pointlio/src/point_lio_ros2/src/Estimator.cpp:2[m[K:
[28.017s] /home/epriauto/ros2_ws/unilidar_l1/unitree_lidar_pointlio/src/point_lio_ros2/include/../include/IKFoM/IKFoM_toolkit/esekfom/../mtk/types/../src/mtkmath.hpp: In instantiation of ‘[01m[Kstd::pair<_FIter, _FIter> MTK::cos_sinc_sqrt(const scalar&) [with scalar = double][m[K’:
[28.017s] [01m[K/home/epriauto/ros2_ws/unilidar_l1/unitree_lidar_pointlio/src/point_lio_ros2/include/../include/IKFoM/IKFoM_toolkit/esekfom/../mtk/types/../src/mtkmath.hpp:252:52:[m[K   required from ‘[01m[Kscalar MTK::exp(MTK::vectview<scalar, dim>, MTK::vectview<const scalar, dim>, const scalar&) [with scalar = double; int n = 3][m[K’
[28.017s] [01m[K/home/epriauto/ros2_ws/unilidar_l1/unitree_lidar_pointlio/src/point_lio_ros2/include/../include/IKFoM/IKFoM_toolkit/esekfom/../mtk/types/SOn.hpp:334:32:[m[K   required from ‘[01m[Kstatic MTK::SO3<_scalar, Options> MTK::SO3<_scalar, Options>::exp(const Eigen::Matrix<Type, 3, 1>&, MTK::SO3<_scalar, Options>::scalar) [with _scalar = double; int Options = 0; MTK::SO3<_scalar, Options>::scalar = double][m[K’
[28.017s] [01m[K/home/epriauto/ros2_ws/unilidar_l1/unitree_lidar_pointlio/src/point_lio_ros2/include/../include/IKFoM/IKFoM_toolkit/esekfom/../mtk/types/SOn.hpp:242:18:[m[K   required from ‘[01m[Kvoid MTK::SO3<_scalar, Options>::boxplus(MTK::vectview<const _scalar, MTK::SO3<_scalar, Options>::DOF>, MTK::SO3<_scalar, Options>::scalar) [with _scalar = double; int Options = 0; MTK::SO3<_scalar, Options>::scalar = double][m[K’
[28.018s] [01m[K/home/epriauto/ros2_ws/unilidar_l1/unitree_lidar_pointlio/src/point_lio_ros2/src/Estimator.h:38:1:[m[K   required from here
[28.018s] [01m[K/home/epriauto/ros2_ws/unilidar_l1/unitree_lidar_pointlio/src/point_lio_ros2/include/../include/IKFoM/IKFoM_toolkit/esekfom/../mtk/types/../src/mtkmath.hpp:143:27:[m[K [01;36m[Knote: [m[Kparameter passing for argument of type ‘[01m[Kstd::pair<double, double>[m[K’ when C++17 is enabled changed to match C++14 ]8;;https://gcc.gnu.org/gcc-10/changes.html#empty_basein GCC 10.1]8;;
[28.018s]   143 | std::pair<scalar, scalar> [01;36m[Kcos_sinc_sqrt[m[K(const scalar &x2){
[28.018s]       |                           [01;36m[K^~~~~~~~~~~~~[m[K
[32.499s] In file included from [01m[K/home/epriauto/ros2_ws/unilidar_l1/unitree_lidar_pointlio/src/point_lio_ros2/include/../include/IKFoM/IKFoM_toolkit/esekfom/../mtk/types/SOn.hpp:83[m[K,
[32.499s]                  from [01m[K/home/epriauto/ros2_ws/unilidar_l1/unitree_lidar_pointlio/src/point_lio_ros2/include/../include/IKFoM/IKFoM_toolkit/esekfom/esekfom.hpp:50[m[K,
[32.499s]                  from [01m[K/home/epriauto/ros2_ws/unilidar_l1/unitree_lidar_pointlio/src/point_lio_ros2/src/Estimator.h:4[m[K,
[32.499s]                  from [01m[K/home/epriauto/ros2_ws/unilidar_l1/unitree_lidar_pointlio/src/point_lio_ros2/src/laserMapping.cpp:27[m[K:
[32.499s] /home/epriauto/ros2_ws/unilidar_l1/unitree_lidar_pointlio/src/point_lio_ros2/include/../include/IKFoM/IKFoM_toolkit/esekfom/../mtk/types/../src/mtkmath.hpp: In instantiation of ‘[01m[Kstd::pair<_FIter, _FIter> MTK::cos_sinc_sqrt(const scalar&) [with scalar = double][m[K’:
[32.499s] [01m[K/home/epriauto/ros2_ws/unilidar_l1/unitree_lidar_pointlio/src/point_lio_ros2/include/../include/IKFoM/IKFoM_toolkit/esekfom/../mtk/types/../src/mtkmath.hpp:252:52:[m[K   required from ‘[01m[Kscalar MTK::exp(MTK::vectview<scalar, dim>, MTK::vectview<const scalar, dim>, const scalar&) [with scalar = double; int n = 3][m[K’
[32.500s] [01m[K/home/epriauto/ros2_ws/unilidar_l1/unitree_lidar_pointlio/src/point_lio_ros2/include/../include/IKFoM/IKFoM_toolkit/esekfom/esekfom.hpp:168:39:[m[K   required from ‘[01m[Kvoid esekfom::esekf<state, process_noise_dof, input, measurement, measurement_noise_dof>::predict(double&, esekfom::esekf<state, process_noise_dof, input, measurement, measurement_noise_dof>::processnoisecovariance&, const input&, bool, bool) [with state = state_output; int process_noise_dof = 30; input = input_ikfom; measurement = state_output; int measurement_noise_dof = 0; esekfom::esekf<state, process_noise_dof, input, measurement, measurement_noise_dof>::processnoisecovariance = Eigen::Matrix<double, 30, 30, 0, 30, 30>][m[K’
[32.500s] [01m[K/home/epriauto/ros2_ws/unilidar_l1/unitree_lidar_pointlio/src/point_lio_ros2/src/laserMapping.cpp:1004:46:[m[K   required from here
[32.500s] [01m[K/home/epriauto/ros2_ws/unilidar_l1/unitree_lidar_pointlio/src/point_lio_ros2/include/../include/IKFoM/IKFoM_toolkit/esekfom/../mtk/types/../src/mtkmath.hpp:143:27:[m[K [01;36m[Knote: [m[Kparameter passing for argument of type ‘[01m[Kstd::pair<double, double>[m[K’ when C++17 is enabled changed to match C++14 ]8;;https://gcc.gnu.org/gcc-10/changes.html#empty_basein GCC 10.1]8;;
[32.500s]   143 | std::pair<scalar, scalar> [01;36m[Kcos_sinc_sqrt[m[K(const scalar &x2){
[32.500s]       |                           [01;36m[K^~~~~~~~~~~~~[m[K
[108.080s] [100%] [32m[1mLinking CXX executable pointlio_mapping[0m
[110.174s] [100%] Built target pointlio_mapping
[110.222s] Invoked command in '/home/epriauto/ros2_ws/unilidar_l1/unitree_lidar_pointlio/build/point_lio' returned '0': CMAKE_PREFIX_PATH=/opt/ros/humble /usr/bin/cmake --build /home/epriauto/ros2_ws/unilidar_l1/unitree_lidar_pointlio/build/point_lio -- -j6 -l6
[110.259s] Invoking command in '/home/epriauto/ros2_ws/unilidar_l1/unitree_lidar_pointlio/build/point_lio': CMAKE_PREFIX_PATH=/opt/ros/humble /usr/bin/cmake --install /home/epriauto/ros2_ws/unilidar_l1/unitree_lidar_pointlio/build/point_lio
[110.275s] -- Install configuration: ""
[110.276s] -- Execute custom install script
[110.277s] -- Symlinking: /home/epriauto/ros2_ws/unilidar_l1/unitree_lidar_pointlio/install/point_lio/lib/point_lio/pointlio_mapping
[110.295s] -- Symlinking: /home/epriauto/ros2_ws/unilidar_l1/unitree_lidar_pointlio/install/point_lio/share/point_lio/config/avia.yaml
[110.312s] -- Symlinking: /home/epriauto/ros2_ws/unilidar_l1/unitree_lidar_pointlio/install/point_lio/share/point_lio/config/horizon.yaml
[110.330s] -- Symlinking: /home/epriauto/ros2_ws/unilidar_l1/unitree_lidar_pointlio/install/point_lio/share/point_lio/config/mid360.yaml
[110.349s] -- Symlinking: /home/epriauto/ros2_ws/unilidar_l1/unitree_lidar_pointlio/install/point_lio/share/point_lio/config/ouster64.yaml
[110.367s] -- Symlinking: /home/epriauto/ros2_ws/unilidar_l1/unitree_lidar_pointlio/install/point_lio/share/point_lio/config/unilidar_l1.yaml
[110.385s] -- Symlinking: /home/epriauto/ros2_ws/unilidar_l1/unitree_lidar_pointlio/install/point_lio/share/point_lio/config/unilidar_l2.yaml
[110.402s] -- Symlinking: /home/epriauto/ros2_ws/unilidar_l1/unitree_lidar_pointlio/install/point_lio/share/point_lio/config/velody16.yaml
[110.422s] -- Symlinking: /home/epriauto/ros2_ws/unilidar_l1/unitree_lidar_pointlio/install/point_lio/share/point_lio/launch/correct_odom_unilidar_l1.launch.py
[110.438s] -- Symlinking: /home/epriauto/ros2_ws/unilidar_l1/unitree_lidar_pointlio/install/point_lio/share/point_lio/launch/correct_odom_unilidar_l2.launch.py
[110.455s] -- Symlinking: /home/epriauto/ros2_ws/unilidar_l1/unitree_lidar_pointlio/install/point_lio/share/point_lio/launch/gdb_debug_example.launch.py
[110.473s] -- Symlinking: /home/epriauto/ros2_ws/unilidar_l1/unitree_lidar_pointlio/install/point_lio/share/point_lio/launch/mapping_avia.launch.py
[110.491s] -- Symlinking: /home/epriauto/ros2_ws/unilidar_l1/unitree_lidar_pointlio/install/point_lio/share/point_lio/launch/mapping_horizon.launch.py
[110.508s] -- Symlinking: /home/epriauto/ros2_ws/unilidar_l1/unitree_lidar_pointlio/install/point_lio/share/point_lio/launch/mapping_mid360.launch.py
[110.525s] -- Symlinking: /home/epriauto/ros2_ws/unilidar_l1/unitree_lidar_pointlio/install/point_lio/share/point_lio/launch/mapping_ouster64.launch.py
[110.541s] -- Symlinking: /home/epriauto/ros2_ws/unilidar_l1/unitree_lidar_pointlio/install/point_lio/share/point_lio/launch/mapping_unilidar_l1.launch.py
[110.559s] -- Symlinking: /home/epriauto/ros2_ws/unilidar_l1/unitree_lidar_pointlio/install/point_lio/share/point_lio/launch/mapping_unilidar_l2.launch.py
[110.577s] -- Symlinking: /home/epriauto/ros2_ws/unilidar_l1/unitree_lidar_pointlio/install/point_lio/share/point_lio/launch/mapping_velody16.launch.py
[110.597s] -- Symlinking: /home/epriauto/ros2_ws/unilidar_l1/unitree_lidar_pointlio/install/point_lio/share/point_lio/rviz_cfg/loam_livox.rviz
[110.614s] -- Symlinking: /home/epriauto/ros2_ws/unilidar_l1/unitree_lidar_pointlio/install/point_lio/share/ament_index/resource_index/package_run_dependencies/point_lio
[110.634s] -- Symlinking: /home/epriauto/ros2_ws/unilidar_l1/unitree_lidar_pointlio/install/point_lio/share/ament_index/resource_index/parent_prefix_path/point_lio
[110.652s] -- Symlinking: /home/epriauto/ros2_ws/unilidar_l1/unitree_lidar_pointlio/install/point_lio/share/point_lio/environment/ament_prefix_path.sh
[110.668s] -- Symlinking: /home/epriauto/ros2_ws/unilidar_l1/unitree_lidar_pointlio/install/point_lio/share/point_lio/environment/ament_prefix_path.dsv
[110.686s] -- Symlinking: /home/epriauto/ros2_ws/unilidar_l1/unitree_lidar_pointlio/install/point_lio/share/point_lio/environment/path.sh
[110.704s] -- Symlinking: /home/epriauto/ros2_ws/unilidar_l1/unitree_lidar_pointlio/install/point_lio/share/point_lio/environment/path.dsv
[110.722s] -- Symlinking: /home/epriauto/ros2_ws/unilidar_l1/unitree_lidar_pointlio/install/point_lio/share/point_lio/local_setup.bash
[110.742s] -- Symlinking: /home/epriauto/ros2_ws/unilidar_l1/unitree_lidar_pointlio/install/point_lio/share/point_lio/local_setup.sh
[110.760s] -- Symlinking: /home/epriauto/ros2_ws/unilidar_l1/unitree_lidar_pointlio/install/point_lio/share/point_lio/local_setup.zsh
[110.778s] -- Symlinking: /home/epriauto/ros2_ws/unilidar_l1/unitree_lidar_pointlio/install/point_lio/share/point_lio/local_setup.dsv
[110.796s] -- Symlinking: /home/epriauto/ros2_ws/unilidar_l1/unitree_lidar_pointlio/install/point_lio/share/point_lio/package.dsv
[110.814s] -- Symlinking: /home/epriauto/ros2_ws/unilidar_l1/unitree_lidar_pointlio/install/point_lio/share/ament_index/resource_index/packages/point_lio
[110.835s] -- Symlinking: /home/epriauto/ros2_ws/unilidar_l1/unitree_lidar_pointlio/install/point_lio/share/point_lio/cmake/ament_cmake_export_dependencies-extras.cmake
[110.854s] -- Symlinking: /home/epriauto/ros2_ws/unilidar_l1/unitree_lidar_pointlio/install/point_lio/share/point_lio/cmake/point_lioConfig.cmake
[110.871s] -- Symlinking: /home/epriauto/ros2_ws/unilidar_l1/unitree_lidar_pointlio/install/point_lio/share/point_lio/cmake/point_lioConfig-version.cmake
[110.889s] -- Symlinking: /home/epriauto/ros2_ws/unilidar_l1/unitree_lidar_pointlio/install/point_lio/share/point_lio/package.xml
[110.917s] Invoked command in '/home/epriauto/ros2_ws/unilidar_l1/unitree_lidar_pointlio/build/point_lio' returned '0': CMAKE_PREFIX_PATH=/opt/ros/humble /usr/bin/cmake --install /home/epriauto/ros2_ws/unilidar_l1/unitree_lidar_pointlio/build/point_lio
